[2015.11.14-10.00.34:500][  0]Log file open, 11/14/15 11:00:34
[2015.11.14-10.00.34:500][  0]LogInit:Display: Running engine for game: GrandmaAndPooppy
[2015.11.14-10.00.34:500][  0]LogPlatformFile: Not using cached read wrapper
[2015.11.14-10.00.34:500][  0]LogInit:Display: RandInit(814478396) SRandInit(814478397).
[2015.11.14-10.00.34:500][  0]LogTaskGraph: Started task graph with 4 named threads and 5 total threads.
[2015.11.14-10.00.34:500][  0]LogStats: Stats thread started at 0.063824
[2015.11.14-10.00.34:500][  0]LogInit: Version: 4.10.0-2758231+++depot+UE4-Releases+4.10
[2015.11.14-10.00.34:500][  0]LogInit: API Version: 2758231
[2015.11.14-10.00.34:500][  0]LogInit: Compiled (64-bit): Nov  7 2015 05:13:45
[2015.11.14-10.00.34:500][  0]LogInit: Compiled with Visual C++: 19.00.23026.00
[2015.11.14-10.00.34:500][  0]LogInit: Build Configuration: Development
[2015.11.14-10.00.34:500][  0]LogInit: Branch Name: ++depot+UE4-Releases+4.10
[2015.11.14-10.00.34:500][  0]LogInit: Command line:  
[2015.11.14-10.00.34:500][  0]LogInit: Base directory: C:/Logiciels/Epic Games/4.10/Engine/Binaries/Win64/
[2015.11.14-10.00.34:500][  0]LogInit: Rocket: 1
[2015.11.14-10.00.34:508][  0]LogInit: Using libcurl 7.41.0
[2015.11.14-10.00.34:508][  0]LogInit:  - built for x86_64-pc-win32
[2015.11.14-10.00.34:508][  0]LogInit:  - supports SSL with WinSSL
[2015.11.14-10.00.34:508][  0]LogInit:  - other features:
[2015.11.14-10.00.34:508][  0]LogInit:      CURL_VERSION_SSL
[2015.11.14-10.00.34:508][  0]LogInit:      CURL_VERSION_IPV6
[2015.11.14-10.00.34:508][  0]LogInit:      CURL_VERSION_ASYNCHDNS
[2015.11.14-10.00.34:508][  0]LogInit:      CURL_VERSION_LARGEFILE
[2015.11.14-10.00.34:508][  0]LogInit:      CURL_VERSION_IDN
[2015.11.14-10.00.34:508][  0]LogInit:  CurlRequestOptions (configurable via config and command line):
[2015.11.14-10.00.34:508][  0]LogInit:  - bVerifyPeer = true  - Libcurl will verify peer certificate
[2015.11.14-10.00.34:508][  0]LogInit:  - bUseHttpProxy = false  - Libcurl will NOT use HTTP proxy
[2015.11.14-10.00.34:508][  0]LogInit:  - bDontReuseConnections = false  - Libcurl will reuse connections
[2015.11.14-10.00.34:508][  0]LogInit:  - CertBundlePath = nullptr  - Libcurl will use whatever was configured at build time.
[2015.11.14-10.00.34:517][  0]LogInit: Presizing for 0 objects not considered by GC, pre-allocating 0 bytes.
[2015.11.14-10.00.34:526][  0]LogInit: Object subsystem initialized
[2015.11.14-10.00.34:527][  0]LogInit: Selected Device Profile: [Windows]
[2015.11.14-10.00.34:527][  0]LogInit: Applying CVar settings loaded from the selected device profile: [Windows]
[2015.11.14-10.00.34:547][  0]LogInit: Computer: LASALAMANDRE
[2015.11.14-10.00.34:547][  0]LogInit: User: Julio
[2015.11.14-10.00.34:547][  0]LogInit: CPU Page size=4096, Cores=2
[2015.11.14-10.00.34:547][  0]LogInit: High frequency timer resolution =2.533349 MHz
[2015.11.14-10.00.34:547][  0]LogMemory: Memory total: Physical=7.9GB (8GB approx)
[2015.11.14-10.00.34:547][  0]LogMemory: Platform Memory Stats for Windows
[2015.11.14-10.00.34:547][  0]LogMemory: Process Physical Memory: 56.82 MB used, 56.82 MB peak
[2015.11.14-10.00.34:547][  0]LogMemory: Process Virtual Memory: 59.05 MB used, 59.05 MB peak
[2015.11.14-10.00.34:547][  0]LogMemory: Physical Memory: 2358.96 MB used, 8088.75 MB total
[2015.11.14-10.00.34:547][  0]LogMemory: Virtual Memory: 353.00 MB used, 8388608.00 MB total
[2015.11.14-10.00.34:653][  0]LogTextLocalizationManager: No translations for ('fr-FR') exist, falling back to 'en' for localization and internationalization data.
[2015.11.14-10.00.35:260][  0]LogD3D11RHI: Found D3D11 adapter 0: NVIDIA GeForce GTX 670MX (Feature Level 11_0)
[2015.11.14-10.00.35:260][  0]LogD3D11RHI: Adapter has 3009MB of dedicated video memory, 0MB of dedicated system memory, and 3788MB of shared system memory, 1 output[s]
[2015.11.14-10.00.35:281][  0]LogD3D11RHI: Found D3D11 adapter 1: NVIDIA GeForce GTX 670MX (Feature Level 11_0)
[2015.11.14-10.00.35:281][  0]LogD3D11RHI: Adapter has 3009MB of dedicated video memory, 0MB of dedicated system memory, and 3788MB of shared system memory, 0 output[s]
[2015.11.14-10.00.35:281][  0]LogD3D11RHI: Chosen D3D11 Adapter Id = 0
[2015.11.14-10.00.35:288][  0]LogD3D11RHI: !Direct3DDevice
[2015.11.14-10.00.35:288][  0]LogRHI: Texture pool is 1361 MB (70% of 1945 MB)
[2015.11.14-10.00.35:304][  0]LogD3D11RHI: Async texture creation enabled
[2015.11.14-10.00.35:318][  0]LogShaderCompilers: Guid format shader working directory is -26 characters bigger than the processId version (../../../../../../Users/Julio/Documents/Unreal Projects/GrandmaAndPooppy/Intermediate/Shaders/WorkingDirectory/6208/).
[2015.11.14-10.00.35:318][  0]LogShaderCompilers: Cleaned the shader compiler working directory 'C:/Users/Julio/AppData/Local/Temp/UnrealShaderWorkingDir/D560926E4F6FB1269580BB81F826D9FF/'.
[2015.11.14-10.00.35:318][  0]LogShaderCompilers:Display: Using Local Shader Compiler.
[2015.11.14-10.00.36:881][  0]LogTemp:Display: Loaded TP AllDesktopTargetPlatform
[2015.11.14-10.00.36:886][  0]LogTemp:Display: Loaded TP WindowsClientTargetPlatform
[2015.11.14-10.00.36:892][  0]LogTemp:Display: Loaded TP WindowsNoEditorTargetPlatform
[2015.11.14-10.00.36:897][  0]LogTemp:Display: Loaded TP WindowsServerTargetPlatform
[2015.11.14-10.00.36:902][  0]LogTemp:Display: Loaded TP WindowsTargetPlatform
[2015.11.14-10.00.36:908][  0]LogTemp:Display: Loaded TP AndroidTargetPlatform
[2015.11.14-10.00.36:912][  0]LogTemp:Display: Loaded TP Android_ASTCTargetPlatform
[2015.11.14-10.00.36:915][  0]LogTemp:Display: Loaded TP Android_ATCTargetPlatform
[2015.11.14-10.00.36:919][  0]LogTemp:Display: Loaded TP Android_DXTTargetPlatform
[2015.11.14-10.00.36:922][  0]LogTemp:Display: Loaded TP Android_ETC1TargetPlatform
[2015.11.14-10.00.36:926][  0]LogTemp:Display: Loaded TP Android_ETC2TargetPlatform
[2015.11.14-10.00.36:933][  0]LogTemp:Display: Loaded TP Android_MultiTargetPlatform
[2015.11.14-10.00.36:933][  0]LogTemp:Display: Loaded TP Android_PVRTCTargetPlatform
[2015.11.14-10.00.36:934][  0]LogTemp:Display: Loaded TP HTML5TargetPlatform
[2015.11.14-10.00.36:955][  0]LogTemp:Display: Loaded TP IOSTargetPlatform
[2015.11.14-10.00.36:958][  0]LogTemp:Display: Loaded TP LinuxNoEditorTargetPlatform
[2015.11.14-10.00.36:961][  0]LogTemp:Display: Loaded TP LinuxServerTargetPlatform
[2015.11.14-10.00.36:966][  0]LogTemp:Display: Loaded TP LinuxTargetPlatform
[2015.11.14-10.00.36:966][  0]LogTargetPlatformManager:Display: Building Assets For Windows
[2015.11.14-10.00.37:071][  0]LogDerivedDataCache:Display: Max Cache Size: 512 MB
[2015.11.14-10.00.37:158][  0]LogDerivedDataCache: Loaded boot cache 0.09s 41MB C:/Users/Julio/AppData/Local/UnrealEngine/4.10/DerivedDataCache/Boot.ddc.
[2015.11.14-10.00.37:158][  0]LogDerivedDataCache:Display: Loaded Boot cache: C:/Users/Julio/AppData/Local/UnrealEngine/4.10/DerivedDataCache/Boot.ddc
[2015.11.14-10.00.37:158][  0]LogDerivedDataCache: FDerivedDataBackendGraph:  Pak pak cache file ../../../../../../Users/Julio/Documents/Unreal Projects/GrandmaAndPooppy/DerivedDataCache/DDC.ddp not found, will not use a pak cache.
[2015.11.14-10.00.37:158][  0]LogDerivedDataCache: Unable to find inner node Pak for hierarchical cache Hierarchy.
[2015.11.14-10.00.37:158][  0]LogDerivedDataCache: FDerivedDataBackendGraph:  CompressedPak pak cache file ../../../../../../Users/Julio/Documents/Unreal Projects/GrandmaAndPooppy/DerivedDataCache/Compressed.ddp not found, will not use a pak cache.
[2015.11.14-10.00.37:158][  0]LogDerivedDataCache: Unable to find inner node CompressedPak for hierarchical cache Hierarchy.
[2015.11.14-10.00.37:226][  0]LogDerivedDataCache:Display: Pak cache opened for reading ../../../Engine/DerivedDataCache/Compressed.ddp.
[2015.11.14-10.00.37:237][  0]LogDerivedDataCache: Using Local data cache path C:/Users/Julio/AppData/Local/UnrealEngine/Common/DerivedDataCache: Writable
[2015.11.14-10.00.38:518][  0]LogInit: Selected Device Profile: [Windows]
[2015.11.14-10.00.38:519][  0]LogContentStreaming: Texture pool size is 0.000000MB
[2015.11.14-10.00.38:559][  0]LogMeshUtilities: No automatic mesh reduction module available
[2015.11.14-10.00.38:559][  0]LogMeshUtilities: No automatic mesh merging module available
[2015.11.14-10.00.38:911][  0]LogInit: WinSock: version 1.1 (2.2), MaxSocks=32767, MaxUdp=65467
[2015.11.14-10.00.41:073][  0]UdpMessaging: Initializing bridge on interface 0.0.0.0:0 to multicast group 230.0.0.1:6666.
[2015.11.14-10.00.41:208][  0]LogAssetRegistry: FAssetRegistry took 0.0101 seconds to start up
[2015.11.14-10.00.41:395][  0]SourceControl: Info Source control is disabled
[2015.11.14-10.00.41:396][  0]SourceControl: Info Source control is disabled
[2015.11.14-10.00.41:407][  0]SourceControl: Info Source control is disabled
[2015.11.14-10.00.41:417][  0]SourceControl: Info Source control is disabled
[2015.11.14-10.00.41:688][  0]LogObj: 28633 objects as part of root set at end of initial load.
[2015.11.14-10.00.41:688][  0]LogUObjectAllocator: 6099744 out of 0 bytes used by permanent object pool.
[2015.11.14-10.00.41:754][  0]LogEngine: Initializing Engine...
[2015.11.14-10.00.41:757][  0]LogHMD: Can't find Oculus library dev build: is proper Runtime installed? Version: 0.8.0.0
[2015.11.14-10.00.41:768][  0]LogHMD: SteamVR failed to initialize.  Err: 110
[2015.11.14-10.00.41:904][  0]LogAIModule: Creating AISystem for world NewWorld
[2015.11.14-10.00.41:912][  0]LogInit: XAudio2 using 'Haut-parleurs (Périphérique High Definition Audio)' : 2 channels at 44.1 kHz using 16 bits per sample (channel mask 0x3)
[2015.11.14-10.00.41:933][  0]LogInit: FAudioDevice initialized.
[2015.11.14-10.00.41:955][  0]LogDerivedDataCache: Saved boot cache 0.02s 41MB C:/Users/Julio/AppData/Local/UnrealEngine/4.10/DerivedDataCache/Boot.ddc.
[2015.11.14-10.00.41:960][  0]LogInit: Texture streaming: Enabled
[2015.11.14-10.00.41:966][  0]LogAnalytics: Creating configured Analytics provider AnalyticsET
[2015.11.14-10.00.41:966][  0]LogAnalytics: [UEEditor.Rocket.Release] APIServer = http://et2.epicgames.com/ET2/. AppVersion = 4.10.0-2758231+++depot+UE4-Releases+4.10
[2015.11.14-10.00.41:966][  0]LogAnalytics: [UEEditor.Rocket.Release] SetUserId 7363a7de489977d2d6e8a5a849b15fd2|6c143e4a78834ca18f4c828388e83007|ed842e65-bf83-4705-912f-96b2489fe3ee
[2015.11.14-10.00.41:966][  0]LogAnalytics: [UEEditor.Rocket.Release] AnalyticsET::StartSession
[2015.11.14-10.00.41:996][  0]LogInit: Transaction tracking system initialized
[2015.11.14-10.00.42:034][  0]BlueprintLog: New page: Editor Load
[2015.11.14-10.00.42:143][  0]LocalizationService: Info Localization service is disabled
[2015.11.14-10.00.42:241][  0]LogConsoleResponse:Display: 
[2015.11.14-10.00.42:423][  0]LogCook:Display: Done creating registry. It took  0.00s.
[2015.11.14-10.00.42:524][  0]LogFileCache: Scanning file cache for directory 'C:/Users/Julio/Documents/Unreal Projects/GrandmaAndPooppy/Content/' took 0.01s
[2015.11.14-10.00.42:524][  0]SourceControl: Info Source control is disabled
[2015.11.14-10.00.42:524][  0]Cmd: MAP LOAD FILE="../../../../../../Users/Julio/Documents/Unreal Projects/GrandmaAndPooppy/Content/2DSideScrollerBP/Maps/2DSideScrollerExampleMap.umap" TEMPLATE=0 SHOWPROGRESS=1 FEATURELEVEL=3
[2015.11.14-10.00.42:525][  0]LogEditorServer:Warning: Can't find file '../../../../../../Users/Julio/Documents/Unreal Projects/GrandmaAndPooppy/Content/2DSideScrollerBP/Maps/2DSideScrollerExampleMap.umap'
[2015.11.14-10.00.42:525][  0]Cmd: MAP CHECKDEP NOCLEARLOG
[2015.11.14-10.00.42:581][  0]MapCheck: Info Map check complete: 0 Error(s), 0 Warning(s), took 55.723ms to complete.
[2015.11.14-10.00.42:581][  0]LogFileHelpers: Loading map '2DSideScrollerExampleMap' took 0.056
[2015.11.14-10.00.42:727][  0]LogCollectionManager: Loaded 0 collections in 0.003805 seconds
[2015.11.14-10.00.42:768][  0]LogFileCache: Scanning file cache for directory 'C:/Users/Julio/Documents/Unreal Projects/GrandmaAndPooppy/Saved/Collections/' took 0.01s
[2015.11.14-10.00.42:768][  0]LogFileCache: Scanning file cache for directory 'C:/Users/Julio/Documents/Unreal Projects/GrandmaAndPooppy/Content/Developers/Julio/Collections/' took 0.01s
[2015.11.14-10.00.42:768][  0]LogFileCache: Scanning file cache for directory 'C:/Users/Julio/Documents/Unreal Projects/GrandmaAndPooppy/Content/Collections/' took 0.01s
[2015.11.14-10.00.42:768][  0]LogCollectionManager: Rebuilt the GUID cache for 0 collections in 0.000002 seconds
[2015.11.14-10.00.42:781][  0]LogContentBrowser: Native class hierarchy populated in 0.0126 seconds. Added 1893 classes and 338 folders.
[2015.11.14-10.00.42:790][  0]LogContentBrowser: Native class hierarchy updated for 'WidgetCarousel' in 0.0005 seconds. Added 0 classes and 0 folders.
[2015.11.14-10.00.43:097][  0]LogContentBrowser: Native class hierarchy updated for 'AddContentDialog' in 0.0005 seconds. Added 0 classes and 0 folders.
[2015.11.14-10.00.43:102][  0]LogContentBrowser: Native class hierarchy updated for 'SceneOutliner' in 0.0004 seconds. Added 1 classes and 2 folders.
[2015.11.14-10.00.43:129][  0]LogCrashTracker: Crashtracker disabled due to settings.
[2015.11.14-10.00.43:136][  0]LogUObjectGlobals:Warning: Failed to find object 'Class None.'
[2015.11.14-10.00.43:159][  0]LogLoad: Full Startup: 9.32 seconds (BP compile: 0.02 seconds)
[2015.11.14-10.00.43:180][  0]LogOcInput: Can't find Oculus library dev build: is proper Runtime installed? Version: 0.8.0.0
[2015.11.14-10.00.43:224][  0]LogContentStreaming: Texture pool size now 1000 MB
[2015.11.14-10.00.43:372][  0]LogRenderer: Reallocating scene render targets to support 1208x572 (Frame:2).
[2015.11.14-10.00.43:521][  2]LogAssetRegistry: Asset discovery search completed in 2.3234 seconds
[2015.11.14-10.00.43:521][  2]LogCollectionManager: Rebuilt the object cache for 0 collections in 0.000001 seconds (found 0 objects)
[2015.11.14-10.00.43:521][  2]LogCollectionManager: Fixed up redirectors for 0 collections in 0.000030 seconds (updated 0 objects)
[2015.11.14-10.00.48:146][277]LogLinker:Warning: Can't find file '/Game/2DSideScroller/Sprites/Background_Sprite'
[2015.11.14-10.00.48:146][277]LogLinker:Warning: Can't find file for asset '/Game/2DSideScroller/Sprites/Background_Sprite' while loading ../../../../../../Users/Julio/Documents/Unreal Projects/GrandmaAndPooppy/Content/Blueprints/Scenes/Background.uasset.
[2015.11.14-10.00.48:146][277]LoadErrors:Error: Error /Game/Blueprints/Scenes/Background : Can't find file for asset. /Game/2DSideScroller/Sprites/Background_Sprite
[2015.11.14-10.00.48:146][277]LogLinker:Warning: Can't find file '/Game/2DSideScroller/Sprites/Background_Sprite'
[2015.11.14-10.00.48:147][277]LogLinker:Warning: Can't find file for asset '/Game/2DSideScroller/Sprites/Background_Sprite' while loading ../../../../../../Users/Julio/Documents/Unreal Projects/GrandmaAndPooppy/Content/Blueprints/Scenes/Background.uasset.
[2015.11.14-10.00.48:148][277]LogLinker:Warning: Can't find file '/Game/2DSideScroller/Sprites/Background_Sprite'
[2015.11.14-10.00.48:148][277]LogLinker:Warning: Can't find file for asset '/Game/2DSideScroller/Sprites/Background_Sprite' while loading NULL.
[2015.11.14-10.00.48:148][277]LogLinker:Warning: Can't find file '/Game/2DSideScroller/Sprites/Background_Sprite'
[2015.11.14-10.00.48:148][277]LogLinker:Warning: Can't find file for asset '/Game/2DSideScroller/Sprites/Background_Sprite' while loading NULL.
[2015.11.14-10.00.48:158][277]LogLinker:Warning: Can't find file '/Game/2DSideScroller/Sprites/Background_Sprite'
[2015.11.14-10.00.48:158][277]LoadErrors: Info Failed to load /Game/2DSideScroller/Sprites/Background_Sprite.Background_Sprite Referenced by Sprite_GEN_VARIABLE
[2015.11.14-10.00.48:158][277]LogLinker:Warning: Can't find file for asset '/Game/2DSideScroller/Sprites/Background_Sprite' while loading NULL.
[2015.11.14-10.00.50:579][414]LogLinker:Warning: Asset '../../../Engine/Content/ArtTools/RenderToTexture/Macros/RenderToTextureMacros.uasset' has been saved with empty engine version. The asset will be loaded but may be incompatible.
[2015.11.14-10.00.51:192][414]LogContentBrowser: Native class hierarchy updated for 'BlueprintGraph' in 0.0008 seconds. Added 107 classes and 0 folders.
[2015.11.14-10.03.00:164][117]LogParticles: Destroying 0 GPU particle simulations for FXSystem 0x00000000130080E0
[2015.11.14-10.03.03:866][118]Cmd: QUIT_EDITOR
[2015.11.14-10.03.04:038][118]LogExit: Preparing to exit.
[2015.11.14-10.03.05:199][118]LogExit: Editor shut down
[2015.11.14-10.03.05:200][118]LogParticles: Destroying 0 GPU particle simulations for FXSystem 0x0000000025041120
[2015.11.14-10.03.05:200][118]LogExit: Transaction tracking system shut down
[2015.11.14-10.03.05:201][118]LogParticles: Destroying 0 GPU particle simulations for FXSystem 0x0000000012330B80
[2015.11.14-10.03.05:201][118]LogParticles: Destroying 0 GPU particle simulations for FXSystem 0x000000003AFC4B80
[2015.11.14-10.03.05:375][118]LogExit: Object subsystem successfully closed.
[2015.11.14-10.03.05:385][118]LogD3D11RHI: Shutdown
[2015.11.14-10.03.05:385][118]LogD3D11RHI: CleanupD3DDevice
[2015.11.14-10.03.05:430][118]LogD3D11RHI: ~FD3D11DynamicRHI
[2015.11.14-10.03.05:444][118]LogModuleManager: Shutting down and abandoning module BlueprintGraph (198)
[2015.11.14-10.03.05:444][118]LogModuleManager: Shutting down and abandoning module CrashTracker (197)
[2015.11.14-10.03.05:444][118]LogModuleManager: Shutting down and abandoning module SceneOutliner (196)
[2015.11.14-10.03.05:444][118]LogModuleManager: Shutting down and abandoning module SuperSearch (195)
[2015.11.14-10.03.05:444][118]LogModuleManager: Shutting down and abandoning module WidgetCarousel (194)
[2015.11.14-10.03.05:444][118]LogModuleManager: Shutting down and abandoning module AddContentDialog (193)
[2015.11.14-10.03.05:445][118]LogModuleManager: Shutting down and abandoning module EditorWidgets (192)
[2015.11.14-10.03.05:445][118]LogModuleManager: Shutting down and abandoning module CollectionManager (191)
[2015.11.14-10.03.05:445][118]LogModuleManager: Shutting down and abandoning module FoliageEdit (190)
[2015.11.14-10.03.05:445][118]LogModuleManager: Shutting down and abandoning module LandscapeEditor (189)
[2015.11.14-10.03.05:445][118]LogModuleManager: Shutting down and abandoning module ActorPickerMode (188)
[2015.11.14-10.03.05:445][118]LogModuleManager: Shutting down and abandoning module GeometryMode (187)
[2015.11.14-10.03.05:445][118]LogModuleManager: Shutting down and abandoning module TextureAlignMode (186)
[2015.11.14-10.03.05:445][118]LogModuleManager: Shutting down and abandoning module BspMode (185)
[2015.11.14-10.03.05:445][118]LogModuleManager: Shutting down and abandoning module PlacementMode (184)
[2015.11.14-10.03.05:445][118]LogModuleManager: Shutting down and abandoning module AutomationWorker (183)
[2015.11.14-10.03.05:445][118]LogModuleManager: Shutting down and abandoning module CharacterAI (182)
[2015.11.14-10.03.05:445][118]LogModuleManager: Shutting down and abandoning module SmartSnapping (181)
[2015.11.14-10.03.05:445][118]LogModuleManager: Shutting down and abandoning module ViewportSnapping (180)
[2015.11.14-10.03.05:445][118]LogModuleManager: Shutting down and abandoning module LogVisualizer (179)
[2015.11.14-10.03.05:445][118]LogModuleManager: Shutting down and abandoning module GameProjectGeneration (178)
[2015.11.14-10.03.05:445][118]LogModuleManager: Shutting down and abandoning module IntroTutorials (177)
[2015.11.14-10.03.05:445][118]LogModuleManager: Shutting down and abandoning module EditorLiveStreaming (176)
[2015.11.14-10.03.05:445][118]LogModuleManager: Shutting down and abandoning module IOSPlatformEditor (175)
[2015.11.14-10.03.05:445][118]LogModuleManager: Shutting down and abandoning module HTML5PlatformEditor (174)
[2015.11.14-10.03.05:446][118]LogModuleManager: Shutting down and abandoning module AndroidDeviceDetection (173)
[2015.11.14-10.03.06:208][118]LogModuleManager: Shutting down and abandoning module AndroidPlatformEditor (172)
[2015.11.14-10.03.06:208][118]LogModuleManager: Shutting down and abandoning module IOSRuntimeSettings (171)
[2015.11.14-10.03.06:208][118]LogModuleManager: Shutting down and abandoning module AndroidRuntimeSettings (170)
[2015.11.14-10.03.06:208][118]LogModuleManager: Shutting down and abandoning module MergeActors (169)
[2015.11.14-10.03.06:208][118]LogModuleManager: Shutting down and abandoning module SizeMap (168)
[2015.11.14-10.03.06:208][118]LogModuleManager: Shutting down and abandoning module TreeMap (167)
[2015.11.14-10.03.06:208][118]LogModuleManager: Shutting down and abandoning module ReferenceViewer (166)
[2015.11.14-10.03.06:208][118]LogModuleManager: Shutting down and abandoning module LocalizationService (165)
[2015.11.14-10.03.06:208][118]LogModuleManager: Shutting down and abandoning module LocalizationDashboard (164)
[2015.11.14-10.03.06:208][118]LogModuleManager: Shutting down and abandoning module HardwareTargeting (163)
[2015.11.14-10.03.06:208][118]LogModuleManager: Shutting down and abandoning module DeviceProfileEditor (162)
[2015.11.14-10.03.06:208][118]LogModuleManager: Shutting down and abandoning module UndoHistory (161)
[2015.11.14-10.03.06:208][118]LogModuleManager: Shutting down and abandoning module GameplayTagsEditor (160)
[2015.11.14-10.03.06:208][118]LogModuleManager: Shutting down and abandoning module UserFeedback (159)
[2015.11.14-10.03.06:208][118]LogModuleManager: Shutting down and abandoning module XmlParser (158)
[2015.11.14-10.03.06:208][118]LogModuleManager: Shutting down and abandoning module Blutility (157)
[2015.11.14-10.03.06:208][118]LogModuleManager: Shutting down and abandoning module ProjectTargetPlatformEditor (156)
[2015.11.14-10.03.06:208][118]LogModuleManager: Shutting down and abandoning module ProjectSettingsViewer (155)
[2015.11.14-10.03.06:208][118]LogModuleManager: Shutting down and abandoning module InputBindingEditor (154)
[2015.11.14-10.03.06:209][118]LogModuleManager: Shutting down and abandoning module EditorSettingsViewer (153)
[2015.11.14-10.03.06:209][118]LogModuleManager: Shutting down and abandoning module SettingsEditor (152)
[2015.11.14-10.03.06:209][118]LogModuleManager: Shutting down and abandoning module ProjectLauncher (151)
[2015.11.14-10.03.06:209][118]LogModuleManager: Shutting down and abandoning module SessionFrontend (150)
[2015.11.14-10.03.06:209][118]LogModuleManager: Shutting down and abandoning module ProfilerClient (149)
[2015.11.14-10.03.06:209][118]LogModuleManager: Shutting down and abandoning module TargetDeviceServices (148)
[2015.11.14-10.03.06:209][118]LogModuleManager: Shutting down and abandoning module DeviceManager (147)
[2015.11.14-10.03.06:209][118]LogModuleManager: Shutting down and abandoning module AutomationController (146)
[2015.11.14-10.03.06:209][118]LogModuleManager: Shutting down and abandoning module AutomationWindow (145)
[2015.11.14-10.03.06:209][118]LogModuleManager: Shutting down and abandoning module Layers (144)
[2015.11.14-10.03.06:209][118]LogModuleManager: Shutting down and abandoning module ComponentVisualizers (143)
[2015.11.14-10.03.06:209][118]LogModuleManager: Shutting down and abandoning module DetailCustomizations (142)
[2015.11.14-10.03.06:209][118]LogModuleManager: Shutting down and abandoning module PackagesDialog (141)
[2015.11.14-10.03.06:209][118]LogModuleManager: Shutting down and abandoning module Persona (140)
[2015.11.14-10.03.06:209][118]LogModuleManager: Shutting down and abandoning module Kismet (139)
[2015.11.14-10.03.06:209][118]LogModuleManager: Shutting down and abandoning module GraphEditor (138)
[2015.11.14-10.03.06:209][118]LogModuleManager: Shutting down and abandoning module ClassViewer (137)
[2015.11.14-10.03.06:209][118]LogModuleManager: Shutting down and abandoning module Toolbox (136)
[2015.11.14-10.03.06:209][118]LogModuleManager: Shutting down and abandoning module ModuleUI (135)
[2015.11.14-10.03.06:209][118]LogModuleManager: Shutting down and abandoning module MovieSceneTools (134)
[2015.11.14-10.03.06:209][118]LogModuleManager: Shutting down and abandoning module OutputLog (133)
[2015.11.14-10.03.06:209][118]LogModuleManager: Shutting down and abandoning module GammaUI (132)
[2015.11.14-10.03.06:209][118]LogModuleManager: Shutting down and abandoning module Documentation (131)
[2015.11.14-10.03.06:209][118]LogModuleManager: Shutting down and abandoning module GameLiveStreaming (130)
[2015.11.14-10.03.06:209][118]LogModuleManager: Shutting down and abandoning module StreamingPauseRendering (129)
[2015.11.14-10.03.06:209][118]LogModuleManager: Shutting down and abandoning module AnalyticsET (128)
[2015.11.14-10.03.06:209][118]LogModuleManager: Shutting down and abandoning module Analytics (127)
[2015.11.14-10.03.06:209][118]LogModuleManager: Shutting down and abandoning module AITestSuite (126)
[2015.11.14-10.03.06:209][118]LogModuleManager: Shutting down and abandoning module GameplayDebugger (125)
[2015.11.14-10.03.06:209][118]LogModuleManager: Shutting down and abandoning module AIModule (124)
[2015.11.14-10.03.06:209][118]LogModuleManager: Shutting down and abandoning module ProfilerService (123)
[2015.11.14-10.03.06:230][118]LogModuleManager: Shutting down and abandoning module TaskGraph (122)
[2015.11.14-10.03.06:230][118]LogModuleManager: Shutting down and abandoning module SlateRemote (121)
[2015.11.14-10.03.06:230][118]LogModuleManager: Shutting down and abandoning module SteamVRController (120)
[2015.11.14-10.03.06:230][118]LogModuleManager: Shutting down and abandoning module SteamVR (119)
[2015.11.14-10.03.06:230][118]LogModuleManager: Shutting down and abandoning module ProceduralMeshComponent (118)
[2015.11.14-10.03.06:230][118]LogModuleManager: Shutting down and abandoning module OculusLibrary (117)
[2015.11.14-10.03.06:230][118]LogModuleManager: Shutting down and abandoning module OculusInput (116)
[2015.11.14-10.03.06:230][118]LogModuleManager: Shutting down and abandoning module LeapMotionController (115)
[2015.11.14-10.03.06:239][118]LogModuleManager: Shutting down and abandoning module CustomMeshComponent (114)
[2015.11.14-10.03.06:239][118]LogModuleManager: Shutting down and abandoning module CableComponent (113)
[2015.11.14-10.03.06:239][118]LogModuleManager: Shutting down and abandoning module ArchVisCharacter (112)
[2015.11.14-10.03.06:239][118]LogModuleManager: Shutting down and abandoning module MessagingDebugger (111)
[2015.11.14-10.03.06:239][118]LogModuleManager: Shutting down and abandoning module MediaPlayerEditor (110)
[2015.11.14-10.03.06:239][118]LogModuleManager: Shutting down and abandoning module HTML5Networking (109)
[2015.11.14-10.03.06:239][118]LogModuleManager: Shutting down and abandoning module SpeedTreeImporter (108)
[2015.11.14-10.03.06:239][118]LogModuleManager: Shutting down and abandoning module PluginBrowser (107)
[2015.11.14-10.03.06:239][118]LogModuleManager: Shutting down and abandoning module EpicSurvey (106)
[2015.11.14-10.03.06:239][118]LogModuleManager: Shutting down and abandoning module DesktopPlatform (105)
[2015.11.14-10.03.06:239][118]LogModuleManager: Shutting down and abandoning module VisualStudioSourceCodeAccess (104)
[2015.11.14-10.03.06:239][118]LogModuleManager: Shutting down and abandoning module UObjectPlugin (103)
[2015.11.14-10.03.06:239][118]LogModuleManager: Shutting down and abandoning module SubversionSourceControl (102)
[2015.11.14-10.03.06:239][118]LogModuleManager: Shutting down and abandoning module PerforceSourceControl (101)
[2015.11.14-10.03.06:239][118]LogModuleManager: Shutting down and abandoning module SourceControl (100)
[2015.11.14-10.03.06:239][118]LogModuleManager: Shutting down and abandoning module GitSourceControl (99)
[2015.11.14-10.03.06:239][118]LogModuleManager: Shutting down and abandoning module LightPropagationVolumeEditor (98)
[2015.11.14-10.03.06:239][118]LogModuleManager: Shutting down and abandoning module PaperTiledImporter (97)
[2015.11.14-10.03.06:239][118]LogModuleManager: Shutting down and abandoning module PaperSpriteSheetImporter (96)
[2015.11.14-10.03.06:240][118]LogModuleManager: Shutting down and abandoning module MeshPaint (95)
[2015.11.14-10.03.06:240][118]LogModuleManager: Shutting down and abandoning module SlateReflector (94)
[2015.11.14-10.03.06:240][118]LogModuleManager: Shutting down and abandoning module HotReload (93)
[2015.11.14-10.03.06:240][118]LogModuleManager: Shutting down and abandoning module MainFrame (92)
[2015.11.14-10.03.06:240][118]LogModuleManager: Shutting down and abandoning module LevelEditor (91)
[2015.11.14-10.03.06:241][118]LogModuleManager: Shutting down and abandoning module DirectoryWatcher (90)
[2015.11.14-10.03.06:242][118]LogModuleManager: Shutting down and abandoning module AssetRegistry (89)
[2015.11.14-10.03.06:313][118]LogModuleManager: Shutting down and abandoning module ContentBrowser (88)
[2015.11.14-10.03.06:314][118]LogModuleManager: Shutting down and abandoning module Paper2DEditor (87)
[2015.11.14-10.03.06:314][118]LogModuleManager: Shutting down and abandoning module UdpMessaging (86)
[2015.11.14-10.03.06:414][118]LogModuleManager: Shutting down and abandoning module LightPropagationVolumeRuntime (85)
[2015.11.14-10.03.06:414][118]LogModuleManager: Shutting down and abandoning module Paper2D (84)
[2015.11.14-10.03.06:414][118]LogModuleManager: Shutting down and abandoning module WindowsMoviePlayer (83)
[2015.11.14-10.03.06:417][118]LogModuleManager: Shutting down and abandoning module Media (82)
[2015.11.14-10.03.06:417][118]LogModuleManager: Shutting down and abandoning module WmfMedia (81)
[2015.11.14-10.03.06:417][118]LogModuleManager: Shutting down and abandoning module OnlineBlueprintSupport (80)
[2015.11.14-10.03.06:417][118]LogModuleManager: Shutting down and abandoning module GameplayTasksEditor (79)
[2015.11.14-10.03.06:417][118]LogModuleManager: Shutting down and abandoning module PropertyEditor (78)
[2015.11.14-10.03.06:417][118]LogModuleManager: Shutting down and abandoning module BehaviorTreeEditor (77)
[2015.11.14-10.03.06:417][118]LogModuleManager: Shutting down and abandoning module FunctionalTesting (76)
[2015.11.14-10.03.06:417][118]LogModuleManager: Shutting down and abandoning module CollisionAnalyzer (75)
[2015.11.14-10.03.06:417][118]LogModuleManager: Shutting down and abandoning module WorkspaceMenuStructure (74)
[2015.11.14-10.03.06:417][118]LogModuleManager: Shutting down and abandoning module MessageLog (73)
[2015.11.14-10.03.06:417][118]LogModuleManager: Shutting down and abandoning module Sequencer (72)
[2015.11.14-10.03.06:418][118]LogModuleManager: Shutting down and abandoning module AssetTools (71)
[2015.11.14-10.03.06:418][118]LogModuleManager: Shutting down and abandoning module UMGEditor (70)
[2015.11.14-10.03.06:418][118]LogModuleManager: Shutting down and abandoning module UMG (69)
[2015.11.14-10.03.06:418][118]LogModuleManager: Shutting down and abandoning module Slate (68)
[2015.11.14-10.03.06:418][118]LogModuleManager: Shutting down and abandoning module EditorStyle (67)
[2015.11.14-10.03.06:420][118]LogModuleManager: Shutting down and abandoning module SessionServices (66)
[2015.11.14-10.03.06:420][118]LogModuleManager: Shutting down and abandoning module SourceCodeAccess (65)
[2015.11.14-10.03.06:420][118]LogModuleManager: Shutting down and abandoning module HeadMountedDisplay (64)
[2015.11.14-10.03.06:420][118]LogModuleManager: Shutting down and abandoning module XAudio2 (63)
[2015.11.14-10.03.06:420][118]LogModuleManager: Shutting down and abandoning module Networking (61)
[2015.11.14-10.03.06:420][118]LogModuleManager: Shutting down and abandoning module Core (60)
[2015.11.14-10.03.06:420][118]LogModuleManager: Shutting down and abandoning module KismetCompiler (59)
[2015.11.14-10.03.06:420][118]LogModuleManager: Shutting down and abandoning module PhysXFormats (58)
[2015.11.14-10.03.06:420][118]LogModuleManager: Shutting down and abandoning module MeshUtilities (57)
[2015.11.14-10.03.06:420][118]LogModuleManager: Shutting down and abandoning module DerivedDataCache (56)
[2015.11.14-10.03.06:508][118]LogDerivedDataCache: Shutdown
[2015.11.14-10.03.06:508][118]LogModuleManager: Shutting down and abandoning module ShaderFormatOpenGL (55)
[2015.11.14-10.03.06:508][118]LogModuleManager: Shutting down and abandoning module ShaderFormatD3D (54)
[2015.11.14-10.03.06:508][118]LogModuleManager: Shutting down and abandoning module MetalShaderFormat (53)
[2015.11.14-10.03.06:508][118]LogModuleManager: Shutting down and abandoning module TextureFormatUncompressed (52)
[2015.11.14-10.03.06:508][118]LogModuleManager: Shutting down and abandoning module TextureFormatPVR (51)
[2015.11.14-10.03.06:508][118]LogModuleManager: Shutting down and abandoning module TextureFormatIntelISPCTexComp (50)
[2015.11.14-10.03.06:508][118]LogModuleManager: Shutting down and abandoning module TextureFormatDXT (49)
[2015.11.14-10.03.06:508][118]LogModuleManager: Shutting down and abandoning module ImageWrapper (48)
[2015.11.14-10.03.06:508][118]LogModuleManager: Shutting down and abandoning module TextureFormatASTC (47)
[2015.11.14-10.03.06:508][118]LogModuleManager: Shutting down and abandoning module TextureFormatAndroid (46)
[2015.11.14-10.03.06:508][118]LogModuleManager: Shutting down and abandoning module AudioFormatOpus (45)
[2015.11.14-10.03.06:508][118]LogModuleManager: Shutting down and abandoning module AudioFormatOgg (44)
[2015.11.14-10.03.06:508][118]LogModuleManager: Shutting down and abandoning module AudioFormatADPCM (43)
[2015.11.14-10.03.06:508][118]LogModuleManager: Shutting down and abandoning module LinuxTargetPlatform (42)
[2015.11.14-10.03.06:508][118]LogModuleManager: Shutting down and abandoning module LinuxServerTargetPlatform (41)
[2015.11.14-10.03.06:508][118]LogModuleManager: Shutting down and abandoning module LinuxNoEditorTargetPlatform (40)
[2015.11.14-10.03.06:508][118]LogModuleManager: Shutting down and abandoning module Messaging (39)
[2015.11.14-10.03.06:508][118]LogModuleManager: Shutting down and abandoning module IOSTargetPlatform (38)
[2015.11.14-10.03.06:508][118]LogModuleManager: Shutting down and abandoning module HTML5TargetPlatform (37)
[2015.11.14-10.03.06:508][118]LogModuleManager: Shutting down and abandoning module Android_PVRTCTargetPlatform (36)
[2015.11.14-10.03.06:508][118]LogModuleManager: Shutting down and abandoning module Android_MultiTargetPlatform (35)
[2015.11.14-10.03.06:508][118]LogModuleManager: Shutting down and abandoning module Android_ETC2TargetPlatform (34)
[2015.11.14-10.03.06:508][118]LogModuleManager: Shutting down and abandoning module Android_ETC1TargetPlatform (33)
[2015.11.14-10.03.06:508][118]LogModuleManager: Shutting down and abandoning module Android_DXTTargetPlatform (32)
[2015.11.14-10.03.06:508][118]LogModuleManager: Shutting down and abandoning module Android_ATCTargetPlatform (31)
[2015.11.14-10.03.06:508][118]LogModuleManager: Shutting down and abandoning module Android_ASTCTargetPlatform (30)
[2015.11.14-10.03.06:508][118]LogModuleManager: Shutting down and abandoning module AndroidTargetPlatform (29)
[2015.11.14-10.03.06:508][118]LogModuleManager: Shutting down and abandoning module WindowsTargetPlatform (28)
[2015.11.14-10.03.06:508][118]LogModuleManager: Shutting down and abandoning module WindowsServerTargetPlatform (27)
[2015.11.14-10.03.06:508][118]LogModuleManager: Shutting down and abandoning module WindowsNoEditorTargetPlatform (26)
[2015.11.14-10.03.06:508][118]LogModuleManager: Shutting down and abandoning module WindowsClientTargetPlatform (25)
[2015.11.14-10.03.06:509][118]LogModuleManager: Shutting down and abandoning module AllDesktopTargetPlatform (24)
[2015.11.14-10.03.06:509][118]LogModuleManager: Shutting down and abandoning module TargetPlatform (23)
[2015.11.14-10.03.06:509][118]LogModuleManager: Shutting down and abandoning module InputCore (22)
[2015.11.14-10.03.06:509][118]LogModuleManager: Shutting down and abandoning module Settings (21)
[2015.11.14-10.03.06:509][118]LogModuleManager: Shutting down and abandoning module OnlineSubsystem (19)
[2015.11.14-10.03.06:509][118]LogModuleManager: Shutting down and abandoning module HTTP (18)
[2015.11.14-10.03.10:010][118]LogModuleManager: Shutting down and abandoning module XMPP (17)
[2015.11.14-10.03.10:010][118]LogModuleManager: Shutting down and abandoning module OculusRift (16)
[2015.11.14-10.03.10:010][118]LogModuleManager: Shutting down and abandoning module ExampleDeviceProfileSelector (15)
[2015.11.14-10.03.10:010][118]LogModuleManager: Shutting down and abandoning module TextureCompressor (14)
[2015.11.14-10.03.10:010][118]LogModuleManager: Shutting down and abandoning module ShaderCore (13)
[2015.11.14-10.03.10:010][118]LogModuleManager: Shutting down and abandoning module Landscape (12)
[2015.11.14-10.03.10:010][118]LogModuleManager: Shutting down and abandoning module SlateRHIRenderer (11)
[2015.11.14-10.03.10:011][118]LogModuleManager: Shutting down and abandoning module OpenGLDrv (10)
[2015.11.14-10.03.10:011][118]LogModuleManager: Shutting down and abandoning module D3D11RHI (9)
[2015.11.14-10.03.10:011][118]LogModuleManager: Shutting down and abandoning module AnimGraphRuntime (8)
[2015.11.14-10.03.10:011][118]LogModuleManager: Shutting down and abandoning module Renderer (7)
[2015.11.14-10.03.10:011][118]LogModuleManager: Shutting down and abandoning module Engine (6)
[2015.11.14-10.03.10:011][118]LogModuleManager: Shutting down and abandoning module CoreUObject (5)
[2015.11.14-10.03.10:011][118]LogModuleManager: Shutting down and abandoning module NetworkFile (4)
[2015.11.14-10.03.10:011][118]LogModuleManager: Shutting down and abandoning module StreamingFile (3)
[2015.11.14-10.03.10:011][118]LogModuleManager: Shutting down and abandoning module SandboxFile (2)
[2015.11.14-10.03.10:011][118]LogModuleManager: Shutting down and abandoning module PakFile (1)
[2015.11.14-10.03.10:012][118]LogExit: Exiting.
[2015.11.14-10.03.10:013][118]Log file closed, 11/14/15 11:03:10
