[2015.11.14-11.57.16:067][  0]Log file open, 11/14/15 12:57:16
[2015.11.14-11.57.16:067][  0]LogInit:Display: Running engine for game: GrandmaAndPooppy
[2015.11.14-11.57.16:067][  0]LogPlatformFile: Not using cached read wrapper
[2015.11.14-11.57.16:067][  0]LogInit:Display: RandInit(1372225747) SRandInit(1372225748).
[2015.11.14-11.57.16:067][  0]LogTaskGraph: Started task graph with 4 named threads and 5 total threads.
[2015.11.14-11.57.16:067][  0]LogStats: Stats thread started at 0.070192
[2015.11.14-11.57.16:067][  0]LogInit: Version: 4.10.0-2758231+++depot+UE4-Releases+4.10
[2015.11.14-11.57.16:067][  0]LogInit: API Version: 2758231
[2015.11.14-11.57.16:067][  0]LogInit: Compiled (64-bit): Nov  7 2015 05:13:45
[2015.11.14-11.57.16:067][  0]LogInit: Compiled with Visual C++: 19.00.23026.00
[2015.11.14-11.57.16:067][  0]LogInit: Build Configuration: Development
[2015.11.14-11.57.16:067][  0]LogInit: Branch Name: ++depot+UE4-Releases+4.10
[2015.11.14-11.57.16:067][  0]LogInit: Command line:  
[2015.11.14-11.57.16:067][  0]LogInit: Base directory: C:/Logiciels/Epic Games/4.10/Engine/Binaries/Win64/
[2015.11.14-11.57.16:067][  0]LogInit: Rocket: 1
[2015.11.14-11.57.16:074][  0]LogInit: Using libcurl 7.41.0
[2015.11.14-11.57.16:074][  0]LogInit:  - built for x86_64-pc-win32
[2015.11.14-11.57.16:074][  0]LogInit:  - supports SSL with WinSSL
[2015.11.14-11.57.16:074][  0]LogInit:  - other features:
[2015.11.14-11.57.16:074][  0]LogInit:      CURL_VERSION_SSL
[2015.11.14-11.57.16:074][  0]LogInit:      CURL_VERSION_IPV6
[2015.11.14-11.57.16:074][  0]LogInit:      CURL_VERSION_ASYNCHDNS
[2015.11.14-11.57.16:074][  0]LogInit:      CURL_VERSION_LARGEFILE
[2015.11.14-11.57.16:074][  0]LogInit:      CURL_VERSION_IDN
[2015.11.14-11.57.16:074][  0]LogInit:  CurlRequestOptions (configurable via config and command line):
[2015.11.14-11.57.16:074][  0]LogInit:  - bVerifyPeer = true  - Libcurl will verify peer certificate
[2015.11.14-11.57.16:074][  0]LogInit:  - bUseHttpProxy = false  - Libcurl will NOT use HTTP proxy
[2015.11.14-11.57.16:074][  0]LogInit:  - bDontReuseConnections = false  - Libcurl will reuse connections
[2015.11.14-11.57.16:074][  0]LogInit:  - CertBundlePath = nullptr  - Libcurl will use whatever was configured at build time.
[2015.11.14-11.57.16:081][  0]LogInit: Presizing for 0 objects not considered by GC, pre-allocating 0 bytes.
[2015.11.14-11.57.16:089][  0]LogInit: Object subsystem initialized
[2015.11.14-11.57.16:090][  0]LogInit: Selected Device Profile: [Windows]
[2015.11.14-11.57.16:090][  0]LogInit: Applying CVar settings loaded from the selected device profile: [Windows]
[2015.11.14-11.57.16:101][  0]LogInit: Computer: LASALAMANDRE
[2015.11.14-11.57.16:101][  0]LogInit: User: Julio
[2015.11.14-11.57.16:101][  0]LogInit: CPU Page size=4096, Cores=2
[2015.11.14-11.57.16:101][  0]LogInit: High frequency timer resolution =2.533349 MHz
[2015.11.14-11.57.16:101][  0]LogMemory: Memory total: Physical=7.9GB (8GB approx)
[2015.11.14-11.57.16:101][  0]LogMemory: Platform Memory Stats for Windows
[2015.11.14-11.57.16:101][  0]LogMemory: Process Physical Memory: 56.81 MB used, 56.81 MB peak
[2015.11.14-11.57.16:101][  0]LogMemory: Process Virtual Memory: 59.10 MB used, 59.10 MB peak
[2015.11.14-11.57.16:101][  0]LogMemory: Physical Memory: 4731.28 MB used, 8088.75 MB total
[2015.11.14-11.57.16:101][  0]LogMemory: Virtual Memory: 354.00 MB used, 8388608.00 MB total
[2015.11.14-11.57.16:142][  0]LogTextLocalizationManager: No translations for ('fr-FR') exist, falling back to 'en' for localization and internationalization data.
[2015.11.14-11.57.16:758][  0]LogD3D11RHI: Found D3D11 adapter 0: NVIDIA GeForce GTX 670MX (Feature Level 11_0)
[2015.11.14-11.57.16:758][  0]LogD3D11RHI: Adapter has 3009MB of dedicated video memory, 0MB of dedicated system memory, and 3788MB of shared system memory, 1 output[s]
[2015.11.14-11.57.16:785][  0]LogD3D11RHI: Found D3D11 adapter 1: NVIDIA GeForce GTX 670MX (Feature Level 11_0)
[2015.11.14-11.57.16:785][  0]LogD3D11RHI: Adapter has 3009MB of dedicated video memory, 0MB of dedicated system memory, and 3788MB of shared system memory, 0 output[s]
[2015.11.14-11.57.16:785][  0]LogD3D11RHI: Chosen D3D11 Adapter Id = 0
[2015.11.14-11.57.16:793][  0]LogD3D11RHI: !Direct3DDevice
[2015.11.14-11.57.16:793][  0]LogRHI: Texture pool is 1361 MB (70% of 1945 MB)
[2015.11.14-11.57.16:810][  0]LogD3D11RHI: Async texture creation enabled
[2015.11.14-11.57.16:826][  0]LogShaderCompilers: Guid format shader working directory is -26 characters bigger than the processId version (../../../../../../Users/Julio/Documents/Unreal Projects/GrandmaAndPooppy/Intermediate/Shaders/WorkingDirectory/2672/).
[2015.11.14-11.57.16:826][  0]LogShaderCompilers: Cleaned the shader compiler working directory 'C:/Users/Julio/AppData/Local/Temp/UnrealShaderWorkingDir/A44A1572499F1845DD2897B364646269/'.
[2015.11.14-11.57.16:826][  0]LogShaderCompilers:Display: Using Local Shader Compiler.
[2015.11.14-11.57.17:810][  0]LogTemp:Display: Loaded TP AllDesktopTargetPlatform
[2015.11.14-11.57.17:815][  0]LogTemp:Display: Loaded TP WindowsClientTargetPlatform
[2015.11.14-11.57.17:820][  0]LogTemp:Display: Loaded TP WindowsNoEditorTargetPlatform
[2015.11.14-11.57.17:825][  0]LogTemp:Display: Loaded TP WindowsServerTargetPlatform
[2015.11.14-11.57.17:830][  0]LogTemp:Display: Loaded TP WindowsTargetPlatform
[2015.11.14-11.57.17:834][  0]LogTemp:Display: Loaded TP AndroidTargetPlatform
[2015.11.14-11.57.17:837][  0]LogTemp:Display: Loaded TP Android_ASTCTargetPlatform
[2015.11.14-11.57.17:841][  0]LogTemp:Display: Loaded TP Android_ATCTargetPlatform
[2015.11.14-11.57.17:844][  0]LogTemp:Display: Loaded TP Android_DXTTargetPlatform
[2015.11.14-11.57.17:847][  0]LogTemp:Display: Loaded TP Android_ETC1TargetPlatform
[2015.11.14-11.57.17:850][  0]LogTemp:Display: Loaded TP Android_ETC2TargetPlatform
[2015.11.14-11.57.17:857][  0]LogTemp:Display: Loaded TP Android_MultiTargetPlatform
[2015.11.14-11.57.17:857][  0]LogTemp:Display: Loaded TP Android_PVRTCTargetPlatform
[2015.11.14-11.57.17:858][  0]LogTemp:Display: Loaded TP HTML5TargetPlatform
[2015.11.14-11.57.17:875][  0]LogTemp:Display: Loaded TP IOSTargetPlatform
[2015.11.14-11.57.17:878][  0]LogTemp:Display: Loaded TP LinuxNoEditorTargetPlatform
[2015.11.14-11.57.17:881][  0]LogTemp:Display: Loaded TP LinuxServerTargetPlatform
[2015.11.14-11.57.17:885][  0]LogTemp:Display: Loaded TP LinuxTargetPlatform
[2015.11.14-11.57.17:885][  0]LogTargetPlatformManager:Display: Building Assets For Windows
[2015.11.14-11.57.17:970][  0]LogDerivedDataCache:Display: Max Cache Size: 512 MB
[2015.11.14-11.57.18:021][  0]LogDerivedDataCache: Loaded boot cache 0.05s 41MB C:/Users/Julio/AppData/Local/UnrealEngine/4.10/DerivedDataCache/Boot.ddc.
[2015.11.14-11.57.18:021][  0]LogDerivedDataCache:Display: Loaded Boot cache: C:/Users/Julio/AppData/Local/UnrealEngine/4.10/DerivedDataCache/Boot.ddc
[2015.11.14-11.57.18:021][  0]LogDerivedDataCache: FDerivedDataBackendGraph:  Pak pak cache file ../../../../../../Users/Julio/Documents/Unreal Projects/GrandmaAndPooppy/DerivedDataCache/DDC.ddp not found, will not use a pak cache.
[2015.11.14-11.57.18:021][  0]LogDerivedDataCache: Unable to find inner node Pak for hierarchical cache Hierarchy.
[2015.11.14-11.57.18:021][  0]LogDerivedDataCache: FDerivedDataBackendGraph:  CompressedPak pak cache file ../../../../../../Users/Julio/Documents/Unreal Projects/GrandmaAndPooppy/DerivedDataCache/Compressed.ddp not found, will not use a pak cache.
[2015.11.14-11.57.18:021][  0]LogDerivedDataCache: Unable to find inner node CompressedPak for hierarchical cache Hierarchy.
[2015.11.14-11.57.18:099][  0]LogDerivedDataCache:Display: Pak cache opened for reading ../../../Engine/DerivedDataCache/Compressed.ddp.
[2015.11.14-11.57.18:110][  0]LogDerivedDataCache: Using Local data cache path C:/Users/Julio/AppData/Local/UnrealEngine/Common/DerivedDataCache: Writable
[2015.11.14-11.57.18:319][  0]LogInit: Selected Device Profile: [Windows]
[2015.11.14-11.57.18:320][  0]LogContentStreaming: Texture pool size is 0.000000MB
[2015.11.14-11.57.18:367][  0]LogMeshUtilities: No automatic mesh reduction module available
[2015.11.14-11.57.18:368][  0]LogMeshUtilities: No automatic mesh merging module available
[2015.11.14-11.57.18:710][  0]LogInit: WinSock: version 1.1 (2.2), MaxSocks=32767, MaxUdp=65467
[2015.11.14-11.57.19:473][  0]UdpMessaging: Initializing bridge on interface 0.0.0.0:0 to multicast group 230.0.0.1:6666.
[2015.11.14-11.57.19:565][  0]LogAssetRegistry: FAssetRegistry took 0.0097 seconds to start up
[2015.11.14-11.57.19:775][  0]SourceControl: Info Source control is disabled
[2015.11.14-11.57.19:776][  0]SourceControl: Info Source control is disabled
[2015.11.14-11.57.19:793][  0]SourceControl: Info Source control is disabled
[2015.11.14-11.57.19:805][  0]SourceControl: Info Source control is disabled
[2015.11.14-11.57.20:058][  0]LogObj: 28633 objects as part of root set at end of initial load.
[2015.11.14-11.57.20:058][  0]LogUObjectAllocator: 6099744 out of 0 bytes used by permanent object pool.
[2015.11.14-11.57.20:124][  0]LogEngine: Initializing Engine...
[2015.11.14-11.57.20:128][  0]LogHMD: Can't find Oculus library dev build: is proper Runtime installed? Version: 0.8.0.0
[2015.11.14-11.57.20:128][  0]LogHMD: SteamVR failed to initialize.  Err: 110
[2015.11.14-11.57.20:274][  0]LogAIModule: Creating AISystem for world NewWorld
[2015.11.14-11.57.20:280][  0]LogInit: XAudio2 using 'Haut-parleurs (Périphérique High Definition Audio)' : 2 channels at 44.1 kHz using 16 bits per sample (channel mask 0x3)
[2015.11.14-11.57.20:301][  0]LogInit: FAudioDevice initialized.
[2015.11.14-11.57.20:329][  0]LogDerivedDataCache: Saved boot cache 0.03s 41MB C:/Users/Julio/AppData/Local/UnrealEngine/4.10/DerivedDataCache/Boot.ddc.
[2015.11.14-11.57.20:333][  0]LogInit: Texture streaming: Enabled
[2015.11.14-11.57.20:339][  0]LogAnalytics: Creating configured Analytics provider AnalyticsET
[2015.11.14-11.57.20:339][  0]LogAnalytics: [UEEditor.Rocket.Release] APIServer = http://et2.epicgames.com/ET2/. AppVersion = 4.10.0-2758231+++depot+UE4-Releases+4.10
[2015.11.14-11.57.20:339][  0]LogAnalytics: [UEEditor.Rocket.Release] SetUserId 7363a7de489977d2d6e8a5a849b15fd2|6c143e4a78834ca18f4c828388e83007|ed842e65-bf83-4705-912f-96b2489fe3ee
[2015.11.14-11.57.20:339][  0]LogAnalytics: [UEEditor.Rocket.Release] AnalyticsET::StartSession
[2015.11.14-11.57.20:358][  0]LogInit: Transaction tracking system initialized
[2015.11.14-11.57.20:394][  0]BlueprintLog: New page: Editor Load
[2015.11.14-11.57.20:502][  0]LocalizationService: Info Localization service is disabled
[2015.11.14-11.57.20:612][  0]LogConsoleResponse:Display: 
[2015.11.14-11.57.20:783][  0]LogCook:Display: Done creating registry. It took  0.00s.
[2015.11.14-11.57.20:865][  0]LogFileCache: Scanning file cache for directory 'C:/Users/Julio/Documents/Unreal Projects/GrandmaAndPooppy/Content/' took 0.01s
[2015.11.14-11.57.20:865][  0]SourceControl: Info Source control is disabled
[2015.11.14-11.57.20:865][  0]Cmd: MAP LOAD FILE="../../../../../../Users/Julio/Documents/Unreal Projects/GrandmaAndPooppy/Content/Maps/MainLevel.umap" TEMPLATE=0 SHOWPROGRESS=1 FEATURELEVEL=3
[2015.11.14-11.57.20:866][  0]LightingResults: New page: Lighting Build
[2015.11.14-11.57.20:871][  0]MapCheck: New page: Map Check
[2015.11.14-11.57.20:871][  0]LightingResults: New page: Lighting Build
[2015.11.14-11.57.20:896][  0]LogParticles: Destroying 0 GPU particle simulations for FXSystem 0x0000000025C05120
[2015.11.14-11.57.21:062][  0]LogAIModule: Creating AISystem for world MainLevel
[2015.11.14-11.57.21:069][  0]LogEditorServer: Finished looking for orphan Actors (0.000 secs)
[2015.11.14-11.57.21:070][  0]Cmd: MAP CHECKDEP NOCLEARLOG
[2015.11.14-11.57.21:124][  0]MapCheck: Info Map check complete: 0 Error(s), 0 Warning(s), took 54.062ms to complete.
[2015.11.14-11.57.21:124][  0]LogFileHelpers: Loading map 'MainLevel' took 0.259
[2015.11.14-11.57.21:254][  0]LogCollectionManager: Loaded 0 collections in 0.002601 seconds
[2015.11.14-11.57.21:293][  0]LogFileCache: Scanning file cache for directory 'C:/Users/Julio/Documents/Unreal Projects/GrandmaAndPooppy/Saved/Collections/' took 0.01s
[2015.11.14-11.57.21:293][  0]LogFileCache: Scanning file cache for directory 'C:/Users/Julio/Documents/Unreal Projects/GrandmaAndPooppy/Content/Developers/Julio/Collections/' took 0.01s
[2015.11.14-11.57.21:293][  0]LogFileCache: Scanning file cache for directory 'C:/Users/Julio/Documents/Unreal Projects/GrandmaAndPooppy/Content/Collections/' took 0.01s
[2015.11.14-11.57.21:293][  0]LogCollectionManager: Rebuilt the GUID cache for 0 collections in 0.000002 seconds
[2015.11.14-11.57.21:307][  0]LogContentBrowser: Native class hierarchy populated in 0.0139 seconds. Added 1893 classes and 338 folders.
[2015.11.14-11.57.21:317][  0]LogContentBrowser: Native class hierarchy updated for 'WidgetCarousel' in 0.0005 seconds. Added 0 classes and 0 folders.
[2015.11.14-11.57.21:379][  0]LogContentBrowser: Native class hierarchy updated for 'AddContentDialog' in 0.0005 seconds. Added 0 classes and 0 folders.
[2015.11.14-11.57.21:384][  0]LogContentBrowser: Native class hierarchy updated for 'SceneOutliner' in 0.0004 seconds. Added 1 classes and 2 folders.
[2015.11.14-11.57.21:412][  0]LogCrashTracker: Crashtracker disabled due to settings.
[2015.11.14-11.57.21:421][  0]LogUObjectGlobals:Warning: Failed to find object 'Class None.'
[2015.11.14-11.57.21:456][  0]LogLoad: Full Startup: 5.86 seconds (BP compile: 0.06 seconds)
[2015.11.14-11.57.21:477][  0]LogOcInput: Can't find Oculus library dev build: is proper Runtime installed? Version: 0.8.0.0
[2015.11.14-11.57.21:521][  0]LogContentStreaming: Texture pool size now 1000 MB
[2015.11.14-11.57.21:696][  0]LogRenderer: Reallocating scene render targets to support 1208x572 (Frame:2).
[2015.11.14-11.57.21:875][  3]LogAssetRegistry: Asset discovery search completed in 2.3202 seconds
[2015.11.14-11.57.21:875][  3]LogCollectionManager: Rebuilt the object cache for 0 collections in 0.000001 seconds (found 0 objects)
[2015.11.14-11.57.21:875][  3]LogCollectionManager: Fixed up redirectors for 0 collections in 0.000030 seconds (updated 0 objects)
[2015.11.14-11.57.29:569][447]LogLinker:Warning: Asset '../../../Engine/Content/ArtTools/RenderToTexture/Macros/RenderToTextureMacros.uasset' has been saved with empty engine version. The asset will be loaded but may be incompatible.
[2015.11.14-11.57.30:146][447]LogContentBrowser: Native class hierarchy updated for 'BlueprintGraph' in 0.0008 seconds. Added 107 classes and 0 folders.
[2015.11.14-11.57.39:146][910]LogContentBrowser: Native class hierarchy updated for 'TextureEditor' in 0.0004 seconds. Added 1 classes and 2 folders.
[2015.11.14-11.57.40:738][997]LogEditorViewport: Clicking on Actor (LMB): Background_C (Background)
[2015.11.14-11.57.56:353][711]Cmd: OBJ SAVEPACKAGE PACKAGE="/Game/Sprites/Route_sprite" FILE="../../../../../../Users/Julio/Documents/Unreal Projects/GrandmaAndPooppy/Content/Sprites/Route_sprite.uasset" SILENT=true
[2015.11.14-11.57.56:370][711]LogSavePackage: Save=7.634558ms
[2015.11.14-11.57.56:370][711]LogSavePackage: Moving '../../../../../../Users/Julio/Documents/Unreal Projects/GrandmaAndPooppy/Saved/Route_sprite29A6A9D94D47A9C70400E8B64AF45DC7.tmp' to '../../../../../../Users/Julio/Documents/Unreal Projects/GrandmaAndPooppy/Content/Sprites/Route_sprite.uasset'
[2015.11.14-11.57.56:372][711]LogSavePackage: Total save time: 15.941348ms
[2015.11.14-11.57.56:372][711]LogSavePackage:Display: Finished SavePackage ../../../../../../Users/Julio/Documents/Unreal Projects/GrandmaAndPooppy/Content/Sprites/Route_sprite.uasset
[2015.11.14-11.57.57:267][755]LogEditorViewport: Clicking on Actor (LMB): Background_C (Background)
[2015.11.14-11.58.04:295][127]LogBlueprintUserMessages: Early PlayInEditor Detection: Level '/Game/Maps/MainLevel.MainLevel:PersistentLevel' has LevelScriptBlueprint '/Game/Maps/MainLevel.MainLevel:PersistentLevel.MainLevel' with GeneratedClass '/Game/Maps/MainLevel.MainLevel_C' with ClassGeneratedBy '/Game/Maps/MainLevel.MainLevel:PersistentLevel.MainLevel'
[2015.11.14-11.58.04:296][127]LogPlayLevel: PlayLevel: No blueprints needed recompiling
[2015.11.14-11.58.04:296][127]PIE: New page: PIE session: MainLevel (Nov 14, 2015, 1:58:04 PM)
[2015.11.14-11.58.04:296][127]LogPlayLevel: Creating play world package: /Game/Maps/UEDPIE_0_MainLevel
[2015.11.14-11.58.04:301][127]LogPlayLevel: PIE: StaticDuplicateObject took: (0.004842s)
[2015.11.14-11.58.04:302][127]LogAIModule: Creating AISystem for world MainLevel
[2015.11.14-11.58.04:302][127]LogPlayLevel: PIE: World Init took: (0.000849s)
[2015.11.14-11.58.04:302][127]LogPlayLevel: PIE: Created PIE world by copying editor world from /Game/Maps/MainLevel.MainLevel to /Game/Maps/UEDPIE_0_MainLevel.MainLevel (0.005955s)
[2015.11.14-11.58.04:357][127]LogInit: XAudio2 using 'Haut-parleurs (Périphérique High Definition Audio)' : 2 channels at 44.1 kHz using 16 bits per sample (channel mask 0x3)
[2015.11.14-11.58.04:362][127]LogInit: FAudioDevice initialized.
[2015.11.14-11.58.04:507][127]LogWorld: Game class is 'Poopymode_C'
[2015.11.14-11.58.04:509][127]LogWorld: Bringing World /Game/Maps/UEDPIE_0_MainLevel.MainLevel up for play (max tick rate 60) at 2015.11.14-12.58.04
[2015.11.14-11.58.04:509][127]LogActor:Warning: GameSession /Game/Maps/UEDPIE_0_MainLevel.MainLevel:PersistentLevel.GameSession_0 has natively added scene component(s), but none of them were set as the actor's RootComponent - picking one arbitrarily
[2015.11.14-11.58.04:509][127]LogActor:Warning: GameNetworkManager /Game/Maps/UEDPIE_0_MainLevel.MainLevel:PersistentLevel.GameNetworkManager_0 has natively added scene component(s), but none of them were set as the actor's RootComponent - picking one arbitrarily
[2015.11.14-11.58.04:509][127]LogWorld: Bringing up level for play took: 0.001813
[2015.11.14-11.58.04:512][127]PIE: Info Play in editor start time for /Game/Maps/UEDPIE_0_MainLevel -0.499
[2015.11.14-11.58.04:512][127]LogBlueprintUserMessages: Late PlayInEditor Detection: Level '/Game/Maps/MainLevel.MainLevel:PersistentLevel' has LevelScriptBlueprint '/Game/Maps/MainLevel.MainLevel:PersistentLevel.MainLevel' with GeneratedClass '/Game/Maps/MainLevel.MainLevel_C' with ClassGeneratedBy '/Game/Maps/MainLevel.MainLevel:PersistentLevel.MainLevel'
[2015.11.14-11.59.26:702][ 53]LogBlueprintUserMessages: Early EndPlayMap Detection: Level '/Game/Maps/MainLevel.MainLevel:PersistentLevel' has LevelScriptBlueprint '/Game/Maps/MainLevel.MainLevel:PersistentLevel.MainLevel' with GeneratedClass '/Game/Maps/MainLevel.MainLevel_C' with ClassGeneratedBy '/Game/Maps/MainLevel.MainLevel:PersistentLevel.MainLevel'
[2015.11.14-11.59.26:741][ 53]LogBlueprintUserMessages: Late EndPlayMap Detection: Level '/Game/Maps/MainLevel.MainLevel:PersistentLevel' has LevelScriptBlueprint '/Game/Maps/MainLevel.MainLevel:PersistentLevel.MainLevel' with GeneratedClass '/Game/Maps/MainLevel.MainLevel_C' with ClassGeneratedBy '/Game/Maps/MainLevel.MainLevel:PersistentLevel.MainLevel'
[2015.11.14-11.59.26:809][ 54]LogParticles: Destroying 0 GPU particle simulations for FXSystem 0x0000000021413880
[2015.11.14-11.59.42:427][803]BlueprintLog: New page: Compile Building
[2015.11.14-11.59.42:541][803]BlueprintEditorCompileResults: Info [0146.94] Compile of Building successful! [in 113 ms]
[2015.11.14-11.59.49:253][990]LogBlueprintUserMessages: Early PlayInEditor Detection: Level '/Game/Maps/MainLevel.MainLevel:PersistentLevel' has LevelScriptBlueprint '/Game/Maps/MainLevel.MainLevel:PersistentLevel.MainLevel' with GeneratedClass '/Game/Maps/MainLevel.MainLevel_C' with ClassGeneratedBy '/Game/Maps/MainLevel.MainLevel:PersistentLevel.MainLevel'
[2015.11.14-11.59.49:253][990]LogPlayLevel: PlayLevel: No blueprints needed recompiling
[2015.11.14-11.59.49:253][990]PIE: New page: PIE session: MainLevel (Nov 14, 2015, 1:59:49 PM)
[2015.11.14-11.59.49:253][990]LogPlayLevel: Creating play world package: /Game/Maps/UEDPIE_0_MainLevel
[2015.11.14-11.59.49:257][990]LogPlayLevel: PIE: StaticDuplicateObject took: (0.004098s)
[2015.11.14-11.59.49:258][990]LogAIModule: Creating AISystem for world MainLevel
[2015.11.14-11.59.49:258][990]LogPlayLevel: PIE: World Init took: (0.000930s)
[2015.11.14-11.59.49:258][990]LogPlayLevel: PIE: Created PIE world by copying editor world from /Game/Maps/MainLevel.MainLevel to /Game/Maps/UEDPIE_0_MainLevel.MainLevel (0.005271s)
[2015.11.14-11.59.49:304][990]LogInit: XAudio2 using 'Haut-parleurs (Périphérique High Definition Audio)' : 2 channels at 44.1 kHz using 16 bits per sample (channel mask 0x3)
[2015.11.14-11.59.49:309][990]LogInit: FAudioDevice initialized.
[2015.11.14-11.59.49:342][990]LogWorld: Game class is 'Poopymode_C'
[2015.11.14-11.59.49:344][990]LogWorld: Bringing World /Game/Maps/UEDPIE_0_MainLevel.MainLevel up for play (max tick rate 60) at 2015.11.14-12.59.49
[2015.11.14-11.59.49:344][990]LogActor:Warning: GameSession /Game/Maps/UEDPIE_0_MainLevel.MainLevel:PersistentLevel.GameSession_1 has natively added scene component(s), but none of them were set as the actor's RootComponent - picking one arbitrarily
[2015.11.14-11.59.49:344][990]LogActor:Warning: GameNetworkManager /Game/Maps/UEDPIE_0_MainLevel.MainLevel:PersistentLevel.GameNetworkManager_1 has natively added scene component(s), but none of them were set as the actor's RootComponent - picking one arbitrarily
[2015.11.14-11.59.49:344][990]LogWorld: Bringing up level for play took: 0.001681
[2015.11.14-11.59.49:346][990]PIE: Info Play in editor start time for /Game/Maps/UEDPIE_0_MainLevel 0.333
[2015.11.14-11.59.49:346][990]LogBlueprintUserMessages: Late PlayInEditor Detection: Level '/Game/Maps/MainLevel.MainLevel:PersistentLevel' has LevelScriptBlueprint '/Game/Maps/MainLevel.MainLevel:PersistentLevel.MainLevel' with GeneratedClass '/Game/Maps/MainLevel.MainLevel_C' with ClassGeneratedBy '/Game/Maps/MainLevel.MainLevel:PersistentLevel.MainLevel'
[2015.11.14-12.00.18:096][714]LogBlueprintUserMessages: Early EndPlayMap Detection: Level '/Game/Maps/MainLevel.MainLevel:PersistentLevel' has LevelScriptBlueprint '/Game/Maps/MainLevel.MainLevel:PersistentLevel.MainLevel' with GeneratedClass '/Game/Maps/MainLevel.MainLevel_C' with ClassGeneratedBy '/Game/Maps/MainLevel.MainLevel:PersistentLevel.MainLevel'
[2015.11.14-12.00.18:133][714]LogBlueprintUserMessages: Late EndPlayMap Detection: Level '/Game/Maps/MainLevel.MainLevel:PersistentLevel' has LevelScriptBlueprint '/Game/Maps/MainLevel.MainLevel:PersistentLevel.MainLevel' with GeneratedClass '/Game/Maps/MainLevel.MainLevel_C' with ClassGeneratedBy '/Game/Maps/MainLevel.MainLevel:PersistentLevel.MainLevel'
[2015.11.14-12.00.18:172][714]LogParticles: Destroying 0 GPU particle simulations for FXSystem 0x000000005924FF60
[2015.11.14-12.00.53:796][847]LogBlueprintUserMessages: Early PlayInEditor Detection: Level '/Game/Maps/MainLevel.MainLevel:PersistentLevel' has LevelScriptBlueprint '/Game/Maps/MainLevel.MainLevel:PersistentLevel.MainLevel' with GeneratedClass '/Game/Maps/MainLevel.MainLevel_C' with ClassGeneratedBy '/Game/Maps/MainLevel.MainLevel:PersistentLevel.MainLevel'
[2015.11.14-12.00.53:796][847]LogPlayLevel: PlayLevel: No blueprints needed recompiling
[2015.11.14-12.00.53:796][847]PIE: New page: PIE session: MainLevel (Nov 14, 2015, 2:00:53 PM)
[2015.11.14-12.00.53:796][847]LogPlayLevel: Creating play world package: /Game/Maps/UEDPIE_0_MainLevel
[2015.11.14-12.00.53:799][847]LogPlayLevel: PIE: StaticDuplicateObject took: (0.003133s)
[2015.11.14-12.00.53:800][847]LogAIModule: Creating AISystem for world MainLevel
[2015.11.14-12.00.53:800][847]LogPlayLevel: PIE: World Init took: (0.000660s)
[2015.11.14-12.00.53:800][847]LogPlayLevel: PIE: Created PIE world by copying editor world from /Game/Maps/MainLevel.MainLevel to /Game/Maps/UEDPIE_0_MainLevel.MainLevel (0.003983s)
[2015.11.14-12.00.53:844][847]LogInit: XAudio2 using 'Haut-parleurs (Périphérique High Definition Audio)' : 2 channels at 44.1 kHz using 16 bits per sample (channel mask 0x3)
[2015.11.14-12.00.53:848][847]LogInit: FAudioDevice initialized.
[2015.11.14-12.00.53:880][847]LogWorld: Game class is 'Poopymode_C'
[2015.11.14-12.00.53:882][847]LogWorld: Bringing World /Game/Maps/UEDPIE_0_MainLevel.MainLevel up for play (max tick rate 60) at 2015.11.14-13.00.53
[2015.11.14-12.00.53:882][847]LogActor:Warning: GameSession /Game/Maps/UEDPIE_0_MainLevel.MainLevel:PersistentLevel.GameSession_2 has natively added scene component(s), but none of them were set as the actor's RootComponent - picking one arbitrarily
[2015.11.14-12.00.53:883][847]LogActor:Warning: GameNetworkManager /Game/Maps/UEDPIE_0_MainLevel.MainLevel:PersistentLevel.GameNetworkManager_2 has natively added scene component(s), but none of them were set as the actor's RootComponent - picking one arbitrarily
[2015.11.14-12.00.53:883][847]LogWorld: Bringing up level for play took: 0.001740
[2015.11.14-12.00.53:885][847]PIE: Info Play in editor start time for /Game/Maps/UEDPIE_0_MainLevel 0.871
[2015.11.14-12.00.53:885][847]LogBlueprintUserMessages: Late PlayInEditor Detection: Level '/Game/Maps/MainLevel.MainLevel:PersistentLevel' has LevelScriptBlueprint '/Game/Maps/MainLevel.MainLevel:PersistentLevel.MainLevel' with GeneratedClass '/Game/Maps/MainLevel.MainLevel_C' with ClassGeneratedBy '/Game/Maps/MainLevel.MainLevel:PersistentLevel.MainLevel'
[2015.11.14-12.00.58:158][103]LogBlueprintUserMessages: Early EndPlayMap Detection: Level '/Game/Maps/MainLevel.MainLevel:PersistentLevel' has LevelScriptBlueprint '/Game/Maps/MainLevel.MainLevel:PersistentLevel.MainLevel' with GeneratedClass '/Game/Maps/MainLevel.MainLevel_C' with ClassGeneratedBy '/Game/Maps/MainLevel.MainLevel:PersistentLevel.MainLevel'
[2015.11.14-12.00.58:196][103]LogBlueprintUserMessages: Late EndPlayMap Detection: Level '/Game/Maps/MainLevel.MainLevel:PersistentLevel' has LevelScriptBlueprint '/Game/Maps/MainLevel.MainLevel:PersistentLevel.MainLevel' with GeneratedClass '/Game/Maps/MainLevel.MainLevel_C' with ClassGeneratedBy '/Game/Maps/MainLevel.MainLevel:PersistentLevel.MainLevel'
[2015.11.14-12.00.58:258][104]LogParticles: Destroying 0 GPU particle simulations for FXSystem 0x0000000024A9B2E0
[2015.11.14-12.01.05:244][522]LogBlueprintUserMessages: Early PlayInEditor Detection: Level '/Game/Maps/MainLevel.MainLevel:PersistentLevel' has LevelScriptBlueprint '/Game/Maps/MainLevel.MainLevel:PersistentLevel.MainLevel' with GeneratedClass '/Game/Maps/MainLevel.MainLevel_C' with ClassGeneratedBy '/Game/Maps/MainLevel.MainLevel:PersistentLevel.MainLevel'
[2015.11.14-12.01.05:244][522]LogPlayLevel: PlayLevel: No blueprints needed recompiling
[2015.11.14-12.01.05:244][522]PIE: New page: PIE session: MainLevel (Nov 14, 2015, 2:01:05 PM)
[2015.11.14-12.01.05:244][522]LogPlayLevel: Creating play world package: /Game/Maps/UEDPIE_0_MainLevel
[2015.11.14-12.01.05:248][522]LogPlayLevel: PIE: StaticDuplicateObject took: (0.003552s)
[2015.11.14-12.01.05:249][522]LogAIModule: Creating AISystem for world MainLevel
[2015.11.14-12.01.05:249][522]LogPlayLevel: PIE: World Init took: (0.000820s)
[2015.11.14-12.01.05:249][522]LogPlayLevel: PIE: Created PIE world by copying editor world from /Game/Maps/MainLevel.MainLevel to /Game/Maps/UEDPIE_0_MainLevel.MainLevel (0.004600s)
[2015.11.14-12.01.05:292][522]LogInit: XAudio2 using 'Haut-parleurs (Périphérique High Definition Audio)' : 2 channels at 44.1 kHz using 16 bits per sample (channel mask 0x3)
[2015.11.14-12.01.05:297][522]LogInit: FAudioDevice initialized.
[2015.11.14-12.01.05:328][522]LogWorld: Game class is 'Poopymode_C'
[2015.11.14-12.01.05:330][522]LogWorld: Bringing World /Game/Maps/UEDPIE_0_MainLevel.MainLevel up for play (max tick rate 60) at 2015.11.14-13.01.05
[2015.11.14-12.01.05:330][522]LogActor:Warning: GameSession /Game/Maps/UEDPIE_0_MainLevel.MainLevel:PersistentLevel.GameSession_3 has natively added scene component(s), but none of them were set as the actor's RootComponent - picking one arbitrarily
[2015.11.14-12.01.05:330][522]LogActor:Warning: GameNetworkManager /Game/Maps/UEDPIE_0_MainLevel.MainLevel:PersistentLevel.GameNetworkManager_3 has natively added scene component(s), but none of them were set as the actor's RootComponent - picking one arbitrarily
[2015.11.14-12.01.05:330][522]LogWorld: Bringing up level for play took: 0.001739
[2015.11.14-12.01.05:332][522]PIE: Info Play in editor start time for /Game/Maps/UEDPIE_0_MainLevel 0.318
[2015.11.14-12.01.05:332][522]LogBlueprintUserMessages: Late PlayInEditor Detection: Level '/Game/Maps/MainLevel.MainLevel:PersistentLevel' has LevelScriptBlueprint '/Game/Maps/MainLevel.MainLevel:PersistentLevel.MainLevel' with GeneratedClass '/Game/Maps/MainLevel.MainLevel_C' with ClassGeneratedBy '/Game/Maps/MainLevel.MainLevel:PersistentLevel.MainLevel'
[2015.11.14-12.01.11:808][910]LogBlueprintUserMessages: Early EndPlayMap Detection: Level '/Game/Maps/MainLevel.MainLevel:PersistentLevel' has LevelScriptBlueprint '/Game/Maps/MainLevel.MainLevel:PersistentLevel.MainLevel' with GeneratedClass '/Game/Maps/MainLevel.MainLevel_C' with ClassGeneratedBy '/Game/Maps/MainLevel.MainLevel:PersistentLevel.MainLevel'
[2015.11.14-12.01.11:848][910]LogBlueprintUserMessages: Late EndPlayMap Detection: Level '/Game/Maps/MainLevel.MainLevel:PersistentLevel' has LevelScriptBlueprint '/Game/Maps/MainLevel.MainLevel:PersistentLevel.MainLevel' with GeneratedClass '/Game/Maps/MainLevel.MainLevel_C' with ClassGeneratedBy '/Game/Maps/MainLevel.MainLevel:PersistentLevel.MainLevel'
[2015.11.14-12.01.11:911][911]LogParticles: Destroying 0 GPU particle simulations for FXSystem 0x00000000535A8D60
[2015.11.14-12.03.15:600][933]LogEditorViewport: Clicking on Actor (LMB): CameraActor (CameraActor)
[2015.11.14-12.03.29:755][745]LogBlueprintUserMessages: Early PlayInEditor Detection: Level '/Game/Maps/MainLevel.MainLevel:PersistentLevel' has LevelScriptBlueprint '/Game/Maps/MainLevel.MainLevel:PersistentLevel.MainLevel' with GeneratedClass '/Game/Maps/MainLevel.MainLevel_C' with ClassGeneratedBy '/Game/Maps/MainLevel.MainLevel:PersistentLevel.MainLevel'
[2015.11.14-12.03.29:755][745]LogPlayLevel: PlayLevel: No blueprints needed recompiling
[2015.11.14-12.03.29:755][745]PIE: New page: PIE session: MainLevel (Nov 14, 2015, 2:03:29 PM)
[2015.11.14-12.03.29:755][745]LogPlayLevel: Creating play world package: /Game/Maps/UEDPIE_0_MainLevel
[2015.11.14-12.03.29:760][745]LogPlayLevel: PIE: StaticDuplicateObject took: (0.004765s)
[2015.11.14-12.03.29:761][745]LogAIModule: Creating AISystem for world MainLevel
[2015.11.14-12.03.29:761][745]LogPlayLevel: PIE: World Init took: (0.000706s)
[2015.11.14-12.03.29:761][745]LogPlayLevel: PIE: Created PIE world by copying editor world from /Game/Maps/MainLevel.MainLevel to /Game/Maps/UEDPIE_0_MainLevel.MainLevel (0.005667s)
[2015.11.14-12.03.29:842][745]LogInit: XAudio2 using 'Haut-parleurs (Périphérique High Definition Audio)' : 2 channels at 44.1 kHz using 16 bits per sample (channel mask 0x3)
[2015.11.14-12.03.29:847][745]LogInit: FAudioDevice initialized.
[2015.11.14-12.03.29:882][745]LogWorld: Game class is 'Poopymode_C'
[2015.11.14-12.03.29:884][745]LogWorld: Bringing World /Game/Maps/UEDPIE_0_MainLevel.MainLevel up for play (max tick rate 60) at 2015.11.14-13.03.29
[2015.11.14-12.03.29:885][745]LogActor:Warning: GameSession /Game/Maps/UEDPIE_0_MainLevel.MainLevel:PersistentLevel.GameSession_4 has natively added scene component(s), but none of them were set as the actor's RootComponent - picking one arbitrarily
[2015.11.14-12.03.29:885][745]LogActor:Warning: GameNetworkManager /Game/Maps/UEDPIE_0_MainLevel.MainLevel:PersistentLevel.GameNetworkManager_4 has natively added scene component(s), but none of them were set as the actor's RootComponent - picking one arbitrarily
[2015.11.14-12.03.29:885][745]LogWorld: Bringing up level for play took: 0.001785
[2015.11.14-12.03.29:887][745]PIE: Info Play in editor start time for /Game/Maps/UEDPIE_0_MainLevel 0.87
[2015.11.14-12.03.29:887][745]LogBlueprintUserMessages: Late PlayInEditor Detection: Level '/Game/Maps/MainLevel.MainLevel:PersistentLevel' has LevelScriptBlueprint '/Game/Maps/MainLevel.MainLevel:PersistentLevel.MainLevel' with GeneratedClass '/Game/Maps/MainLevel.MainLevel_C' with ClassGeneratedBy '/Game/Maps/MainLevel.MainLevel:PersistentLevel.MainLevel'
[2015.11.14-12.03.39:013][292]LogBlueprintUserMessages: Early EndPlayMap Detection: Level '/Game/Maps/MainLevel.MainLevel:PersistentLevel' has LevelScriptBlueprint '/Game/Maps/MainLevel.MainLevel:PersistentLevel.MainLevel' with GeneratedClass '/Game/Maps/MainLevel.MainLevel_C' with ClassGeneratedBy '/Game/Maps/MainLevel.MainLevel:PersistentLevel.MainLevel'
[2015.11.14-12.03.39:068][292]LogBlueprintUserMessages: Late EndPlayMap Detection: Level '/Game/Maps/MainLevel.MainLevel:PersistentLevel' has LevelScriptBlueprint '/Game/Maps/MainLevel.MainLevel:PersistentLevel.MainLevel' with GeneratedClass '/Game/Maps/MainLevel.MainLevel_C' with ClassGeneratedBy '/Game/Maps/MainLevel.MainLevel:PersistentLevel.MainLevel'
[2015.11.14-12.03.39:110][292]LogParticles: Destroying 0 GPU particle simulations for FXSystem 0x0000000024A9A480
[2015.11.14-12.03.57:599][  5]Cmd: OBJ SAVEPACKAGE PACKAGE="/Game/Blueprints/Scenes/Building" FILE="../../../../../../Users/Julio/Documents/Unreal Projects/GrandmaAndPooppy/Content/Blueprints/Scenes/Building.uasset" SILENT=true
[2015.11.14-12.03.57:642][  5]LogSavePackage: Save=34.427551ms
[2015.11.14-12.03.57:642][  5]LogSavePackage: Moving '../../../../../../Users/Julio/Documents/Unreal Projects/GrandmaAndPooppy/Saved/Building4348C313443A7F3F759F788C3D2F677A.tmp' to '../../../../../../Users/Julio/Documents/Unreal Projects/GrandmaAndPooppy/Content/Blueprints/Scenes/Building.uasset'
[2015.11.14-12.03.57:647][  5]LogSavePackage: Total save time: 45.810901ms
[2015.11.14-12.03.57:647][  5]LogSavePackage:Display: Finished SavePackage ../../../../../../Users/Julio/Documents/Unreal Projects/GrandmaAndPooppy/Content/Blueprints/Scenes/Building.uasset
[2015.11.14-12.03.57:706][  5]Cmd: OBJ SAVEPACKAGE PACKAGE="/Game/Maps/MainLevel" FILE="../../../../../../Users/Julio/Documents/Unreal Projects/GrandmaAndPooppy/Content/Maps/MainLevel.umap" SILENT=true AUTOSAVING=false KEEPDIRTY=false
[2015.11.14-12.03.57:826][  5]LogSavePackage: Save=71.022194ms
[2015.11.14-12.03.57:826][  5]LogSavePackage: Moving '../../../../../../Users/Julio/Documents/Unreal Projects/GrandmaAndPooppy/Saved/MainLevel239B1C714F483B9559863F95A819BC7F.tmp' to '../../../../../../Users/Julio/Documents/Unreal Projects/GrandmaAndPooppy/Content/Maps/MainLevel.umap'
[2015.11.14-12.03.57:830][  5]LogSavePackage: Total save time: 81.528049ms
[2015.11.14-12.03.57:830][  5]LogSavePackage:Display: Finished SavePackage ../../../../../../Users/Julio/Documents/Unreal Projects/GrandmaAndPooppy/Content/Maps/MainLevel.umap
[2015.11.14-12.03.57:868][  5]LogFileHelpers: Saving map 'MainLevel' took 0.218
[2015.11.14-12.03.58:014][  5]LogActorComponent: UnregisterComponent: (/Engine/Transient.EditorFloorComp) Not registered. Aborting.
[2015.11.14-12.03.58:378][  6]Cmd: QUIT_EDITOR
[2015.11.14-12.03.58:521][  6]LogExit: Preparing to exit.
[2015.11.14-12.03.59:586][  6]LogExit: Editor shut down
[2015.11.14-12.03.59:587][  6]LogExit: Transaction tracking system shut down
[2015.11.14-12.03.59:588][  6]LogParticles: Destroying 0 GPU particle simulations for FXSystem 0x0000000010856FC0
[2015.11.14-12.03.59:588][  6]LogParticles: Destroying 0 GPU particle simulations for FXSystem 0x000000001278F880
[2015.11.14-12.03.59:588][  6]LogParticles: Destroying 0 GPU particle simulations for FXSystem 0x0000000012993A60
[2015.11.14-12.03.59:589][  6]LogParticles: Destroying 0 GPU particle simulations for FXSystem 0x0000000012736660
[2015.11.14-12.03.59:591][  6]LogParticles: Destroying 0 GPU particle simulations for FXSystem 0x000000004E72FC40
[2015.11.14-12.03.59:594][  6]LogParticles: Destroying 0 GPU particle simulations for FXSystem 0x000000005930ACA0
[2015.11.14-12.03.59:594][  6]LogParticles: Destroying 0 GPU particle simulations for FXSystem 0x000000005D862980
[2015.11.14-12.03.59:783][  6]LogExit: Object subsystem successfully closed.
[2015.11.14-12.03.59:794][  6]LogD3D11RHI: Shutdown
[2015.11.14-12.03.59:794][  6]LogD3D11RHI: CleanupD3DDevice
[2015.11.14-12.03.59:874][  6]LogD3D11RHI: ~FD3D11DynamicRHI
[2015.11.14-12.03.59:893][  6]LogModuleManager: Shutting down and abandoning module CookingStats (201)
[2015.11.14-12.03.59:893][  6]LogModuleManager: Shutting down and abandoning module TextureEditor (200)
[2015.11.14-12.03.59:893][  6]LogModuleManager: Shutting down and abandoning module BlueprintGraph (199)
[2015.11.14-12.03.59:893][  6]LogModuleManager: Shutting down and abandoning module CrashTracker (198)
[2015.11.14-12.03.59:893][  6]LogModuleManager: Shutting down and abandoning module SceneOutliner (197)
[2015.11.14-12.03.59:893][  6]LogModuleManager: Shutting down and abandoning module SuperSearch (196)
[2015.11.14-12.03.59:893][  6]LogModuleManager: Shutting down and abandoning module WidgetCarousel (195)
[2015.11.14-12.03.59:893][  6]LogModuleManager: Shutting down and abandoning module AddContentDialog (194)
[2015.11.14-12.03.59:894][  6]LogModuleManager: Shutting down and abandoning module EditorWidgets (193)
[2015.11.14-12.03.59:894][  6]LogModuleManager: Shutting down and abandoning module CollectionManager (192)
[2015.11.14-12.03.59:895][  6]LogModuleManager: Shutting down and abandoning module StatsViewer (191)
[2015.11.14-12.03.59:895][  6]LogModuleManager: Shutting down and abandoning module FoliageEdit (190)
[2015.11.14-12.03.59:895][  6]LogModuleManager: Shutting down and abandoning module LandscapeEditor (189)
[2015.11.14-12.03.59:895][  6]LogModuleManager: Shutting down and abandoning module ActorPickerMode (188)
[2015.11.14-12.03.59:895][  6]LogModuleManager: Shutting down and abandoning module GeometryMode (187)
[2015.11.14-12.03.59:895][  6]LogModuleManager: Shutting down and abandoning module TextureAlignMode (186)
[2015.11.14-12.03.59:895][  6]LogModuleManager: Shutting down and abandoning module BspMode (185)
[2015.11.14-12.03.59:895][  6]LogModuleManager: Shutting down and abandoning module PlacementMode (184)
[2015.11.14-12.03.59:895][  6]LogModuleManager: Shutting down and abandoning module AutomationWorker (183)
[2015.11.14-12.03.59:895][  6]LogModuleManager: Shutting down and abandoning module CharacterAI (182)
[2015.11.14-12.03.59:895][  6]LogModuleManager: Shutting down and abandoning module SmartSnapping (181)
[2015.11.14-12.03.59:895][  6]LogModuleManager: Shutting down and abandoning module ViewportSnapping (180)
[2015.11.14-12.03.59:895][  6]LogModuleManager: Shutting down and abandoning module LogVisualizer (179)
[2015.11.14-12.03.59:895][  6]LogModuleManager: Shutting down and abandoning module GameProjectGeneration (178)
[2015.11.14-12.03.59:895][  6]LogModuleManager: Shutting down and abandoning module IntroTutorials (177)
[2015.11.14-12.03.59:896][  6]LogModuleManager: Shutting down and abandoning module EditorLiveStreaming (176)
[2015.11.14-12.03.59:896][  6]LogModuleManager: Shutting down and abandoning module IOSPlatformEditor (175)
[2015.11.14-12.03.59:896][  6]LogModuleManager: Shutting down and abandoning module HTML5PlatformEditor (174)
[2015.11.14-12.03.59:896][  6]LogModuleManager: Shutting down and abandoning module AndroidDeviceDetection (173)
[2015.11.14-12.04.00:617][  6]LogModuleManager: Shutting down and abandoning module AndroidPlatformEditor (172)
[2015.11.14-12.04.00:617][  6]LogModuleManager: Shutting down and abandoning module IOSRuntimeSettings (171)
[2015.11.14-12.04.00:617][  6]LogModuleManager: Shutting down and abandoning module AndroidRuntimeSettings (170)
[2015.11.14-12.04.00:617][  6]LogModuleManager: Shutting down and abandoning module MergeActors (169)
[2015.11.14-12.04.00:617][  6]LogModuleManager: Shutting down and abandoning module SizeMap (168)
[2015.11.14-12.04.00:617][  6]LogModuleManager: Shutting down and abandoning module TreeMap (167)
[2015.11.14-12.04.00:617][  6]LogModuleManager: Shutting down and abandoning module ReferenceViewer (166)
[2015.11.14-12.04.00:617][  6]LogModuleManager: Shutting down and abandoning module LocalizationService (165)
[2015.11.14-12.04.00:617][  6]LogModuleManager: Shutting down and abandoning module LocalizationDashboard (164)
[2015.11.14-12.04.00:617][  6]LogModuleManager: Shutting down and abandoning module HardwareTargeting (163)
[2015.11.14-12.04.00:617][  6]LogModuleManager: Shutting down and abandoning module DeviceProfileEditor (162)
[2015.11.14-12.04.00:617][  6]LogModuleManager: Shutting down and abandoning module UndoHistory (161)
[2015.11.14-12.04.00:617][  6]LogModuleManager: Shutting down and abandoning module GameplayTagsEditor (160)
[2015.11.14-12.04.00:617][  6]LogModuleManager: Shutting down and abandoning module UserFeedback (159)
[2015.11.14-12.04.00:617][  6]LogModuleManager: Shutting down and abandoning module XmlParser (158)
[2015.11.14-12.04.00:617][  6]LogModuleManager: Shutting down and abandoning module Blutility (157)
[2015.11.14-12.04.00:617][  6]LogModuleManager: Shutting down and abandoning module ProjectTargetPlatformEditor (156)
[2015.11.14-12.04.00:617][  6]LogModuleManager: Shutting down and abandoning module ProjectSettingsViewer (155)
[2015.11.14-12.04.00:618][  6]LogModuleManager: Shutting down and abandoning module InputBindingEditor (154)
[2015.11.14-12.04.00:618][  6]LogModuleManager: Shutting down and abandoning module EditorSettingsViewer (153)
[2015.11.14-12.04.00:618][  6]LogModuleManager: Shutting down and abandoning module SettingsEditor (152)
[2015.11.14-12.04.00:618][  6]LogModuleManager: Shutting down and abandoning module ProjectLauncher (151)
[2015.11.14-12.04.00:618][  6]LogModuleManager: Shutting down and abandoning module SessionFrontend (150)
[2015.11.14-12.04.00:618][  6]LogModuleManager: Shutting down and abandoning module ProfilerClient (149)
[2015.11.14-12.04.00:618][  6]LogModuleManager: Shutting down and abandoning module TargetDeviceServices (148)
[2015.11.14-12.04.00:618][  6]LogModuleManager: Shutting down and abandoning module DeviceManager (147)
[2015.11.14-12.04.00:618][  6]LogModuleManager: Shutting down and abandoning module AutomationController (146)
[2015.11.14-12.04.00:618][  6]LogModuleManager: Shutting down and abandoning module AutomationWindow (145)
[2015.11.14-12.04.00:618][  6]LogModuleManager: Shutting down and abandoning module Layers (144)
[2015.11.14-12.04.00:618][  6]LogModuleManager: Shutting down and abandoning module ComponentVisualizers (143)
[2015.11.14-12.04.00:618][  6]LogModuleManager: Shutting down and abandoning module DetailCustomizations (142)
[2015.11.14-12.04.00:618][  6]LogModuleManager: Shutting down and abandoning module PackagesDialog (141)
[2015.11.14-12.04.00:618][  6]LogModuleManager: Shutting down and abandoning module Persona (140)
[2015.11.14-12.04.00:618][  6]LogModuleManager: Shutting down and abandoning module Kismet (139)
[2015.11.14-12.04.00:618][  6]LogModuleManager: Shutting down and abandoning module GraphEditor (138)
[2015.11.14-12.04.00:618][  6]LogModuleManager: Shutting down and abandoning module ClassViewer (137)
[2015.11.14-12.04.00:618][  6]LogModuleManager: Shutting down and abandoning module Toolbox (136)
[2015.11.14-12.04.00:618][  6]LogModuleManager: Shutting down and abandoning module ModuleUI (135)
[2015.11.14-12.04.00:618][  6]LogModuleManager: Shutting down and abandoning module MovieSceneTools (134)
[2015.11.14-12.04.00:618][  6]LogModuleManager: Shutting down and abandoning module OutputLog (133)
[2015.11.14-12.04.00:618][  6]LogModuleManager: Shutting down and abandoning module GammaUI (132)
[2015.11.14-12.04.00:618][  6]LogModuleManager: Shutting down and abandoning module Documentation (131)
[2015.11.14-12.04.00:618][  6]LogModuleManager: Shutting down and abandoning module GameLiveStreaming (130)
[2015.11.14-12.04.00:618][  6]LogModuleManager: Shutting down and abandoning module StreamingPauseRendering (129)
[2015.11.14-12.04.00:618][  6]LogModuleManager: Shutting down and abandoning module AnalyticsET (128)
[2015.11.14-12.04.00:618][  6]LogModuleManager: Shutting down and abandoning module Analytics (127)
[2015.11.14-12.04.00:618][  6]LogModuleManager: Shutting down and abandoning module AITestSuite (126)
[2015.11.14-12.04.00:618][  6]LogModuleManager: Shutting down and abandoning module GameplayDebugger (125)
[2015.11.14-12.04.00:618][  6]LogModuleManager: Shutting down and abandoning module AIModule (124)
[2015.11.14-12.04.00:618][  6]LogModuleManager: Shutting down and abandoning module ProfilerService (123)
[2015.11.14-12.04.00:685][  6]LogModuleManager: Shutting down and abandoning module TaskGraph (122)
[2015.11.14-12.04.00:685][  6]LogModuleManager: Shutting down and abandoning module SlateRemote (121)
[2015.11.14-12.04.00:685][  6]LogModuleManager: Shutting down and abandoning module SteamVRController (120)
[2015.11.14-12.04.00:685][  6]LogModuleManager: Shutting down and abandoning module SteamVR (119)
[2015.11.14-12.04.00:685][  6]LogModuleManager: Shutting down and abandoning module ProceduralMeshComponent (118)
[2015.11.14-12.04.00:685][  6]LogModuleManager: Shutting down and abandoning module OculusLibrary (117)
[2015.11.14-12.04.00:685][  6]LogModuleManager: Shutting down and abandoning module OculusInput (116)
[2015.11.14-12.04.00:685][  6]LogModuleManager: Shutting down and abandoning module LeapMotionController (115)
[2015.11.14-12.04.00:693][  6]LogModuleManager: Shutting down and abandoning module CustomMeshComponent (114)
[2015.11.14-12.04.00:693][  6]LogModuleManager: Shutting down and abandoning module CableComponent (113)
[2015.11.14-12.04.00:693][  6]LogModuleManager: Shutting down and abandoning module ArchVisCharacter (112)
[2015.11.14-12.04.00:693][  6]LogModuleManager: Shutting down and abandoning module MessagingDebugger (111)
[2015.11.14-12.04.00:693][  6]LogModuleManager: Shutting down and abandoning module MediaPlayerEditor (110)
[2015.11.14-12.04.00:693][  6]LogModuleManager: Shutting down and abandoning module HTML5Networking (109)
[2015.11.14-12.04.00:693][  6]LogModuleManager: Shutting down and abandoning module SpeedTreeImporter (108)
[2015.11.14-12.04.00:693][  6]LogModuleManager: Shutting down and abandoning module PluginBrowser (107)
[2015.11.14-12.04.00:693][  6]LogModuleManager: Shutting down and abandoning module EpicSurvey (106)
[2015.11.14-12.04.00:693][  6]LogModuleManager: Shutting down and abandoning module DesktopPlatform (105)
[2015.11.14-12.04.00:693][  6]LogModuleManager: Shutting down and abandoning module VisualStudioSourceCodeAccess (104)
[2015.11.14-12.04.00:693][  6]LogModuleManager: Shutting down and abandoning module UObjectPlugin (103)
[2015.11.14-12.04.00:693][  6]LogModuleManager: Shutting down and abandoning module SubversionSourceControl (102)
[2015.11.14-12.04.00:693][  6]LogModuleManager: Shutting down and abandoning module PerforceSourceControl (101)
[2015.11.14-12.04.00:693][  6]LogModuleManager: Shutting down and abandoning module SourceControl (100)
[2015.11.14-12.04.00:693][  6]LogModuleManager: Shutting down and abandoning module GitSourceControl (99)
[2015.11.14-12.04.00:693][  6]LogModuleManager: Shutting down and abandoning module LightPropagationVolumeEditor (98)
[2015.11.14-12.04.00:693][  6]LogModuleManager: Shutting down and abandoning module PaperTiledImporter (97)
[2015.11.14-12.04.00:693][  6]LogModuleManager: Shutting down and abandoning module PaperSpriteSheetImporter (96)
[2015.11.14-12.04.00:693][  6]LogModuleManager: Shutting down and abandoning module MeshPaint (95)
[2015.11.14-12.04.00:693][  6]LogModuleManager: Shutting down and abandoning module SlateReflector (94)
[2015.11.14-12.04.00:693][  6]LogModuleManager: Shutting down and abandoning module HotReload (93)
[2015.11.14-12.04.00:693][  6]LogModuleManager: Shutting down and abandoning module MainFrame (92)
[2015.11.14-12.04.00:694][  6]LogModuleManager: Shutting down and abandoning module LevelEditor (91)
[2015.11.14-12.04.00:694][  6]LogModuleManager: Shutting down and abandoning module DirectoryWatcher (90)
[2015.11.14-12.04.00:695][  6]LogModuleManager: Shutting down and abandoning module AssetRegistry (89)
[2015.11.14-12.04.00:722][  6]LogModuleManager: Shutting down and abandoning module ContentBrowser (88)
[2015.11.14-12.04.00:723][  6]LogModuleManager: Shutting down and abandoning module Paper2DEditor (87)
[2015.11.14-12.04.00:723][  6]LogModuleManager: Shutting down and abandoning module UdpMessaging (86)
[2015.11.14-12.04.00:823][  6]LogModuleManager: Shutting down and abandoning module LightPropagationVolumeRuntime (85)
[2015.11.14-12.04.00:823][  6]LogModuleManager: Shutting down and abandoning module Paper2D (84)
[2015.11.14-12.04.00:823][  6]LogModuleManager: Shutting down and abandoning module WindowsMoviePlayer (83)
[2015.11.14-12.04.00:826][  6]LogModuleManager: Shutting down and abandoning module Media (82)
[2015.11.14-12.04.00:826][  6]LogModuleManager: Shutting down and abandoning module WmfMedia (81)
[2015.11.14-12.04.00:826][  6]LogModuleManager: Shutting down and abandoning module OnlineBlueprintSupport (80)
[2015.11.14-12.04.00:826][  6]LogModuleManager: Shutting down and abandoning module GameplayTasksEditor (79)
[2015.11.14-12.04.00:826][  6]LogModuleManager: Shutting down and abandoning module PropertyEditor (78)
[2015.11.14-12.04.00:827][  6]LogModuleManager: Shutting down and abandoning module BehaviorTreeEditor (77)
[2015.11.14-12.04.00:827][  6]LogModuleManager: Shutting down and abandoning module FunctionalTesting (76)
[2015.11.14-12.04.00:827][  6]LogModuleManager: Shutting down and abandoning module CollisionAnalyzer (75)
[2015.11.14-12.04.00:827][  6]LogModuleManager: Shutting down and abandoning module WorkspaceMenuStructure (74)
[2015.11.14-12.04.00:827][  6]LogModuleManager: Shutting down and abandoning module MessageLog (73)
[2015.11.14-12.04.00:827][  6]LogModuleManager: Shutting down and abandoning module Sequencer (72)
[2015.11.14-12.04.00:827][  6]LogModuleManager: Shutting down and abandoning module AssetTools (71)
[2015.11.14-12.04.00:827][  6]LogModuleManager: Shutting down and abandoning module UMGEditor (70)
[2015.11.14-12.04.00:827][  6]LogModuleManager: Shutting down and abandoning module UMG (69)
[2015.11.14-12.04.00:827][  6]LogModuleManager: Shutting down and abandoning module Slate (68)
[2015.11.14-12.04.00:827][  6]LogModuleManager: Shutting down and abandoning module EditorStyle (67)
[2015.11.14-12.04.00:829][  6]LogModuleManager: Shutting down and abandoning module SessionServices (66)
[2015.11.14-12.04.00:829][  6]LogModuleManager: Shutting down and abandoning module SourceCodeAccess (65)
[2015.11.14-12.04.00:829][  6]LogModuleManager: Shutting down and abandoning module HeadMountedDisplay (64)
[2015.11.14-12.04.00:829][  6]LogModuleManager: Shutting down and abandoning module XAudio2 (63)
[2015.11.14-12.04.00:829][  6]LogModuleManager: Shutting down and abandoning module Networking (61)
[2015.11.14-12.04.00:829][  6]LogModuleManager: Shutting down and abandoning module Core (60)
[2015.11.14-12.04.00:829][  6]LogModuleManager: Shutting down and abandoning module KismetCompiler (59)
[2015.11.14-12.04.00:829][  6]LogModuleManager: Shutting down and abandoning module PhysXFormats (58)
[2015.11.14-12.04.00:829][  6]LogModuleManager: Shutting down and abandoning module MeshUtilities (57)
[2015.11.14-12.04.00:829][  6]LogModuleManager: Shutting down and abandoning module DerivedDataCache (56)
[2015.11.14-12.04.00:869][  6]LogDerivedDataCache: Shutdown
[2015.11.14-12.04.00:869][  6]LogModuleManager: Shutting down and abandoning module ShaderFormatOpenGL (55)
[2015.11.14-12.04.00:869][  6]LogModuleManager: Shutting down and abandoning module ShaderFormatD3D (54)
[2015.11.14-12.04.00:869][  6]LogModuleManager: Shutting down and abandoning module MetalShaderFormat (53)
[2015.11.14-12.04.00:869][  6]LogModuleManager: Shutting down and abandoning module TextureFormatUncompressed (52)
[2015.11.14-12.04.00:869][  6]LogModuleManager: Shutting down and abandoning module TextureFormatPVR (51)
[2015.11.14-12.04.00:869][  6]LogModuleManager: Shutting down and abandoning module TextureFormatIntelISPCTexComp (50)
[2015.11.14-12.04.00:869][  6]LogModuleManager: Shutting down and abandoning module TextureFormatDXT (49)
[2015.11.14-12.04.00:869][  6]LogModuleManager: Shutting down and abandoning module ImageWrapper (48)
[2015.11.14-12.04.00:869][  6]LogModuleManager: Shutting down and abandoning module TextureFormatASTC (47)
[2015.11.14-12.04.00:869][  6]LogModuleManager: Shutting down and abandoning module TextureFormatAndroid (46)
[2015.11.14-12.04.00:869][  6]LogModuleManager: Shutting down and abandoning module AudioFormatOpus (45)
[2015.11.14-12.04.00:869][  6]LogModuleManager: Shutting down and abandoning module AudioFormatOgg (44)
[2015.11.14-12.04.00:869][  6]LogModuleManager: Shutting down and abandoning module AudioFormatADPCM (43)
[2015.11.14-12.04.00:869][  6]LogModuleManager: Shutting down and abandoning module LinuxTargetPlatform (42)
[2015.11.14-12.04.00:869][  6]LogModuleManager: Shutting down and abandoning module LinuxServerTargetPlatform (41)
[2015.11.14-12.04.00:869][  6]LogModuleManager: Shutting down and abandoning module LinuxNoEditorTargetPlatform (40)
[2015.11.14-12.04.00:869][  6]LogModuleManager: Shutting down and abandoning module Messaging (39)
[2015.11.14-12.04.00:869][  6]LogModuleManager: Shutting down and abandoning module IOSTargetPlatform (38)
[2015.11.14-12.04.00:869][  6]LogModuleManager: Shutting down and abandoning module HTML5TargetPlatform (37)
[2015.11.14-12.04.00:869][  6]LogModuleManager: Shutting down and abandoning module Android_PVRTCTargetPlatform (36)
[2015.11.14-12.04.00:869][  6]LogModuleManager: Shutting down and abandoning module Android_MultiTargetPlatform (35)
[2015.11.14-12.04.00:869][  6]LogModuleManager: Shutting down and abandoning module Android_ETC2TargetPlatform (34)
[2015.11.14-12.04.00:869][  6]LogModuleManager: Shutting down and abandoning module Android_ETC1TargetPlatform (33)
[2015.11.14-12.04.00:869][  6]LogModuleManager: Shutting down and abandoning module Android_DXTTargetPlatform (32)
[2015.11.14-12.04.00:869][  6]LogModuleManager: Shutting down and abandoning module Android_ATCTargetPlatform (31)
[2015.11.14-12.04.00:869][  6]LogModuleManager: Shutting down and abandoning module Android_ASTCTargetPlatform (30)
[2015.11.14-12.04.00:869][  6]LogModuleManager: Shutting down and abandoning module AndroidTargetPlatform (29)
[2015.11.14-12.04.00:869][  6]LogModuleManager: Shutting down and abandoning module WindowsTargetPlatform (28)
[2015.11.14-12.04.00:869][  6]LogModuleManager: Shutting down and abandoning module WindowsServerTargetPlatform (27)
[2015.11.14-12.04.00:869][  6]LogModuleManager: Shutting down and abandoning module WindowsNoEditorTargetPlatform (26)
[2015.11.14-12.04.00:870][  6]LogModuleManager: Shutting down and abandoning module WindowsClientTargetPlatform (25)
[2015.11.14-12.04.00:870][  6]LogModuleManager: Shutting down and abandoning module AllDesktopTargetPlatform (24)
[2015.11.14-12.04.00:870][  6]LogModuleManager: Shutting down and abandoning module TargetPlatform (23)
[2015.11.14-12.04.00:870][  6]LogModuleManager: Shutting down and abandoning module InputCore (22)
[2015.11.14-12.04.00:870][  6]LogModuleManager: Shutting down and abandoning module Settings (21)
[2015.11.14-12.04.00:870][  6]LogModuleManager: Shutting down and abandoning module OnlineSubsystem (19)
[2015.11.14-12.04.00:870][  6]LogModuleManager: Shutting down and abandoning module HTTP (18)
[2015.11.14-12.04.01:870][  6]LogModuleManager: Shutting down and abandoning module XMPP (17)
[2015.11.14-12.04.01:870][  6]LogModuleManager: Shutting down and abandoning module OculusRift (16)
[2015.11.14-12.04.01:870][  6]LogModuleManager: Shutting down and abandoning module ExampleDeviceProfileSelector (15)
[2015.11.14-12.04.01:870][  6]LogModuleManager: Shutting down and abandoning module TextureCompressor (14)
[2015.11.14-12.04.01:870][  6]LogModuleManager: Shutting down and abandoning module ShaderCore (13)
[2015.11.14-12.04.01:870][  6]LogModuleManager: Shutting down and abandoning module Landscape (12)
[2015.11.14-12.04.01:870][  6]LogModuleManager: Shutting down and abandoning module SlateRHIRenderer (11)
[2015.11.14-12.04.01:871][  6]LogModuleManager: Shutting down and abandoning module OpenGLDrv (10)
[2015.11.14-12.04.01:871][  6]LogModuleManager: Shutting down and abandoning module D3D11RHI (9)
[2015.11.14-12.04.01:871][  6]LogModuleManager: Shutting down and abandoning module AnimGraphRuntime (8)
[2015.11.14-12.04.01:871][  6]LogModuleManager: Shutting down and abandoning module Renderer (7)
[2015.11.14-12.04.01:871][  6]LogModuleManager: Shutting down and abandoning module Engine (6)
[2015.11.14-12.04.01:871][  6]LogModuleManager: Shutting down and abandoning module CoreUObject (5)
[2015.11.14-12.04.01:871][  6]LogModuleManager: Shutting down and abandoning module NetworkFile (4)
[2015.11.14-12.04.01:871][  6]LogModuleManager: Shutting down and abandoning module StreamingFile (3)
[2015.11.14-12.04.01:871][  6]LogModuleManager: Shutting down and abandoning module SandboxFile (2)
[2015.11.14-12.04.01:871][  6]LogModuleManager: Shutting down and abandoning module PakFile (1)
[2015.11.14-12.04.01:872][  6]LogExit: Exiting.
[2015.11.14-12.04.01:891][  6]Log file closed, 11/14/15 13:04:01
