[2015.11.15-14.05.06:629][  0]Log file open, 11/15/15 15:05:06
[2015.11.15-14.05.06:629][  0]LogInit:Display: Running engine for game: GrandmaAndPooppy
[2015.11.15-14.05.06:629][  0]LogPlatformFile: Not using cached read wrapper
[2015.11.15-14.05.06:629][  0]LogInit:Display: RandInit(1228585899) SRandInit(1228585900).
[2015.11.15-14.05.06:629][  0]LogTaskGraph: Started task graph with 4 named threads and 5 total threads.
[2015.11.15-14.05.06:629][  0]LogStats: Stats thread started at 0.057949
[2015.11.15-14.05.06:629][  0]LogInit: Version: 4.10.0-2758231+++depot+UE4-Releases+4.10
[2015.11.15-14.05.06:629][  0]LogInit: API Version: 2758231
[2015.11.15-14.05.06:629][  0]LogInit: Compiled (64-bit): Nov  7 2015 05:13:45
[2015.11.15-14.05.06:629][  0]LogInit: Compiled with Visual C++: 19.00.23026.00
[2015.11.15-14.05.06:629][  0]LogInit: Build Configuration: Development
[2015.11.15-14.05.06:629][  0]LogInit: Branch Name: ++depot+UE4-Releases+4.10
[2015.11.15-14.05.06:629][  0]LogInit: Command line:  
[2015.11.15-14.05.06:629][  0]LogInit: Base directory: C:/Logiciels/Epic Games/4.10/Engine/Binaries/Win64/
[2015.11.15-14.05.06:629][  0]LogInit: Rocket: 1
[2015.11.15-14.05.06:643][  0]LogInit: Using libcurl 7.41.0
[2015.11.15-14.05.06:643][  0]LogInit:  - built for x86_64-pc-win32
[2015.11.15-14.05.06:643][  0]LogInit:  - supports SSL with WinSSL
[2015.11.15-14.05.06:643][  0]LogInit:  - other features:
[2015.11.15-14.05.06:643][  0]LogInit:      CURL_VERSION_SSL
[2015.11.15-14.05.06:643][  0]LogInit:      CURL_VERSION_IPV6
[2015.11.15-14.05.06:643][  0]LogInit:      CURL_VERSION_ASYNCHDNS
[2015.11.15-14.05.06:643][  0]LogInit:      CURL_VERSION_LARGEFILE
[2015.11.15-14.05.06:643][  0]LogInit:      CURL_VERSION_IDN
[2015.11.15-14.05.06:643][  0]LogInit:  CurlRequestOptions (configurable via config and command line):
[2015.11.15-14.05.06:643][  0]LogInit:  - bVerifyPeer = true  - Libcurl will verify peer certificate
[2015.11.15-14.05.06:643][  0]LogInit:  - bUseHttpProxy = false  - Libcurl will NOT use HTTP proxy
[2015.11.15-14.05.06:643][  0]LogInit:  - bDontReuseConnections = false  - Libcurl will reuse connections
[2015.11.15-14.05.06:643][  0]LogInit:  - CertBundlePath = nullptr  - Libcurl will use whatever was configured at build time.
[2015.11.15-14.05.06:654][  0]LogInit: Presizing for 0 objects not considered by GC, pre-allocating 0 bytes.
[2015.11.15-14.05.06:666][  0]LogInit: Object subsystem initialized
[2015.11.15-14.05.06:668][  0]LogInit: Selected Device Profile: [Windows]
[2015.11.15-14.05.06:668][  0]LogInit: Applying CVar settings loaded from the selected device profile: [Windows]
[2015.11.15-14.05.06:681][  0]LogInit: Computer: LASALAMANDRE
[2015.11.15-14.05.06:681][  0]LogInit: User: Julio
[2015.11.15-14.05.06:681][  0]LogInit: CPU Page size=4096, Cores=2
[2015.11.15-14.05.06:681][  0]LogInit: High frequency timer resolution =2.533388 MHz
[2015.11.15-14.05.06:681][  0]LogMemory: Memory total: Physical=7.9GB (8GB approx)
[2015.11.15-14.05.06:681][  0]LogMemory: Platform Memory Stats for Windows
[2015.11.15-14.05.06:681][  0]LogMemory: Process Physical Memory: 56.68 MB used, 56.68 MB peak
[2015.11.15-14.05.06:681][  0]LogMemory: Process Virtual Memory: 59.22 MB used, 59.22 MB peak
[2015.11.15-14.05.06:681][  0]LogMemory: Physical Memory: 5099.10 MB used, 8088.75 MB total
[2015.11.15-14.05.06:681][  0]LogMemory: Virtual Memory: 353.13 MB used, 8388608.00 MB total
[2015.11.15-14.05.06:727][  0]LogTextLocalizationManager: No translations for ('fr-FR') exist, falling back to 'en' for localization and internationalization data.
[2015.11.15-14.05.07:465][  0]LogD3D11RHI: Found D3D11 adapter 0: NVIDIA GeForce GTX 670MX (Feature Level 11_0)
[2015.11.15-14.05.07:465][  0]LogD3D11RHI: Adapter has 3009MB of dedicated video memory, 0MB of dedicated system memory, and 3788MB of shared system memory, 1 output[s]
[2015.11.15-14.05.07:500][  0]LogD3D11RHI: Found D3D11 adapter 1: NVIDIA GeForce GTX 670MX (Feature Level 11_0)
[2015.11.15-14.05.07:500][  0]LogD3D11RHI: Adapter has 3009MB of dedicated video memory, 0MB of dedicated system memory, and 3788MB of shared system memory, 0 output[s]
[2015.11.15-14.05.07:500][  0]LogD3D11RHI: Chosen D3D11 Adapter Id = 0
[2015.11.15-14.05.07:509][  0]LogD3D11RHI: !Direct3DDevice
[2015.11.15-14.05.07:509][  0]LogRHI: Texture pool is 1361 MB (70% of 1945 MB)
[2015.11.15-14.05.07:533][  0]LogD3D11RHI: Async texture creation enabled
[2015.11.15-14.05.07:547][  0]LogShaderCompilers: Guid format shader working directory is -26 characters bigger than the processId version (../../../../../../Users/Julio/Documents/Unreal Projects/GrandmaAndPooppy/Intermediate/Shaders/WorkingDirectory/8296/).
[2015.11.15-14.05.07:548][  0]LogShaderCompilers: Cleaned the shader compiler working directory 'C:/Users/Julio/AppData/Local/Temp/UnrealShaderWorkingDir/C2BA758940D92E8864C3FAA35B7970B1/'.
[2015.11.15-14.05.07:548][  0]LogShaderCompilers:Display: Using Local Shader Compiler.
[2015.11.15-14.05.08:492][  0]LogTemp:Display: Loaded TP AllDesktopTargetPlatform
[2015.11.15-14.05.08:497][  0]LogTemp:Display: Loaded TP WindowsClientTargetPlatform
[2015.11.15-14.05.08:502][  0]LogTemp:Display: Loaded TP WindowsNoEditorTargetPlatform
[2015.11.15-14.05.08:508][  0]LogTemp:Display: Loaded TP WindowsServerTargetPlatform
[2015.11.15-14.05.08:513][  0]LogTemp:Display: Loaded TP WindowsTargetPlatform
[2015.11.15-14.05.08:517][  0]LogTemp:Display: Loaded TP AndroidTargetPlatform
[2015.11.15-14.05.08:520][  0]LogTemp:Display: Loaded TP Android_ASTCTargetPlatform
[2015.11.15-14.05.08:523][  0]LogTemp:Display: Loaded TP Android_ATCTargetPlatform
[2015.11.15-14.05.08:527][  0]LogTemp:Display: Loaded TP Android_DXTTargetPlatform
[2015.11.15-14.05.08:531][  0]LogTemp:Display: Loaded TP Android_ETC1TargetPlatform
[2015.11.15-14.05.08:535][  0]LogTemp:Display: Loaded TP Android_ETC2TargetPlatform
[2015.11.15-14.05.08:545][  0]LogTemp:Display: Loaded TP Android_MultiTargetPlatform
[2015.11.15-14.05.08:545][  0]LogTemp:Display: Loaded TP Android_PVRTCTargetPlatform
[2015.11.15-14.05.08:546][  0]LogTemp:Display: Loaded TP HTML5TargetPlatform
[2015.11.15-14.05.08:562][  0]LogTemp:Display: Loaded TP IOSTargetPlatform
[2015.11.15-14.05.08:564][  0]LogTemp:Display: Loaded TP LinuxNoEditorTargetPlatform
[2015.11.15-14.05.08:567][  0]LogTemp:Display: Loaded TP LinuxServerTargetPlatform
[2015.11.15-14.05.08:571][  0]LogTemp:Display: Loaded TP LinuxTargetPlatform
[2015.11.15-14.05.08:571][  0]LogTargetPlatformManager:Display: Building Assets For Windows
[2015.11.15-14.05.08:675][  0]LogDerivedDataCache:Display: Max Cache Size: 512 MB
[2015.11.15-14.05.08:735][  0]LogDerivedDataCache: Loaded boot cache 0.06s 41MB C:/Users/Julio/AppData/Local/UnrealEngine/4.10/DerivedDataCache/Boot.ddc.
[2015.11.15-14.05.08:735][  0]LogDerivedDataCache:Display: Loaded Boot cache: C:/Users/Julio/AppData/Local/UnrealEngine/4.10/DerivedDataCache/Boot.ddc
[2015.11.15-14.05.08:735][  0]LogDerivedDataCache: FDerivedDataBackendGraph:  Pak pak cache file ../../../../../../Users/Julio/Documents/Unreal Projects/GrandmaAndPooppy/DerivedDataCache/DDC.ddp not found, will not use a pak cache.
[2015.11.15-14.05.08:735][  0]LogDerivedDataCache: Unable to find inner node Pak for hierarchical cache Hierarchy.
[2015.11.15-14.05.08:735][  0]LogDerivedDataCache: FDerivedDataBackendGraph:  CompressedPak pak cache file ../../../../../../Users/Julio/Documents/Unreal Projects/GrandmaAndPooppy/DerivedDataCache/Compressed.ddp not found, will not use a pak cache.
[2015.11.15-14.05.08:735][  0]LogDerivedDataCache: Unable to find inner node CompressedPak for hierarchical cache Hierarchy.
[2015.11.15-14.05.08:808][  0]LogDerivedDataCache:Display: Pak cache opened for reading ../../../Engine/DerivedDataCache/Compressed.ddp.
[2015.11.15-14.05.08:820][  0]LogDerivedDataCache: Using Local data cache path C:/Users/Julio/AppData/Local/UnrealEngine/Common/DerivedDataCache: Writable
[2015.11.15-14.05.09:000][  0]LogInit: Selected Device Profile: [Windows]
[2015.11.15-14.05.09:001][  0]LogContentStreaming: Texture pool size is 0.000000MB
[2015.11.15-14.05.09:039][  0]LogMeshUtilities: No automatic mesh reduction module available
[2015.11.15-14.05.09:039][  0]LogMeshUtilities: No automatic mesh merging module available
[2015.11.15-14.05.09:385][  0]LogInit: WinSock: version 1.1 (2.2), MaxSocks=32767, MaxUdp=65467
[2015.11.15-14.05.10:188][  0]UdpMessaging: Initializing bridge on interface 0.0.0.0:0 to multicast group 230.0.0.1:6666.
[2015.11.15-14.05.10:283][  0]LogAssetRegistry: FAssetRegistry took 0.0104 seconds to start up
[2015.11.15-14.05.10:499][  0]SourceControl: Info Source control is disabled
[2015.11.15-14.05.10:500][  0]SourceControl: Info Source control is disabled
[2015.11.15-14.05.10:511][  0]SourceControl: Info Source control is disabled
[2015.11.15-14.05.10:522][  0]SourceControl: Info Source control is disabled
[2015.11.15-14.05.10:746][  0]LogObj: 28633 objects as part of root set at end of initial load.
[2015.11.15-14.05.10:746][  0]LogUObjectAllocator: 6099752 out of 0 bytes used by permanent object pool.
[2015.11.15-14.05.10:805][  0]LogEngine: Initializing Engine...
[2015.11.15-14.05.10:808][  0]LogHMD: Can't find Oculus library dev build: is proper Runtime installed? Version: 0.8.0.0
[2015.11.15-14.05.10:808][  0]LogHMD: SteamVR failed to initialize.  Err: 110
[2015.11.15-14.05.10:962][  0]LogAIModule: Creating AISystem for world NewWorld
[2015.11.15-14.05.10:968][  0]LogInit: XAudio2 using 'Haut-parleurs (Périphérique High Definition Audio)' : 2 channels at 44.1 kHz using 16 bits per sample (channel mask 0x3)
[2015.11.15-14.05.10:988][  0]LogInit: FAudioDevice initialized.
[2015.11.15-14.05.11:013][  0]LogDerivedDataCache: Saved boot cache 0.02s 41MB C:/Users/Julio/AppData/Local/UnrealEngine/4.10/DerivedDataCache/Boot.ddc.
[2015.11.15-14.05.11:018][  0]LogInit: Texture streaming: Enabled
[2015.11.15-14.05.11:025][  0]LogAnalytics: Creating configured Analytics provider AnalyticsET
[2015.11.15-14.05.11:025][  0]LogAnalytics: [UEEditor.Rocket.Release] APIServer = http://et2.epicgames.com/ET2/. AppVersion = 4.10.0-2758231+++depot+UE4-Releases+4.10
[2015.11.15-14.05.11:025][  0]LogAnalytics: [UEEditor.Rocket.Release] SetUserId 7363a7de489977d2d6e8a5a849b15fd2|6c143e4a78834ca18f4c828388e83007|ed842e65-bf83-4705-912f-96b2489fe3ee
[2015.11.15-14.05.11:025][  0]LogAnalytics: [UEEditor.Rocket.Release] AnalyticsET::StartSession
[2015.11.15-14.05.11:047][  0]LogInit: Transaction tracking system initialized
[2015.11.15-14.05.11:086][  0]BlueprintLog: New page: Editor Load
[2015.11.15-14.05.11:184][  0]LocalizationService: Info Localization service is disabled
[2015.11.15-14.05.11:267][  0]LogConsoleResponse:Display: 
[2015.11.15-14.05.11:445][  0]LogCook:Display: Done creating registry. It took  0.00s.
[2015.11.15-14.05.11:540][  0]LogFileCache: Scanning file cache for directory 'C:/Users/Julio/Documents/Unreal Projects/GrandmaAndPooppy/Content/' took 0.01s
[2015.11.15-14.05.11:540][  0]SourceControl: Info Source control is disabled
[2015.11.15-14.05.11:540][  0]Cmd: MAP LOAD FILE="../../../../../../Users/Julio/Documents/Unreal Projects/GrandmaAndPooppy/Content/Maps/MainLevel.umap" TEMPLATE=0 SHOWPROGRESS=1 FEATURELEVEL=3
[2015.11.15-14.05.11:541][  0]LightingResults: New page: Lighting Build
[2015.11.15-14.05.11:546][  0]MapCheck: New page: Map Check
[2015.11.15-14.05.11:546][  0]LightingResults: New page: Lighting Build
[2015.11.15-14.05.12:155][  0]LogParticles: Destroying 0 GPU particle simulations for FXSystem 0x0000000025DF6AC0
[2015.11.15-14.05.13:277][  0]LogAIModule: Creating AISystem for world MainLevel
[2015.11.15-14.05.13:288][  0]LogEditorServer: Finished looking for orphan Actors (0.000 secs)
[2015.11.15-14.05.13:288][  0]Cmd: MAP CHECKDEP NOCLEARLOG
[2015.11.15-14.05.13:373][  0]MapCheck: Info Map check complete: 0 Error(s), 0 Warning(s), took 84.891ms to complete.
[2015.11.15-14.05.13:373][  0]LogFileHelpers: Loading map 'MainLevel' took 1.833
[2015.11.15-14.05.13:500][  0]LogCollectionManager: Loaded 0 collections in 0.003609 seconds
[2015.11.15-14.05.13:539][  0]LogFileCache: Scanning file cache for directory 'C:/Users/Julio/Documents/Unreal Projects/GrandmaAndPooppy/Saved/Collections/' took 0.01s
[2015.11.15-14.05.13:539][  0]LogFileCache: Scanning file cache for directory 'C:/Users/Julio/Documents/Unreal Projects/GrandmaAndPooppy/Content/Developers/Julio/Collections/' took 0.01s
[2015.11.15-14.05.13:539][  0]LogFileCache: Scanning file cache for directory 'C:/Users/Julio/Documents/Unreal Projects/GrandmaAndPooppy/Content/Collections/' took 0.01s
[2015.11.15-14.05.13:539][  0]LogCollectionManager: Rebuilt the GUID cache for 0 collections in 0.000002 seconds
[2015.11.15-14.05.13:551][  0]LogContentBrowser: Native class hierarchy populated in 0.0120 seconds. Added 1893 classes and 338 folders.
[2015.11.15-14.05.13:560][  0]LogContentBrowser: Native class hierarchy updated for 'WidgetCarousel' in 0.0003 seconds. Added 0 classes and 0 folders.
[2015.11.15-14.05.13:611][  0]LogContentBrowser: Native class hierarchy updated for 'AddContentDialog' in 0.0005 seconds. Added 0 classes and 0 folders.
[2015.11.15-14.05.13:618][  0]LogContentBrowser: Native class hierarchy updated for 'SceneOutliner' in 0.0005 seconds. Added 1 classes and 2 folders.
[2015.11.15-14.05.13:645][  0]LogCrashTracker: Crashtracker disabled due to settings.
[2015.11.15-14.05.13:652][  0]LogUObjectGlobals:Warning: Failed to find object 'Class None.'
[2015.11.15-14.05.13:679][  0]LogLoad: Full Startup: 7.58 seconds (BP compile: 0.50 seconds)
[2015.11.15-14.05.13:700][  0]LogOcInput: Can't find Oculus library dev build: is proper Runtime installed? Version: 0.8.0.0
[2015.11.15-14.05.13:766][  0]LogContentStreaming: Texture pool size now 1000 MB
[2015.11.15-14.05.13:947][  0]LogRenderer: Reallocating scene render targets to support 1192x572 (Frame:2).
[2015.11.15-14.05.14:010][  1]LogFileCache: Retrieving MD5 hashes for directory 'C:/Users/Julio/Documents/Unreal Projects/GrandmaAndPooppy/Content/' took 0.30s
[2015.11.15-14.05.14:393][  9]LogAssetRegistry: Asset discovery search completed in 4.1208 seconds
[2015.11.15-14.05.14:393][  9]LogCollectionManager: Rebuilt the object cache for 0 collections in 0.000001 seconds (found 0 objects)
[2015.11.15-14.05.14:393][  9]LogCollectionManager: Fixed up redirectors for 0 collections in 0.000038 seconds (updated 0 objects)
[2015.11.15-14.05.24:446][596]LogRenderer: Reallocating scene render targets to support 1528x916 (Frame:591).
[2015.11.15-14.05.51:095][948]LogLinker:Warning: Asset '../../../Engine/Content/ArtTools/RenderToTexture/Macros/RenderToTextureMacros.uasset' has been saved with empty engine version. The asset will be loaded but may be incompatible.
[2015.11.15-14.05.51:570][948]LogContentBrowser: Native class hierarchy updated for 'BlueprintGraph' in 0.0010 seconds. Added 107 classes and 0 folders.
[2015.11.15-14.08.10:236][863]Cmd: EDIT COPY
[2015.11.15-14.08.10:675][889]Cmd: EDIT PASTE
[2015.11.15-14.08.12:554][  0]Cmd: EDIT COPY
[2015.11.15-14.08.12:805][ 15]Cmd: EDIT PASTE
[2015.11.15-14.08.15:082][150]LogEditorViewport: Clicking on Actor (LMB): LifePoint_C (LifePoint)
[2015.11.15-14.08.16:066][208]Cmd: DELETE
[2015.11.15-14.08.16:066][208]Cmd: ACTOR DELETE
[2015.11.15-14.08.16:067][208]LogEditorActor: Deleted Actor: LifePoint_C
[2015.11.15-14.08.16:132][208]LogParticles: Destroying 0 GPU particle simulations for FXSystem 0x0000000033BDDD00
[2015.11.15-14.08.16:133][208]LogParticles: Destroying 0 GPU particle simulations for FXSystem 0x0000000012718B80
[2015.11.15-14.08.16:151][208]LogEditorActor: Deleted 1 Actors (0.085 secs)
[2015.11.15-14.08.16:976][258]LogEditorViewport: Clicking on Actor (LMB): LifePoint_C (LifePoint2)
[2015.11.15-14.08.17:993][318]Cmd: EDIT COPY
[2015.11.15-14.08.18:761][364]Cmd: EDIT PASTE
[2015.11.15-14.08.21:094][502]Cmd: EDIT PASTE
[2015.11.15-14.08.27:798][901]Cmd: TRANSACTION UNDO
[2015.11.15-14.08.27:798][901]LogEditorTransaction: Undo Move Actors
[2015.11.15-14.08.29:913][ 20]LogEditorViewport: Clicking on Actor (CTRL LMB): LifePoint_C (LifePoint2)
[2015.11.15-14.08.31:315][100]LogEditorViewport: Clicking on Actor (CTRL LMB): LifePoint_C (LifePoint3)
[2015.11.15-14.08.32:342][160]LogEditorViewport: Clicking on Actor (CTRL LMB): LifePoint_C (LifePoint4)
[2015.11.15-14.08.32:968][196]LogEditorViewport: Clicking on Actor (CTRL LMB): LifePoint_C (LifePoint5)
[2015.11.15-14.08.38:817][535]Cmd: OBJ SAVEPACKAGE PACKAGE="/Game/Maps/MainLevel" FILE="../../../../../../Users/Julio/Documents/Unreal Projects/GrandmaAndPooppy/Content/Maps/MainLevel.umap" SILENT=true AUTOSAVING=false KEEPDIRTY=false
[2015.11.15-14.08.38:966][535]LogSavePackage: Save=79.920647ms
[2015.11.15-14.08.38:966][535]LogSavePackage: Moving '../../../../../../Users/Julio/Documents/Unreal Projects/GrandmaAndPooppy/Saved/MainLevel73E56595476ADA1BEEF2F3B4DAD53714.tmp' to '../../../../../../Users/Julio/Documents/Unreal Projects/GrandmaAndPooppy/Content/Maps/MainLevel.umap'
[2015.11.15-14.08.38:972][535]LogSavePackage: Total save time: 111.725487ms
[2015.11.15-14.08.38:972][535]LogSavePackage:Display: Finished SavePackage ../../../../../../Users/Julio/Documents/Unreal Projects/GrandmaAndPooppy/Content/Maps/MainLevel.umap
[2015.11.15-14.08.39:016][535]LogFileHelpers: Saving map 'MainLevel' took 0.275
[2015.11.15-14.08.41:066][655]LogBlueprintUserMessages: Early PlayInEditor Detection: Level '/Game/Maps/MainLevel.MainLevel:PersistentLevel' has LevelScriptBlueprint '/Game/Maps/MainLevel.MainLevel:PersistentLevel.MainLevel' with GeneratedClass '/Game/Maps/MainLevel.MainLevel_C' with ClassGeneratedBy '/Game/Maps/MainLevel.MainLevel:PersistentLevel.MainLevel'
[2015.11.15-14.08.41:066][655]LogPlayLevel: PlayLevel: No blueprints needed recompiling
[2015.11.15-14.08.41:066][655]PIE: New page: PIE session: MainLevel (Nov 15, 2015, 4:08:41 PM)
[2015.11.15-14.08.41:066][655]LogPlayLevel: Creating play world package: /Game/Maps/UEDPIE_0_MainLevel
[2015.11.15-14.08.41:069][655]LogPlayLevel: PIE: StaticDuplicateObject took: (0.002923s)
[2015.11.15-14.08.41:070][655]LogAIModule: Creating AISystem for world MainLevel
[2015.11.15-14.08.41:070][655]LogPlayLevel: PIE: World Init took: (0.000669s)
[2015.11.15-14.08.41:070][655]LogPlayLevel: PIE: Created PIE world by copying editor world from /Game/Maps/MainLevel.MainLevel to /Game/Maps/UEDPIE_0_MainLevel.MainLevel (0.003805s)
[2015.11.15-14.08.41:116][655]LogInit: XAudio2 using 'Haut-parleurs (Périphérique High Definition Audio)' : 2 channels at 44.1 kHz using 16 bits per sample (channel mask 0x3)
[2015.11.15-14.08.41:122][655]LogInit: FAudioDevice initialized.
[2015.11.15-14.08.41:180][655]LogWorld: Game class is 'Poopymode_C'
[2015.11.15-14.08.41:183][655]LogWorld: Bringing World /Game/Maps/UEDPIE_0_MainLevel.MainLevel up for play (max tick rate 60) at 2015.11.15-15.08.41
[2015.11.15-14.08.41:183][655]LogActor:Warning: GameSession /Game/Maps/UEDPIE_0_MainLevel.MainLevel:PersistentLevel.GameSession_0 has natively added scene component(s), but none of them were set as the actor's RootComponent - picking one arbitrarily
[2015.11.15-14.08.41:184][655]LogActor:Warning: GameNetworkManager /Game/Maps/UEDPIE_0_MainLevel.MainLevel:PersistentLevel.GameNetworkManager_0 has natively added scene component(s), but none of them were set as the actor's RootComponent - picking one arbitrarily
[2015.11.15-14.08.41:184][655]LogWorld: Bringing up level for play took: 0.002683
[2015.11.15-14.08.41:188][655]LogBlueprintUserMessages:Warning: SetTimer passed a bad function (None) or object (Background_C_1)
[2015.11.15-14.08.41:230][655]PIE: Info Play in editor start time for /Game/Maps/UEDPIE_0_MainLevel -0.466
[2015.11.15-14.08.41:230][655]LogBlueprintUserMessages: Late PlayInEditor Detection: Level '/Game/Maps/MainLevel.MainLevel:PersistentLevel' has LevelScriptBlueprint '/Game/Maps/MainLevel.MainLevel:PersistentLevel.MainLevel' with GeneratedClass '/Game/Maps/MainLevel.MainLevel_C' with ClassGeneratedBy '/Game/Maps/MainLevel.MainLevel:PersistentLevel.MainLevel'
[2015.11.15-14.08.47:711][ 41]LogBlueprintUserMessages: Early EndPlayMap Detection: Level '/Game/Maps/MainLevel.MainLevel:PersistentLevel' has LevelScriptBlueprint '/Game/Maps/MainLevel.MainLevel:PersistentLevel.MainLevel' with GeneratedClass '/Game/Maps/MainLevel.MainLevel_C' with ClassGeneratedBy '/Game/Maps/MainLevel.MainLevel:PersistentLevel.MainLevel'
[2015.11.15-14.08.47:778][ 41]LogBlueprintUserMessages: Late EndPlayMap Detection: Level '/Game/Maps/MainLevel.MainLevel:PersistentLevel' has LevelScriptBlueprint '/Game/Maps/MainLevel.MainLevel:PersistentLevel.MainLevel' with GeneratedClass '/Game/Maps/MainLevel.MainLevel_C' with ClassGeneratedBy '/Game/Maps/MainLevel.MainLevel:PersistentLevel.MainLevel'
[2015.11.15-14.08.47:824][ 41]LogParticles: Destroying 0 GPU particle simulations for FXSystem 0x00000000134FC400
[2015.11.15-14.11.33:320][329]LogProperty:Warning: ObjectProperty /Script/Engine.EdGraphPin:LinkedTo.LinkedTo: unresolved reference to 'EdGraphPin'K2Node_DynamicCast_749.EdGraphPin_13438''
[2015.11.15-14.11.33:320][329]LogUObjectHash:Warning: Ambiguous search, could be K2Node_Event /Game/Maps/MainLevel.MainLevel:PersistentLevel.MainLevel.EventGraph.K2Node_Event_146 or K2Node_Event /Engine/Transient.PROTO_BP_Blueprint_0:UserConstructionScript.K2Node_Event_146
[2015.11.15-14.11.33:320][329]LogProperty:Warning: ObjectProperty /Script/Engine.EdGraphPin:LinkedTo.LinkedTo: unresolved reference to 'EdGraphPin'K2Node_Event_146.EdGraphPin_13338''
[2015.11.15-14.11.33:320][329]LogProperty:Warning: ObjectProperty /Script/Engine.EdGraphPin:LinkedTo.LinkedTo: unresolved reference to 'EdGraphPin'K2Node_VariableSet_1927.EdGraphPin_13453''
[2015.11.15-14.11.33:320][329]LogProperty:Warning: ObjectProperty /Script/Engine.EdGraphPin:LinkedTo.LinkedTo: unresolved reference to 'EdGraphPin'K2Node_VariableSet_1927.EdGraphPin_13457''
[2015.11.15-14.11.33:321][329]LogUObjectHash:Warning: Ambiguous search, could be K2Node_MakeArray /Game/Sound/SoundAmbientManager.SoundAmbientManager:UserConstructionScript.K2Node_MakeArray_1 or K2Node_MakeArray /Game/Blueprints/Scenes/Nuages.Nuages:UserConstructionScript.K2Node_MakeArray_1
[2015.11.15-14.11.33:321][329]LogProperty:Warning: ObjectProperty /Script/Engine.EdGraphPin:LinkedTo.LinkedTo: unresolved reference to 'EdGraphPin'K2Node_MakeArray_1.EdGraphPin_13393''
[2015.11.15-14.11.33:323][329]LogBlueprint:Warning: [MainLevel] CreatePinForVariable: 'LifePointTab' variable not found. Base class was probably changed.
[2015.11.15-14.11.33:323][329]LogBlueprint:Warning: [MainLevel] CreatePinForVariable: 'LifePointTab' variable not found. Base class was probably changed.
[2015.11.15-14.11.42:118][847]Cmd: OBJ SAVEPACKAGE PACKAGE="/Game/Maps/MainLevel" FILE="../../../../../../Users/Julio/Documents/Unreal Projects/GrandmaAndPooppy/Content/Maps/MainLevel.umap" SILENT=true AUTOSAVING=false KEEPDIRTY=false
[2015.11.15-14.11.42:268][847]LogSavePackage: Save=83.185043ms
[2015.11.15-14.11.42:268][847]LogSavePackage: Moving '../../../../../../Users/Julio/Documents/Unreal Projects/GrandmaAndPooppy/Saved/MainLevelE973E27B4915FB7119182FADC20BE351.tmp' to '../../../../../../Users/Julio/Documents/Unreal Projects/GrandmaAndPooppy/Content/Maps/MainLevel.umap'
[2015.11.15-14.11.42:271][847]LogSavePackage: Total save time: 105.076287ms
[2015.11.15-14.11.42:271][847]LogSavePackage:Display: Finished SavePackage ../../../../../../Users/Julio/Documents/Unreal Projects/GrandmaAndPooppy/Content/Maps/MainLevel.umap
[2015.11.15-14.11.42:317][847]LogFileHelpers: Saving map 'MainLevel' took 0.272
[2015.11.15-14.12.44:468][869]Cmd: TRANSACTION UNDO
[2015.11.15-14.12.44:468][869]LogEditorTransaction: Undo Add New Function
[2015.11.15-14.13.34:749][798]Cmd: OBJ SAVEPACKAGE PACKAGE="/Game/Maps/MainLevel" FILE="../../../../../../Users/Julio/Documents/Unreal Projects/GrandmaAndPooppy/Content/Maps/MainLevel.umap" SILENT=true AUTOSAVING=false KEEPDIRTY=false
[2015.11.15-14.13.34:928][798]LogSavePackage: Save=98.313011ms
[2015.11.15-14.13.34:928][798]LogSavePackage: Moving '../../../../../../Users/Julio/Documents/Unreal Projects/GrandmaAndPooppy/Saved/MainLevelB0E83810493E8C7A0F3520A08F15CD6E.tmp' to '../../../../../../Users/Julio/Documents/Unreal Projects/GrandmaAndPooppy/Content/Maps/MainLevel.umap'
[2015.11.15-14.13.34:933][798]LogSavePackage: Total save time: 122.099731ms
[2015.11.15-14.13.34:933][798]LogSavePackage:Display: Finished SavePackage ../../../../../../Users/Julio/Documents/Unreal Projects/GrandmaAndPooppy/Content/Maps/MainLevel.umap
[2015.11.15-14.13.34:982][798]LogFileHelpers: Saving map 'MainLevel' took 0.311
[2015.11.15-14.13.34:992][798]Cmd: OBJ SAVEPACKAGE PACKAGE="/Game/Blueprints/Heros/Poopy" FILE="../../../../../../Users/Julio/Documents/Unreal Projects/GrandmaAndPooppy/Content/Blueprints/Heros/Poopy.uasset" SILENT=true
[2015.11.15-14.13.35:311][798]LogSavePackage: Save=288.049835ms
[2015.11.15-14.13.35:311][798]LogSavePackage: Moving '../../../../../../Users/Julio/Documents/Unreal Projects/GrandmaAndPooppy/Saved/PoopyFCD05476450E236267807E8F555E6C22.tmp' to '../../../../../../Users/Julio/Documents/Unreal Projects/GrandmaAndPooppy/Content/Blueprints/Heros/Poopy.uasset'
[2015.11.15-14.13.35:314][798]LogSavePackage: Total save time: 319.609944ms
[2015.11.15-14.13.35:314][798]LogSavePackage:Display: Finished SavePackage ../../../../../../Users/Julio/Documents/Unreal Projects/GrandmaAndPooppy/Content/Blueprints/Heros/Poopy.uasset
[2015.11.15-14.13.47:886][526]Cmd: OBJ SAVEPACKAGE PACKAGE="/Game/Maps/MainLevel" FILE="../../../../../../Users/Julio/Documents/Unreal Projects/GrandmaAndPooppy/Content/Maps/MainLevel.umap" SILENT=true AUTOSAVING=false KEEPDIRTY=false
[2015.11.15-14.13.47:966][526]LogBlueprint:Warning: [compiler MainLevel] Warning Could not find a variable named "Life Point Tab" in 'Poopy_C'.
Make sure 'Poopy_C' has been compiled for  Set Life Point Tab 
[2015.11.15-14.13.47:967][526]LogBlueprint:Error: [compiler MainLevel] Error The property associated with  Life Point Tab  could not be found
[2015.11.15-14.13.48:044][526]LogBlueprint:Warning: [compiler MainLevel] Warning [0521.93] Compile of MainLevel failed. 1 Fatal Issue(s) 1 Warning(s) [in 80 ms]
[2015.11.15-14.13.48:048][526]LogBlueprint:Warning: [compiler MainLevel] Warning [0521.93] Compile of MainLevel failed. 1 Fatal Issue(s) 2 Warning(s) [in 0 ms]
[2015.11.15-14.13.48:048][526]LogBlueprint:Warning: [compiler MainLevel] Warning [0521.93] Compile of MainLevel failed. 1 Fatal Issue(s) 3 Warning(s) [in 0 ms]
[2015.11.15-14.13.48:048][526]LogBlueprint:Warning: [compiler MainLevel] Warning [0521.93] Compile of MainLevel failed. 1 Fatal Issue(s) 4 Warning(s) [in 0 ms]
[2015.11.15-14.13.48:051][526]LogBlueprint:Warning: [compiler MainLevel] Warning [0521.94] Compile of MainLevel failed. 1 Fatal Issue(s) 5 Warning(s) [in 2 ms]
[2015.11.15-14.13.48:051][526]LogBlueprint:Warning: [compiler MainLevel] Warning [0521.94] Compile of MainLevel failed. 1 Fatal Issue(s) 6 Warning(s) [in 0 ms]
[2015.11.15-14.13.48:094][526]LogSavePackage: Save=133.167923ms
[2015.11.15-14.13.48:094][526]LogSavePackage: Moving '../../../../../../Users/Julio/Documents/Unreal Projects/GrandmaAndPooppy/Saved/MainLevel8ADF5F09458C5F3206770A8D932F7BF8.tmp' to '../../../../../../Users/Julio/Documents/Unreal Projects/GrandmaAndPooppy/Content/Maps/MainLevel.umap'
[2015.11.15-14.13.48:099][526]LogSavePackage: Total save time: 161.850456ms
[2015.11.15-14.13.48:099][526]LogSavePackage:Display: Finished SavePackage ../../../../../../Users/Julio/Documents/Unreal Projects/GrandmaAndPooppy/Content/Maps/MainLevel.umap
[2015.11.15-14.13.48:143][526]LogFileHelpers: Saving map 'MainLevel' took 0.334
[2015.11.15-14.14.01:685][337]BlueprintLog: New page: Compile MainLevel
[2015.11.15-14.14.01:690][337]LogBlueprint:Warning: [compiler MainLevel] Warning Could not find a variable named "Life Point Tab" in 'Poopy_C'.
Make sure 'Poopy_C' has been compiled for  Set Life Point Tab 
[2015.11.15-14.14.01:690][337]LogBlueprint:Error: [compiler MainLevel] Error The property associated with  Life Point Tab  could not be found
[2015.11.15-14.14.01:819][337]LogBlueprint:Warning: [compiler MainLevel] Warning [0535.70] Compile of MainLevel failed. 1 Fatal Issue(s) 1 Warning(s) [in 133 ms]
[2015.11.15-14.14.01:819][337]BlueprintEditorCompileResults:Warning: Warning Could not find a variable named "Life Point Tab" in 'Poopy_C'.
Make sure 'Poopy_C' has been compiled for  Set Life Point Tab 
[2015.11.15-14.14.01:819][337]BlueprintEditorCompileResults:Error: Error The property associated with  Life Point Tab  could not be found
[2015.11.15-14.14.01:819][337]BlueprintEditorCompileResults:Warning: Warning [0535.70] Compile of MainLevel failed. 1 Fatal Issue(s) 1 Warning(s) [in 133 ms]
[2015.11.15-14.14.31:344][ 78]BlueprintLog: New page: Compile MainLevel
[2015.11.15-14.14.31:349][ 78]LogBlueprint:Warning: [compiler MainLevel] Warning Could not find a variable named "Life Point Tab" in 'Poopy_C'.
Make sure 'Poopy_C' has been compiled for  Set Life Point Tab 
[2015.11.15-14.14.31:350][ 78]LogBlueprint:Error: [compiler MainLevel] Error Default value '' for  Life Point Tab  is invalid: 'Array inputs (like 'Life Point Tab') must have an input wired into them (try connecting a MakeArray node).'
[2015.11.15-14.14.31:477][ 78]LogBlueprint:Warning: [compiler MainLevel] Warning [0565.36] Compile of MainLevel failed. 1 Fatal Issue(s) 1 Warning(s) [in 133 ms]
[2015.11.15-14.14.31:477][ 78]BlueprintEditorCompileResults:Warning: Warning Could not find a variable named "Life Point Tab" in 'Poopy_C'.
Make sure 'Poopy_C' has been compiled for  Set Life Point Tab 
[2015.11.15-14.14.31:477][ 78]BlueprintEditorCompileResults:Error: Error Default value '' for  Life Point Tab  is invalid: 'Array inputs (like 'Life Point Tab') must have an input wired into them (try connecting a MakeArray node).'
[2015.11.15-14.14.31:477][ 78]BlueprintEditorCompileResults:Warning: Warning [0565.36] Compile of MainLevel failed. 1 Fatal Issue(s) 1 Warning(s) [in 133 ms]
[2015.11.15-14.14.40:936][641]BlueprintLog: New page: Compile MainLevel
[2015.11.15-14.14.40:941][641]LogBlueprint:Warning: [compiler MainLevel] Warning Could not find a variable named "Life Point Tab" in 'Poopy_C'.
Make sure 'Poopy_C' has been compiled for  Set Life Point Tab 
[2015.11.15-14.14.40:942][641]LogBlueprint:Error: [compiler MainLevel] Error The property associated with  Life Point Tab  could not be found
[2015.11.15-14.14.41:071][641]LogBlueprint:Warning: [compiler MainLevel] Warning [0574.96] Compile of MainLevel failed. 1 Fatal Issue(s) 1 Warning(s) [in 135 ms]
[2015.11.15-14.14.41:071][641]BlueprintEditorCompileResults:Warning: Warning Could not find a variable named "Life Point Tab" in 'Poopy_C'.
Make sure 'Poopy_C' has been compiled for  Set Life Point Tab 
[2015.11.15-14.14.41:071][641]BlueprintEditorCompileResults:Error: Error The property associated with  Life Point Tab  could not be found
[2015.11.15-14.14.41:071][641]BlueprintEditorCompileResults:Warning: Warning [0574.96] Compile of MainLevel failed. 1 Fatal Issue(s) 1 Warning(s) [in 135 ms]
[2015.11.15-14.14.49:341][136]BlueprintLog: New page: Compile Poopy
[2015.11.15-14.14.49:751][136]BlueprintEditorCompileResults: Info [0583.63] Compile of Poopy successful! [in 409 ms]
[2015.11.15-14.14.51:236][222]BlueprintLog: New page: Compile MainLevel
[2015.11.15-14.14.51:347][222]BlueprintEditorCompileResults: Info [0585.23] Compile of MainLevel successful! [in 111 ms]
[2015.11.15-14.16.03:831][490]LogProperty:Warning: ObjectProperty /Script/Engine.EdGraphPin:LinkedTo.LinkedTo: unresolved reference to 'EdGraphPin'K2Node_DynamicCast_540.EdGraphPin_5934''
[2015.11.15-14.16.03:831][490]LogProperty:Warning: ObjectProperty /Script/Engine.EdGraphPin:LinkedTo.LinkedTo: unresolved reference to 'EdGraphPin'K2Node_CallFunction_8044.EdGraphPin_6306''
[2015.11.15-14.16.03:831][490]LogProperty:Warning: ObjectProperty /Script/Engine.EdGraphPin:LinkedTo.LinkedTo: unresolved reference to 'EdGraphPin'K2Node_Event_269.EdGraphPin_5925''
[2015.11.15-14.16.03:831][490]LogProperty:Warning: ObjectProperty /Script/Engine.EdGraphPin:LinkedTo.LinkedTo: unresolved reference to 'EdGraphPin'K2Node_CallFunction_8453.EdGraphPin_6328''
[2015.11.15-14.16.03:831][490]LogProperty:Warning: ObjectProperty /Script/Engine.EdGraphPin:LinkedTo.LinkedTo: unresolved reference to 'EdGraphPin'K2Node_CallArrayFunction_33.EdGraphPin_6295''
[2015.11.15-14.16.03:832][490]LogProperty:Warning: ObjectProperty /Script/Engine.EdGraphPin:LinkedTo.LinkedTo: unresolved reference to 'EdGraphPin'K2Node_CallFunction_8453.EdGraphPin_6330''
[2015.11.15-14.16.03:832][490]LogProperty:Warning: ObjectProperty /Script/Engine.EdGraphPin:LinkedTo.LinkedTo: unresolved reference to 'EdGraphPin'K2Node_VariableGet_4116.EdGraphPin_6322''
[2015.11.15-14.16.03:832][490]LogProperty:Warning: ObjectProperty /Script/Engine.EdGraphPin:LinkedTo.LinkedTo: unresolved reference to 'EdGraphPin'K2Node_VariableSet_171.EdGraphPin_4337''
[2015.11.15-14.16.03:832][490]LogProperty:Warning: ObjectProperty /Script/Engine.EdGraphPin:LinkedTo.LinkedTo: unresolved reference to 'EdGraphPin'K2Node_VariableGet_4116.EdGraphPin_6321''
[2015.11.15-14.16.03:833][490]LogProperty:Warning: ObjectProperty /Script/Engine.EdGraphPin:LinkedTo.LinkedTo: unresolved reference to 'EdGraphPin'K2Node_VariableSet_171.EdGraphPin_4339''
[2015.11.15-14.16.03:847][490]LogBlueprint:Warning: [Poopy] CreatePinForVariable: 'LifePoint' variable not found. Base class was probably changed.
[2015.11.15-14.16.03:847][490]LogBlueprint:Warning: [Poopy] CreatePinForVariable: 'LifePointTab' variable not found. Base class was probably changed.
[2015.11.15-14.16.03:848][490]LogBlueprint:Warning: [Poopy] CreatePinForVariable: 'LifePoint' variable not found. Base class was probably changed.
[2015.11.15-14.16.03:848][490]LogBlueprint:Warning: [Poopy] CreatePinForVariable: 'LifePoint' variable not found. Base class was probably changed.
[2015.11.15-14.16.19:925][437]BlueprintLog: New page: Compile Poopy
[2015.11.15-14.16.20:006][437]LogBlueprint:Warning: [compiler Poopy] Warning Could not find a variable named "LifePoint" in 'Poopy_C'.
Make sure 'Poopy_C' has been compiled for  Set LifePoint 
[2015.11.15-14.16.20:006][437]LogBlueprint:Warning: [compiler Poopy] Warning Could not find a variable named "LifePointTab" in 'Poopy_C'.
Make sure 'Poopy_C' has been compiled for  Get LifePointTab 
[2015.11.15-14.16.20:007][437]LogBlueprint:Warning: [compiler Poopy] Warning Could not find a variable named "LifePoint" in 'Poopy_C'.
Make sure 'Poopy_C' has been compiled for  Get LifePoint 
[2015.11.15-14.16.20:015][437]LogBlueprint:Error: [compiler Poopy] Error The type of  Object  is undetermined.  Connect something to  Cast To Missiles  to imply a specific type.
[2015.11.15-14.16.20:015][437]LogBlueprint:Error: [compiler Poopy] Error The property associated with  Life Point Tab  could not be found
[2015.11.15-14.16.20:017][437]LogBlueprint:Error: [compiler Poopy] Error The current value of the ' Object ' pin is invalid: Unsupported type Wildcard on pin Object
[2015.11.15-14.16.20:017][437]LogBlueprint:Error: [compiler Poopy] Error The property associated with  Life Point  could not be found
[2015.11.15-14.16.20:017][437]LogBlueprint:Error: [compiler Poopy] Error The property associated with  Life Point  could not be found
[2015.11.15-14.16.20:355][437]LogBlueprint:Warning: [compiler Poopy] Warning [0674.24] Compile of Poopy failed. 5 Fatal Issue(s) 3 Warning(s) [in 428 ms]
[2015.11.15-14.16.20:355][437]BlueprintEditorCompileResults:Warning: Warning Could not find a variable named "LifePoint" in 'Poopy_C'.
Make sure 'Poopy_C' has been compiled for  Set LifePoint 
[2015.11.15-14.16.20:355][437]BlueprintEditorCompileResults:Warning: Warning Could not find a variable named "LifePointTab" in 'Poopy_C'.
Make sure 'Poopy_C' has been compiled for  Get LifePointTab 
[2015.11.15-14.16.20:355][437]BlueprintEditorCompileResults:Warning: Warning Could not find a variable named "LifePoint" in 'Poopy_C'.
Make sure 'Poopy_C' has been compiled for  Get LifePoint 
[2015.11.15-14.16.20:356][437]BlueprintEditorCompileResults:Error: Error The type of  Object  is undetermined.  Connect something to  Cast To Missiles  to imply a specific type.
[2015.11.15-14.16.20:356][437]BlueprintEditorCompileResults:Error: Error The property associated with  Life Point Tab  could not be found
[2015.11.15-14.16.20:356][437]BlueprintEditorCompileResults:Error: Error The current value of the ' Object ' pin is invalid: Unsupported type Wildcard on pin Object
[2015.11.15-14.16.20:356][437]BlueprintEditorCompileResults:Error: Error The property associated with  Life Point  could not be found
[2015.11.15-14.16.20:356][437]BlueprintEditorCompileResults:Error: Error The property associated with  Life Point  could not be found
[2015.11.15-14.16.20:356][437]BlueprintEditorCompileResults:Warning: Warning [0674.24] Compile of Poopy failed. 5 Fatal Issue(s) 3 Warning(s) [in 428 ms]
[2015.11.15-14.17.06:423][ 50]BlueprintLog: New page: Compile Poopy
[2015.11.15-14.17.06:497][ 50]LogBlueprint:Warning: [compiler Poopy] Warning Could not find a variable named "LifePoint" in 'Poopy_C'.
Make sure 'Poopy_C' has been compiled for  Set LifePoint 
[2015.11.15-14.17.06:506][ 50]LogBlueprint:Error: [compiler Poopy] Error The type of  Object  is undetermined.  Connect something to  Cast To Missiles  to imply a specific type.
[2015.11.15-14.17.06:506][ 50]LogBlueprint:Error: [compiler Poopy] Error The property associated with  Life Point  could not be found
[2015.11.15-14.17.06:508][ 50]LogBlueprint:Error: [compiler Poopy] Error The current value of the ' Object ' pin is invalid: Unsupported type Wildcard on pin Object
[2015.11.15-14.17.06:854][ 50]LogBlueprint:Warning: [compiler Poopy] Warning [0720.73] Compile of Poopy failed. 3 Fatal Issue(s) 1 Warning(s) [in 431 ms]
[2015.11.15-14.17.06:854][ 50]BlueprintEditorCompileResults:Warning: Warning Could not find a variable named "LifePoint" in 'Poopy_C'.
Make sure 'Poopy_C' has been compiled for  Set LifePoint 
[2015.11.15-14.17.06:854][ 50]BlueprintEditorCompileResults:Error: Error The type of  Object  is undetermined.  Connect something to  Cast To Missiles  to imply a specific type.
[2015.11.15-14.17.06:854][ 50]BlueprintEditorCompileResults:Error: Error The property associated with  Life Point  could not be found
[2015.11.15-14.17.06:854][ 50]BlueprintEditorCompileResults:Error: Error The current value of the ' Object ' pin is invalid: Unsupported type Wildcard on pin Object
[2015.11.15-14.17.06:854][ 50]BlueprintEditorCompileResults:Warning: Warning [0720.73] Compile of Poopy failed. 3 Fatal Issue(s) 1 Warning(s) [in 431 ms]
[2015.11.15-14.17.26:857][181]Cmd: OBJ SAVEPACKAGE PACKAGE="/Game/Maps/MainLevel" FILE="../../../../../../Users/Julio/Documents/Unreal Projects/GrandmaAndPooppy/Content/Maps/MainLevel.umap" SILENT=true AUTOSAVING=false KEEPDIRTY=false
[2015.11.15-14.17.27:039][181]LogSavePackage: Save=104.286041ms
[2015.11.15-14.17.27:039][181]LogSavePackage: Moving '../../../../../../Users/Julio/Documents/Unreal Projects/GrandmaAndPooppy/Saved/MainLevel6F897AA74C3E85E368A3A299DF69143B.tmp' to '../../../../../../Users/Julio/Documents/Unreal Projects/GrandmaAndPooppy/Content/Maps/MainLevel.umap'
[2015.11.15-14.17.27:041][181]LogSavePackage: Total save time: 126.464643ms
[2015.11.15-14.17.27:042][181]LogSavePackage:Display: Finished SavePackage ../../../../../../Users/Julio/Documents/Unreal Projects/GrandmaAndPooppy/Content/Maps/MainLevel.umap
[2015.11.15-14.17.27:087][181]LogFileHelpers: Saving map 'MainLevel' took 0.306
[2015.11.15-14.17.27:097][181]Cmd: OBJ SAVEPACKAGE PACKAGE="/Game/Blueprints/Heros/Poopy" FILE="../../../../../../Users/Julio/Documents/Unreal Projects/GrandmaAndPooppy/Content/Blueprints/Heros/Poopy.uasset" SILENT=true
[2015.11.15-14.17.27:410][181]LogSavePackage: Save=290.245697ms
[2015.11.15-14.17.27:410][181]LogSavePackage: Moving '../../../../../../Users/Julio/Documents/Unreal Projects/GrandmaAndPooppy/Saved/Poopy9A21E05B48106DB9E3DDD78024DD1B24.tmp' to '../../../../../../Users/Julio/Documents/Unreal Projects/GrandmaAndPooppy/Content/Blueprints/Heros/Poopy.uasset'
[2015.11.15-14.17.27:413][181]LogSavePackage: Total save time: 314.101908ms
[2015.11.15-14.17.27:413][181]LogSavePackage:Display: Finished SavePackage ../../../../../../Users/Julio/Documents/Unreal Projects/GrandmaAndPooppy/Content/Blueprints/Heros/Poopy.uasset
[2015.11.15-14.17.41:127][963]Cmd: OBJ SAVEPACKAGE PACKAGE="/Game/Blueprints/Heros/Poopy" FILE="../../../../../../Users/Julio/Documents/Unreal Projects/GrandmaAndPooppy/Content/Blueprints/Heros/Poopy.uasset" SILENT=true
[2015.11.15-14.17.41:437][963]LogSavePackage: Save=284.999390ms
[2015.11.15-14.17.41:437][963]LogSavePackage: Moving '../../../../../../Users/Julio/Documents/Unreal Projects/GrandmaAndPooppy/Saved/Poopy9991035F4AF4F54C355C148954B3C760.tmp' to '../../../../../../Users/Julio/Documents/Unreal Projects/GrandmaAndPooppy/Content/Blueprints/Heros/Poopy.uasset'
[2015.11.15-14.17.41:440][963]LogSavePackage: Total save time: 307.406526ms
[2015.11.15-14.17.41:440][963]LogSavePackage:Display: Finished SavePackage ../../../../../../Users/Julio/Documents/Unreal Projects/GrandmaAndPooppy/Content/Blueprints/Heros/Poopy.uasset
[2015.11.15-14.18.16:380][986]Cmd: OBJ SAVEPACKAGE PACKAGE="/Game/Blueprints/Heros/Poopy" FILE="../../../../../../Users/Julio/Documents/Unreal Projects/GrandmaAndPooppy/Content/Blueprints/Heros/Poopy.uasset" SILENT=true
[2015.11.15-14.18.16:694][986]LogSavePackage: Save=288.593384ms
[2015.11.15-14.18.16:694][986]LogSavePackage: Moving '../../../../../../Users/Julio/Documents/Unreal Projects/GrandmaAndPooppy/Saved/PoopyDFE52D554EF0AEC7860BB0B50755C960.tmp' to '../../../../../../Users/Julio/Documents/Unreal Projects/GrandmaAndPooppy/Content/Blueprints/Heros/Poopy.uasset'
[2015.11.15-14.18.16:699][986]LogSavePackage: Total save time: 313.412316ms
[2015.11.15-14.18.16:699][986]LogSavePackage:Display: Finished SavePackage ../../../../../../Users/Julio/Documents/Unreal Projects/GrandmaAndPooppy/Content/Blueprints/Heros/Poopy.uasset
[2015.11.15-14.18.26:928][582]Cmd: OBJ SAVEPACKAGE PACKAGE="/Game/Blueprints/Heros/Poopy" FILE="../../../../../../Users/Julio/Documents/Unreal Projects/GrandmaAndPooppy/Content/Blueprints/Heros/Poopy.uasset" SILENT=true
[2015.11.15-14.18.27:250][582]LogSavePackage: Save=295.431244ms
[2015.11.15-14.18.27:250][582]LogSavePackage: Moving '../../../../../../Users/Julio/Documents/Unreal Projects/GrandmaAndPooppy/Saved/PoopyBF5279F64EEDA0C6FE6468BA1860B8D9.tmp' to '../../../../../../Users/Julio/Documents/Unreal Projects/GrandmaAndPooppy/Content/Blueprints/Heros/Poopy.uasset'
[2015.11.15-14.18.27:253][582]LogSavePackage: Total save time: 319.384553ms
[2015.11.15-14.18.27:253][582]LogSavePackage:Display: Finished SavePackage ../../../../../../Users/Julio/Documents/Unreal Projects/GrandmaAndPooppy/Content/Blueprints/Heros/Poopy.uasset
[2015.11.15-14.18.48:307][778]Cmd: OBJ SAVEPACKAGE PACKAGE="/Game/Blueprints/Heros/Poopy" FILE="../../../../../../Users/Julio/Documents/Unreal Projects/GrandmaAndPooppy/Content/Blueprints/Heros/Poopy.uasset" SILENT=true
[2015.11.15-14.18.48:631][778]LogSavePackage: Save=289.765320ms
[2015.11.15-14.18.48:631][778]LogSavePackage: Moving '../../../../../../Users/Julio/Documents/Unreal Projects/GrandmaAndPooppy/Saved/Poopy81F0177F40A8D85D234C3D9D1318DA0D.tmp' to '../../../../../../Users/Julio/Documents/Unreal Projects/GrandmaAndPooppy/Content/Blueprints/Heros/Poopy.uasset'
[2015.11.15-14.18.48:633][778]LogSavePackage: Total save time: 321.556747ms
[2015.11.15-14.18.48:634][778]LogSavePackage:Display: Finished SavePackage ../../../../../../Users/Julio/Documents/Unreal Projects/GrandmaAndPooppy/Content/Blueprints/Heros/Poopy.uasset
[2015.11.15-14.18.53:438][ 34]Cmd: OBJ SAVEPACKAGE PACKAGE="/Game/Blueprints/Heros/Poopy" FILE="../../../../../../Users/Julio/Documents/Unreal Projects/GrandmaAndPooppy/Content/Blueprints/Heros/Poopy.uasset" SILENT=true
[2015.11.15-14.18.53:756][ 34]LogSavePackage: Save=293.941559ms
[2015.11.15-14.18.53:756][ 34]LogSavePackage: Moving '../../../../../../Users/Julio/Documents/Unreal Projects/GrandmaAndPooppy/Saved/PoopyCFDFD8814FA5F82E16BA71B559887096.tmp' to '../../../../../../Users/Julio/Documents/Unreal Projects/GrandmaAndPooppy/Content/Blueprints/Heros/Poopy.uasset'
[2015.11.15-14.18.53:759][ 34]LogSavePackage: Total save time: 316.299751ms
[2015.11.15-14.18.53:759][ 34]LogSavePackage:Display: Finished SavePackage ../../../../../../Users/Julio/Documents/Unreal Projects/GrandmaAndPooppy/Content/Blueprints/Heros/Poopy.uasset
[2015.11.15-14.18.54:251][ 59]BlueprintLog: New page: Compile Poopy
[2015.11.15-14.18.54:597][ 59]BlueprintEditorCompileResults: Info [0828.47] Compile of Poopy successful! [in 345 ms]
[2015.11.15-14.19.08:431][761]BlueprintLog: New page: Compile Poopy
[2015.11.15-14.19.08:772][761]BlueprintEditorCompileResults: Info [0842.65] Compile of Poopy successful! [in 340 ms]
[2015.11.15-14.20.32:086][455]LogBlueprintUserMessages: Early PlayInEditor Detection: Level '/Game/Maps/MainLevel.MainLevel:PersistentLevel' has LevelScriptBlueprint '/Game/Maps/MainLevel.MainLevel:PersistentLevel.MainLevel' with GeneratedClass '/Game/Maps/MainLevel.MainLevel_C' with ClassGeneratedBy '/Game/Maps/MainLevel.MainLevel:PersistentLevel.MainLevel'
[2015.11.15-14.20.32:086][455]LogPlayLevel: PlayLevel: No blueprints needed recompiling
[2015.11.15-14.20.32:087][455]PIE: New page: PIE session: MainLevel (Nov 15, 2015, 4:20:32 PM)
[2015.11.15-14.20.32:087][455]LogPlayLevel: Creating play world package: /Game/Maps/UEDPIE_0_MainLevel
[2015.11.15-14.20.32:092][455]LogPlayLevel: PIE: StaticDuplicateObject took: (0.005521s)
[2015.11.15-14.20.32:093][455]LogAIModule: Creating AISystem for world MainLevel
[2015.11.15-14.20.32:093][455]LogPlayLevel: PIE: World Init took: (0.000822s)
[2015.11.15-14.20.32:093][455]LogPlayLevel: PIE: Created PIE world by copying editor world from /Game/Maps/MainLevel.MainLevel to /Game/Maps/UEDPIE_0_MainLevel.MainLevel (0.006586s)
[2015.11.15-14.20.32:150][455]LogInit: XAudio2 using 'Haut-parleurs (Périphérique High Definition Audio)' : 2 channels at 44.1 kHz using 16 bits per sample (channel mask 0x3)
[2015.11.15-14.20.32:156][455]LogInit: FAudioDevice initialized.
[2015.11.15-14.20.32:199][455]LogWorld: Game class is 'Poopymode_C'
[2015.11.15-14.20.32:203][455]LogWorld: Bringing World /Game/Maps/UEDPIE_0_MainLevel.MainLevel up for play (max tick rate 60) at 2015.11.15-15.20.32
[2015.11.15-14.20.32:203][455]LogActor:Warning: GameSession /Game/Maps/UEDPIE_0_MainLevel.MainLevel:PersistentLevel.GameSession_1 has natively added scene component(s), but none of them were set as the actor's RootComponent - picking one arbitrarily
[2015.11.15-14.20.32:203][455]LogActor:Warning: GameNetworkManager /Game/Maps/UEDPIE_0_MainLevel.MainLevel:PersistentLevel.GameNetworkManager_1 has natively added scene component(s), but none of them were set as the actor's RootComponent - picking one arbitrarily
[2015.11.15-14.20.32:203][455]LogWorld: Bringing up level for play took: 0.003114
[2015.11.15-14.20.32:206][455]LogBlueprintUserMessages:Warning: SetTimer passed a bad function (None) or object (Background_C_1)
[2015.11.15-14.20.32:243][455]PIE: Info Play in editor start time for /Game/Maps/UEDPIE_0_MainLevel 0.525
[2015.11.15-14.20.32:243][455]LogBlueprintUserMessages: Late PlayInEditor Detection: Level '/Game/Maps/MainLevel.MainLevel:PersistentLevel' has LevelScriptBlueprint '/Game/Maps/MainLevel.MainLevel:PersistentLevel.MainLevel' with GeneratedClass '/Game/Maps/MainLevel.MainLevel_C' with ClassGeneratedBy '/Game/Maps/MainLevel.MainLevel:PersistentLevel.MainLevel'
[2015.11.15-14.20.41:554][996]LogPackageName: SearchForPackageOnDisk took   0.063s to resolve level2.umap.
[2015.11.15-14.20.41:619][997]LogPackageName: SearchForPackageOnDisk took   0.054s to resolve level2.umap.
[2015.11.15-14.20.41:619][997]LogNet: Browse: /Game/Maps/level2
[2015.11.15-14.20.41:619][997]LogLoad: LoadMap: /Game/Maps/level2
[2015.11.15-14.20.41:668][997]LogParticles: Destroying 0 GPU particle simulations for FXSystem 0x000000007ED83D80
[2015.11.15-14.20.41:675][997]Cmd: MEM
[2015.11.15-14.20.41:720][997]LogMemory: Platform Memory Stats for Windows
[2015.11.15-14.20.41:720][997]LogMemory: Process Physical Memory: 1256.48 MB used, 1256.48 MB peak
[2015.11.15-14.20.41:720][997]LogMemory: Process Virtual Memory: 2090.81 MB used, 2090.81 MB peak
[2015.11.15-14.20.41:720][997]LogMemory: Physical Memory: 4004.92 MB used, 8088.75 MB total
[2015.11.15-14.20.41:720][997]LogMemory: Virtual Memory: 2753.91 MB used, 8388608.00 MB total
[2015.11.15-14.20.41:720][997]LogMemory: 
[2015.11.15-14.20.41:720][997]Allocator Stats for TBB: (not implemented)
[2015.11.15-14.20.41:896][997]LogAIModule: Creating AISystem for world level2
[2015.11.15-14.20.41:896][997]LogWorld: Game class is 'Poopymode_C'
[2015.11.15-14.20.41:899][997]LogWorld: Bringing World /Game/Maps/UEDPIE_0_level2.level2 up for play (max tick rate 60) at 2015.11.15-15.20.41
[2015.11.15-14.20.41:899][997]LogActor:Warning: GameSession /Game/Maps/UEDPIE_0_level2.level2:PersistentLevel.GameSession_2 has natively added scene component(s), but none of them were set as the actor's RootComponent - picking one arbitrarily
[2015.11.15-14.20.41:899][997]LogActor:Warning: GameNetworkManager /Game/Maps/UEDPIE_0_level2.level2:PersistentLevel.GameNetworkManager_2 has natively added scene component(s), but none of them were set as the actor's RootComponent - picking one arbitrarily
[2015.11.15-14.20.41:900][997]LogWorld: Bringing up level for play took: 0.002444
[2015.11.15-14.20.41:900][997]LogGameMode: Warning - PATHS NOT DEFINED or NO PLAYERSTART with positive rating
[2015.11.15-14.20.43:659][100]LogBlueprintUserMessages: Early EndPlayMap Detection: Level '/Game/Maps/MainLevel.MainLevel:PersistentLevel' has LevelScriptBlueprint '/Game/Maps/MainLevel.MainLevel:PersistentLevel.MainLevel' with GeneratedClass '/Game/Maps/MainLevel.MainLevel_C' with ClassGeneratedBy '/Game/Maps/MainLevel.MainLevel:PersistentLevel.MainLevel'
[2015.11.15-14.20.43:723][100]LogBlueprintUserMessages: Late EndPlayMap Detection: Level '/Game/Maps/MainLevel.MainLevel:PersistentLevel' has LevelScriptBlueprint '/Game/Maps/MainLevel.MainLevel:PersistentLevel.MainLevel' with GeneratedClass '/Game/Maps/MainLevel.MainLevel_C' with ClassGeneratedBy '/Game/Maps/MainLevel.MainLevel:PersistentLevel.MainLevel'
[2015.11.15-14.20.43:813][101]LogParticles: Destroying 0 GPU particle simulations for FXSystem 0x00000000803A40E0
[2015.11.15-14.21.59:851][584]Cmd: OBJ SAVEPACKAGE PACKAGE="/Game/Blueprints/Heros/Poopy" FILE="../../../../../../Users/Julio/Documents/Unreal Projects/GrandmaAndPooppy/Content/Blueprints/Heros/Poopy.uasset" SILENT=true
[2015.11.15-14.22.00:173][584]LogSavePackage: Save=296.450439ms
[2015.11.15-14.22.00:173][584]LogSavePackage: Moving '../../../../../../Users/Julio/Documents/Unreal Projects/GrandmaAndPooppy/Saved/Poopy7FCA8B174C8A3862C9BF7F85EB7C11D3.tmp' to '../../../../../../Users/Julio/Documents/Unreal Projects/GrandmaAndPooppy/Content/Blueprints/Heros/Poopy.uasset'
[2015.11.15-14.22.00:177][584]LogSavePackage: Total save time: 320.182301ms
[2015.11.15-14.22.00:177][584]LogSavePackage:Display: Finished SavePackage ../../../../../../Users/Julio/Documents/Unreal Projects/GrandmaAndPooppy/Content/Blueprints/Heros/Poopy.uasset
[2015.11.15-14.22.11:521][222]LogUObjectHash:Warning: Ambiguous search, could be K2Node_CallFunction /Game/Blueprints/Heros/Poopy.Poopy:winning_poopy.K2Node_CallFunction_8853 or K2Node_CallFunction /Game/Blueprints/Heros/Poopy.Poopy:Loose.K2Node_CallFunction_8853
[2015.11.15-14.22.11:521][222]LogUObjectHash:Warning: Ambiguous search, could be K2Node_FunctionResult /Game/Blueprints/Heros/Poopy.Poopy:winning_poopy.K2Node_FunctionResult_2 or K2Node_FunctionResult /Game/UI/HUD.HUD:TimerDisplay.K2Node_FunctionResult_2
[2015.11.15-14.22.11:521][222]LogUObjectHash:Warning: Ambiguous search, could be K2Node_FunctionResult /Game/Blueprints/Heros/Poopy.Poopy:winning_poopy.K2Node_FunctionResult_2 or K2Node_FunctionResult /Game/Blueprints/Heros/Poopy.Poopy:Loose.K2Node_FunctionResult_2
[2015.11.15-14.22.11:522][222]LogUObjectHash:Warning: Ambiguous search, could be K2Node_CallFunction /Game/Blueprints/Heros/Poopy.Poopy:winning_poopy.K2Node_CallFunction_10820 or K2Node_CallFunction /Game/Blueprints/Heros/Poopy.Poopy:Loose.K2Node_CallFunction_10820
[2015.11.15-14.22.11:522][222]LogUObjectHash:Warning: Ambiguous search, could be K2Node_CallFunction /Game/Blueprints/Heros/Poopy.Poopy:winning_poopy.K2Node_CallFunction_10820 or K2Node_CallFunction /Game/Blueprints/Heros/Poopy.Poopy:Loose.K2Node_CallFunction_10820
[2015.11.15-14.22.28:016][187]Cmd: OBJ SAVEPACKAGE PACKAGE="/Game/Blueprints/Heros/Poopy" FILE="../../../../../../Users/Julio/Documents/Unreal Projects/GrandmaAndPooppy/Content/Blueprints/Heros/Poopy.uasset" SILENT=true
[2015.11.15-14.22.28:343][187]LogSavePackage: Save=302.519775ms
[2015.11.15-14.22.28:343][187]LogSavePackage: Moving '../../../../../../Users/Julio/Documents/Unreal Projects/GrandmaAndPooppy/Saved/PoopyB75FFFB8418B3442D570BD8463A5635B.tmp' to '../../../../../../Users/Julio/Documents/Unreal Projects/GrandmaAndPooppy/Content/Blueprints/Heros/Poopy.uasset'
[2015.11.15-14.22.28:346][187]LogSavePackage: Total save time: 324.967593ms
[2015.11.15-14.22.28:346][187]LogSavePackage:Display: Finished SavePackage ../../../../../../Users/Julio/Documents/Unreal Projects/GrandmaAndPooppy/Content/Blueprints/Heros/Poopy.uasset
[2015.11.15-14.22.43:702][ 95]BlueprintLog: New page: Compile Poopy
[2015.11.15-14.22.44:038][ 95]BlueprintEditorCompileResults: Info [1057.91] Compile of Poopy successful! [in 335 ms]
[2015.11.15-14.22.49:891][403]LogAIModule: Creating AISystem for world level2
[2015.11.15-14.22.56:691][801]Cmd: MAP LOAD FILE="../../../../../../Users/Julio/Documents/Unreal Projects/GrandmaAndPooppy/Content/Maps/level2.umap" TEMPLATE=0 SHOWPROGRESS=1 FEATURELEVEL=3
[2015.11.15-14.22.56:692][801]LightingResults: New page: Lighting Build
[2015.11.15-14.22.56:715][801]LoadErrors: New page: Loading map: level2.umap
[2015.11.15-14.22.56:755][801]MapCheck: New page: Map Check
[2015.11.15-14.22.56:755][801]LightingResults: New page: Lighting Build
[2015.11.15-14.22.56:801][801]LogParticles: Destroying 0 GPU particle simulations for FXSystem 0x000000002E552700
[2015.11.15-14.22.56:808][801]LogParticles: Destroying 0 GPU particle simulations for FXSystem 0x0000000013439440
[2015.11.15-14.22.56:809][801]LogEditorServer: Finished looking for orphan Actors (0.000 secs)
[2015.11.15-14.22.56:848][801]Cmd: MAP CHECKDEP NOCLEARLOG
[2015.11.15-14.22.56:922][801]MapCheck: Info Map check complete: 0 Error(s), 0 Warning(s), took 74.184ms to complete.
[2015.11.15-14.22.56:923][801]LogFileHelpers: Loading map 'level2' took 0.233
[2015.11.15-14.24.13:987][449]LogAIModule: Creating AISystem for world level-loose
[2015.11.15-14.24.13:990][449]LogUObjectGlobals:Warning: Failed to find object 'Object /Game/Maps/level-loose.level2'
[2015.11.15-14.24.14:840][498]LogUObjectGlobals:Warning: Failed to find object 'Object /Game/Maps/level-loose.level2'
[2015.11.15-14.24.19:313][753]LogActorComponent: UnregisterComponent: (/Engine/Transient.EditorFloorComp) Not registered. Aborting.
[2015.11.15-14.24.19:592][754]Cmd: QUIT_EDITOR
[2015.11.15-14.24.19:741][754]LogExit: Preparing to exit.
[2015.11.15-14.24.20:430][754]LogExit: Editor shut down
[2015.11.15-14.24.20:430][754]LogExit: Transaction tracking system shut down
[2015.11.15-14.24.20:436][754]LogParticles: Destroying 0 GPU particle simulations for FXSystem 0x0000000034AB36A0
[2015.11.15-14.24.20:436][754]LogParticles: Destroying 0 GPU particle simulations for FXSystem 0x0000000034932A20
[2015.11.15-14.24.20:436][754]LogParticles: Destroying 0 GPU particle simulations for FXSystem 0x00000000366AE200
[2015.11.15-14.24.20:437][754]LogParticles: Destroying 0 GPU particle simulations for FXSystem 0x00000000366AD9E0
[2015.11.15-14.24.20:445][754]LogParticles: Destroying 0 GPU particle simulations for FXSystem 0x000000002DFAD6C0
[2015.11.15-14.24.20:445][754]LogParticles: Destroying 0 GPU particle simulations for FXSystem 0x0000000074650EA0
[2015.11.15-14.24.20:683][754]LogExit: Object subsystem successfully closed.
[2015.11.15-14.24.20:702][754]LogD3D11RHI: Shutdown
[2015.11.15-14.24.20:702][754]LogD3D11RHI: CleanupD3DDevice
[2015.11.15-14.24.20:779][754]LogD3D11RHI: ~FD3D11DynamicRHI
[2015.11.15-14.24.20:794][754]LogModuleManager: Shutting down and abandoning module CookingStats (200)
[2015.11.15-14.24.20:794][754]LogModuleManager: Shutting down and abandoning module BlueprintGraph (199)
[2015.11.15-14.24.20:794][754]LogModuleManager: Shutting down and abandoning module CrashTracker (198)
[2015.11.15-14.24.20:794][754]LogModuleManager: Shutting down and abandoning module SceneOutliner (197)
[2015.11.15-14.24.20:794][754]LogModuleManager: Shutting down and abandoning module SuperSearch (196)
[2015.11.15-14.24.20:794][754]LogModuleManager: Shutting down and abandoning module WidgetCarousel (195)
[2015.11.15-14.24.20:794][754]LogModuleManager: Shutting down and abandoning module AddContentDialog (194)
[2015.11.15-14.24.20:795][754]LogModuleManager: Shutting down and abandoning module EditorWidgets (193)
[2015.11.15-14.24.20:795][754]LogModuleManager: Shutting down and abandoning module CollectionManager (192)
[2015.11.15-14.24.20:795][754]LogModuleManager: Shutting down and abandoning module StatsViewer (191)
[2015.11.15-14.24.20:795][754]LogModuleManager: Shutting down and abandoning module FoliageEdit (190)
[2015.11.15-14.24.20:795][754]LogModuleManager: Shutting down and abandoning module LandscapeEditor (189)
[2015.11.15-14.24.20:795][754]LogModuleManager: Shutting down and abandoning module ActorPickerMode (188)
[2015.11.15-14.24.20:795][754]LogModuleManager: Shutting down and abandoning module GeometryMode (187)
[2015.11.15-14.24.20:795][754]LogModuleManager: Shutting down and abandoning module TextureAlignMode (186)
[2015.11.15-14.24.20:795][754]LogModuleManager: Shutting down and abandoning module BspMode (185)
[2015.11.15-14.24.20:795][754]LogModuleManager: Shutting down and abandoning module PlacementMode (184)
[2015.11.15-14.24.20:795][754]LogModuleManager: Shutting down and abandoning module AutomationWorker (183)
[2015.11.15-14.24.20:795][754]LogModuleManager: Shutting down and abandoning module CharacterAI (182)
[2015.11.15-14.24.20:795][754]LogModuleManager: Shutting down and abandoning module SmartSnapping (181)
[2015.11.15-14.24.20:795][754]LogModuleManager: Shutting down and abandoning module ViewportSnapping (180)
[2015.11.15-14.24.20:795][754]LogModuleManager: Shutting down and abandoning module LogVisualizer (179)
[2015.11.15-14.24.20:795][754]LogModuleManager: Shutting down and abandoning module GameProjectGeneration (178)
[2015.11.15-14.24.20:795][754]LogModuleManager: Shutting down and abandoning module IntroTutorials (177)
[2015.11.15-14.24.20:795][754]LogModuleManager: Shutting down and abandoning module EditorLiveStreaming (176)
[2015.11.15-14.24.20:795][754]LogModuleManager: Shutting down and abandoning module IOSPlatformEditor (175)
[2015.11.15-14.24.20:795][754]LogModuleManager: Shutting down and abandoning module HTML5PlatformEditor (174)
[2015.11.15-14.24.20:795][754]LogModuleManager: Shutting down and abandoning module AndroidDeviceDetection (173)
[2015.11.15-14.24.21:374][754]LogModuleManager: Shutting down and abandoning module AndroidPlatformEditor (172)
[2015.11.15-14.24.21:374][754]LogModuleManager: Shutting down and abandoning module IOSRuntimeSettings (171)
[2015.11.15-14.24.21:374][754]LogModuleManager: Shutting down and abandoning module AndroidRuntimeSettings (170)
[2015.11.15-14.24.21:374][754]LogModuleManager: Shutting down and abandoning module MergeActors (169)
[2015.11.15-14.24.21:374][754]LogModuleManager: Shutting down and abandoning module SizeMap (168)
[2015.11.15-14.24.21:374][754]LogModuleManager: Shutting down and abandoning module TreeMap (167)
[2015.11.15-14.24.21:374][754]LogModuleManager: Shutting down and abandoning module ReferenceViewer (166)
[2015.11.15-14.24.21:374][754]LogModuleManager: Shutting down and abandoning module LocalizationService (165)
[2015.11.15-14.24.21:374][754]LogModuleManager: Shutting down and abandoning module LocalizationDashboard (164)
[2015.11.15-14.24.21:374][754]LogModuleManager: Shutting down and abandoning module HardwareTargeting (163)
[2015.11.15-14.24.21:374][754]LogModuleManager: Shutting down and abandoning module DeviceProfileEditor (162)
[2015.11.15-14.24.21:374][754]LogModuleManager: Shutting down and abandoning module UndoHistory (161)
[2015.11.15-14.24.21:374][754]LogModuleManager: Shutting down and abandoning module GameplayTagsEditor (160)
[2015.11.15-14.24.21:374][754]LogModuleManager: Shutting down and abandoning module UserFeedback (159)
[2015.11.15-14.24.21:374][754]LogModuleManager: Shutting down and abandoning module XmlParser (158)
[2015.11.15-14.24.21:374][754]LogModuleManager: Shutting down and abandoning module Blutility (157)
[2015.11.15-14.24.21:374][754]LogModuleManager: Shutting down and abandoning module ProjectTargetPlatformEditor (156)
[2015.11.15-14.24.21:374][754]LogModuleManager: Shutting down and abandoning module ProjectSettingsViewer (155)
[2015.11.15-14.24.21:374][754]LogModuleManager: Shutting down and abandoning module InputBindingEditor (154)
[2015.11.15-14.24.21:375][754]LogModuleManager: Shutting down and abandoning module EditorSettingsViewer (153)
[2015.11.15-14.24.21:375][754]LogModuleManager: Shutting down and abandoning module SettingsEditor (152)
[2015.11.15-14.24.21:375][754]LogModuleManager: Shutting down and abandoning module ProjectLauncher (151)
[2015.11.15-14.24.21:375][754]LogModuleManager: Shutting down and abandoning module SessionFrontend (150)
[2015.11.15-14.24.21:375][754]LogModuleManager: Shutting down and abandoning module ProfilerClient (149)
[2015.11.15-14.24.21:375][754]LogModuleManager: Shutting down and abandoning module TargetDeviceServices (148)
[2015.11.15-14.24.21:375][754]LogModuleManager: Shutting down and abandoning module DeviceManager (147)
[2015.11.15-14.24.21:375][754]LogModuleManager: Shutting down and abandoning module AutomationController (146)
[2015.11.15-14.24.21:375][754]LogModuleManager: Shutting down and abandoning module AutomationWindow (145)
[2015.11.15-14.24.21:375][754]LogModuleManager: Shutting down and abandoning module Layers (144)
[2015.11.15-14.24.21:375][754]LogModuleManager: Shutting down and abandoning module ComponentVisualizers (143)
[2015.11.15-14.24.21:375][754]LogModuleManager: Shutting down and abandoning module DetailCustomizations (142)
[2015.11.15-14.24.21:375][754]LogModuleManager: Shutting down and abandoning module PackagesDialog (141)
[2015.11.15-14.24.21:375][754]LogModuleManager: Shutting down and abandoning module Persona (140)
[2015.11.15-14.24.21:375][754]LogModuleManager: Shutting down and abandoning module Kismet (139)
[2015.11.15-14.24.21:375][754]LogModuleManager: Shutting down and abandoning module GraphEditor (138)
[2015.11.15-14.24.21:375][754]LogModuleManager: Shutting down and abandoning module ClassViewer (137)
[2015.11.15-14.24.21:377][754]LogModuleManager: Shutting down and abandoning module Toolbox (136)
[2015.11.15-14.24.21:377][754]LogModuleManager: Shutting down and abandoning module ModuleUI (135)
[2015.11.15-14.24.21:377][754]LogModuleManager: Shutting down and abandoning module MovieSceneTools (134)
[2015.11.15-14.24.21:377][754]LogModuleManager: Shutting down and abandoning module OutputLog (133)
[2015.11.15-14.24.21:377][754]LogModuleManager: Shutting down and abandoning module GammaUI (132)
[2015.11.15-14.24.21:377][754]LogModuleManager: Shutting down and abandoning module Documentation (131)
[2015.11.15-14.24.21:377][754]LogModuleManager: Shutting down and abandoning module GameLiveStreaming (130)
[2015.11.15-14.24.21:377][754]LogModuleManager: Shutting down and abandoning module StreamingPauseRendering (129)
[2015.11.15-14.24.21:377][754]LogModuleManager: Shutting down and abandoning module AnalyticsET (128)
[2015.11.15-14.24.21:377][754]LogModuleManager: Shutting down and abandoning module Analytics (127)
[2015.11.15-14.24.21:377][754]LogModuleManager: Shutting down and abandoning module AITestSuite (126)
[2015.11.15-14.24.21:377][754]LogModuleManager: Shutting down and abandoning module GameplayDebugger (125)
[2015.11.15-14.24.21:377][754]LogModuleManager: Shutting down and abandoning module AIModule (124)
[2015.11.15-14.24.21:377][754]LogModuleManager: Shutting down and abandoning module ProfilerService (123)
[2015.11.15-14.24.21:542][754]LogModuleManager: Shutting down and abandoning module TaskGraph (122)
[2015.11.15-14.24.21:542][754]LogModuleManager: Shutting down and abandoning module SlateRemote (121)
[2015.11.15-14.24.21:542][754]LogModuleManager: Shutting down and abandoning module SteamVRController (120)
[2015.11.15-14.24.21:542][754]LogModuleManager: Shutting down and abandoning module SteamVR (119)
[2015.11.15-14.24.21:542][754]LogModuleManager: Shutting down and abandoning module ProceduralMeshComponent (118)
[2015.11.15-14.24.21:542][754]LogModuleManager: Shutting down and abandoning module OculusLibrary (117)
[2015.11.15-14.24.21:542][754]LogModuleManager: Shutting down and abandoning module OculusInput (116)
[2015.11.15-14.24.21:542][754]LogModuleManager: Shutting down and abandoning module LeapMotionController (115)
[2015.11.15-14.24.21:554][754]LogModuleManager: Shutting down and abandoning module CustomMeshComponent (114)
[2015.11.15-14.24.21:554][754]LogModuleManager: Shutting down and abandoning module CableComponent (113)
[2015.11.15-14.24.21:554][754]LogModuleManager: Shutting down and abandoning module ArchVisCharacter (112)
[2015.11.15-14.24.21:554][754]LogModuleManager: Shutting down and abandoning module MessagingDebugger (111)
[2015.11.15-14.24.21:554][754]LogModuleManager: Shutting down and abandoning module MediaPlayerEditor (110)
[2015.11.15-14.24.21:555][754]LogModuleManager: Shutting down and abandoning module HTML5Networking (109)
[2015.11.15-14.24.21:555][754]LogModuleManager: Shutting down and abandoning module SpeedTreeImporter (108)
[2015.11.15-14.24.21:555][754]LogModuleManager: Shutting down and abandoning module PluginBrowser (107)
[2015.11.15-14.24.21:555][754]LogModuleManager: Shutting down and abandoning module EpicSurvey (106)
[2015.11.15-14.24.21:555][754]LogModuleManager: Shutting down and abandoning module DesktopPlatform (105)
[2015.11.15-14.24.21:555][754]LogModuleManager: Shutting down and abandoning module VisualStudioSourceCodeAccess (104)
[2015.11.15-14.24.21:555][754]LogModuleManager: Shutting down and abandoning module UObjectPlugin (103)
[2015.11.15-14.24.21:555][754]LogModuleManager: Shutting down and abandoning module SubversionSourceControl (102)
[2015.11.15-14.24.21:555][754]LogModuleManager: Shutting down and abandoning module PerforceSourceControl (101)
[2015.11.15-14.24.21:555][754]LogModuleManager: Shutting down and abandoning module SourceControl (100)
[2015.11.15-14.24.21:555][754]LogModuleManager: Shutting down and abandoning module GitSourceControl (99)
[2015.11.15-14.24.21:555][754]LogModuleManager: Shutting down and abandoning module LightPropagationVolumeEditor (98)
[2015.11.15-14.24.21:555][754]LogModuleManager: Shutting down and abandoning module PaperTiledImporter (97)
[2015.11.15-14.24.21:555][754]LogModuleManager: Shutting down and abandoning module PaperSpriteSheetImporter (96)
[2015.11.15-14.24.21:555][754]LogModuleManager: Shutting down and abandoning module MeshPaint (95)
[2015.11.15-14.24.21:555][754]LogModuleManager: Shutting down and abandoning module SlateReflector (94)
[2015.11.15-14.24.21:555][754]LogModuleManager: Shutting down and abandoning module HotReload (93)
[2015.11.15-14.24.21:555][754]LogModuleManager: Shutting down and abandoning module MainFrame (92)
[2015.11.15-14.24.21:555][754]LogModuleManager: Shutting down and abandoning module LevelEditor (91)
[2015.11.15-14.24.21:557][754]LogModuleManager: Shutting down and abandoning module DirectoryWatcher (90)
[2015.11.15-14.24.21:557][754]LogModuleManager: Shutting down and abandoning module AssetRegistry (89)
[2015.11.15-14.24.21:644][754]LogModuleManager: Shutting down and abandoning module ContentBrowser (88)
[2015.11.15-14.24.21:645][754]LogModuleManager: Shutting down and abandoning module Paper2DEditor (87)
[2015.11.15-14.24.21:645][754]LogModuleManager: Shutting down and abandoning module UdpMessaging (86)
[2015.11.15-14.24.21:745][754]LogModuleManager: Shutting down and abandoning module LightPropagationVolumeRuntime (85)
[2015.11.15-14.24.21:745][754]LogModuleManager: Shutting down and abandoning module Paper2D (84)
[2015.11.15-14.24.21:745][754]LogModuleManager: Shutting down and abandoning module WindowsMoviePlayer (83)
[2015.11.15-14.24.21:749][754]LogModuleManager: Shutting down and abandoning module Media (82)
[2015.11.15-14.24.21:749][754]LogModuleManager: Shutting down and abandoning module WmfMedia (81)
[2015.11.15-14.24.21:750][754]LogModuleManager: Shutting down and abandoning module OnlineBlueprintSupport (80)
[2015.11.15-14.24.21:750][754]LogModuleManager: Shutting down and abandoning module GameplayTasksEditor (79)
[2015.11.15-14.24.21:750][754]LogModuleManager: Shutting down and abandoning module PropertyEditor (78)
[2015.11.15-14.24.21:750][754]LogModuleManager: Shutting down and abandoning module BehaviorTreeEditor (77)
[2015.11.15-14.24.21:750][754]LogModuleManager: Shutting down and abandoning module FunctionalTesting (76)
[2015.11.15-14.24.21:750][754]LogModuleManager: Shutting down and abandoning module CollisionAnalyzer (75)
[2015.11.15-14.24.21:750][754]LogModuleManager: Shutting down and abandoning module WorkspaceMenuStructure (74)
[2015.11.15-14.24.21:750][754]LogModuleManager: Shutting down and abandoning module MessageLog (73)
[2015.11.15-14.24.21:750][754]LogModuleManager: Shutting down and abandoning module Sequencer (72)
[2015.11.15-14.24.21:750][754]LogModuleManager: Shutting down and abandoning module AssetTools (71)
[2015.11.15-14.24.21:750][754]LogModuleManager: Shutting down and abandoning module UMGEditor (70)
[2015.11.15-14.24.21:750][754]LogModuleManager: Shutting down and abandoning module UMG (69)
[2015.11.15-14.24.21:750][754]LogModuleManager: Shutting down and abandoning module Slate (68)
[2015.11.15-14.24.21:750][754]LogModuleManager: Shutting down and abandoning module EditorStyle (67)
[2015.11.15-14.24.21:753][754]LogModuleManager: Shutting down and abandoning module SessionServices (66)
[2015.11.15-14.24.21:753][754]LogModuleManager: Shutting down and abandoning module SourceCodeAccess (65)
[2015.11.15-14.24.21:753][754]LogModuleManager: Shutting down and abandoning module HeadMountedDisplay (64)
[2015.11.15-14.24.21:753][754]LogModuleManager: Shutting down and abandoning module XAudio2 (63)
[2015.11.15-14.24.21:753][754]LogModuleManager: Shutting down and abandoning module Networking (61)
[2015.11.15-14.24.21:753][754]LogModuleManager: Shutting down and abandoning module Core (60)
[2015.11.15-14.24.21:753][754]LogModuleManager: Shutting down and abandoning module KismetCompiler (59)
[2015.11.15-14.24.21:753][754]LogModuleManager: Shutting down and abandoning module PhysXFormats (58)
[2015.11.15-14.24.21:753][754]LogModuleManager: Shutting down and abandoning module MeshUtilities (57)
[2015.11.15-14.24.21:753][754]LogModuleManager: Shutting down and abandoning module DerivedDataCache (56)
[2015.11.15-14.24.21:770][754]LogDerivedDataCache: Shutdown
[2015.11.15-14.24.21:770][754]LogModuleManager: Shutting down and abandoning module ShaderFormatOpenGL (55)
[2015.11.15-14.24.21:770][754]LogModuleManager: Shutting down and abandoning module ShaderFormatD3D (54)
[2015.11.15-14.24.21:770][754]LogModuleManager: Shutting down and abandoning module MetalShaderFormat (53)
[2015.11.15-14.24.21:770][754]LogModuleManager: Shutting down and abandoning module TextureFormatUncompressed (52)
[2015.11.15-14.24.21:770][754]LogModuleManager: Shutting down and abandoning module TextureFormatPVR (51)
[2015.11.15-14.24.21:770][754]LogModuleManager: Shutting down and abandoning module TextureFormatIntelISPCTexComp (50)
[2015.11.15-14.24.21:770][754]LogModuleManager: Shutting down and abandoning module TextureFormatDXT (49)
[2015.11.15-14.24.21:770][754]LogModuleManager: Shutting down and abandoning module ImageWrapper (48)
[2015.11.15-14.24.21:770][754]LogModuleManager: Shutting down and abandoning module TextureFormatASTC (47)
[2015.11.15-14.24.21:770][754]LogModuleManager: Shutting down and abandoning module TextureFormatAndroid (46)
[2015.11.15-14.24.21:770][754]LogModuleManager: Shutting down and abandoning module AudioFormatOpus (45)
[2015.11.15-14.24.21:770][754]LogModuleManager: Shutting down and abandoning module AudioFormatOgg (44)
[2015.11.15-14.24.21:770][754]LogModuleManager: Shutting down and abandoning module AudioFormatADPCM (43)
[2015.11.15-14.24.21:770][754]LogModuleManager: Shutting down and abandoning module LinuxTargetPlatform (42)
[2015.11.15-14.24.21:770][754]LogModuleManager: Shutting down and abandoning module LinuxServerTargetPlatform (41)
[2015.11.15-14.24.21:770][754]LogModuleManager: Shutting down and abandoning module LinuxNoEditorTargetPlatform (40)
[2015.11.15-14.24.21:770][754]LogModuleManager: Shutting down and abandoning module Messaging (39)
[2015.11.15-14.24.21:770][754]LogModuleManager: Shutting down and abandoning module IOSTargetPlatform (38)
[2015.11.15-14.24.21:770][754]LogModuleManager: Shutting down and abandoning module HTML5TargetPlatform (37)
[2015.11.15-14.24.21:770][754]LogModuleManager: Shutting down and abandoning module Android_PVRTCTargetPlatform (36)
[2015.11.15-14.24.21:771][754]LogModuleManager: Shutting down and abandoning module Android_MultiTargetPlatform (35)
[2015.11.15-14.24.21:771][754]LogModuleManager: Shutting down and abandoning module Android_ETC2TargetPlatform (34)
[2015.11.15-14.24.21:771][754]LogModuleManager: Shutting down and abandoning module Android_ETC1TargetPlatform (33)
[2015.11.15-14.24.21:771][754]LogModuleManager: Shutting down and abandoning module Android_DXTTargetPlatform (32)
[2015.11.15-14.24.21:771][754]LogModuleManager: Shutting down and abandoning module Android_ATCTargetPlatform (31)
[2015.11.15-14.24.21:771][754]LogModuleManager: Shutting down and abandoning module Android_ASTCTargetPlatform (30)
[2015.11.15-14.24.21:771][754]LogModuleManager: Shutting down and abandoning module AndroidTargetPlatform (29)
[2015.11.15-14.24.21:771][754]LogModuleManager: Shutting down and abandoning module WindowsTargetPlatform (28)
[2015.11.15-14.24.21:771][754]LogModuleManager: Shutting down and abandoning module WindowsServerTargetPlatform (27)
[2015.11.15-14.24.21:771][754]LogModuleManager: Shutting down and abandoning module WindowsNoEditorTargetPlatform (26)
[2015.11.15-14.24.21:771][754]LogModuleManager: Shutting down and abandoning module WindowsClientTargetPlatform (25)
[2015.11.15-14.24.21:771][754]LogModuleManager: Shutting down and abandoning module AllDesktopTargetPlatform (24)
[2015.11.15-14.24.21:771][754]LogModuleManager: Shutting down and abandoning module TargetPlatform (23)
[2015.11.15-14.24.21:771][754]LogModuleManager: Shutting down and abandoning module InputCore (22)
[2015.11.15-14.24.21:771][754]LogModuleManager: Shutting down and abandoning module Settings (21)
[2015.11.15-14.24.21:771][754]LogModuleManager: Shutting down and abandoning module OnlineSubsystem (19)
[2015.11.15-14.24.21:771][754]LogModuleManager: Shutting down and abandoning module HTTP (18)
[2015.11.15-14.24.23:771][754]LogModuleManager: Shutting down and abandoning module XMPP (17)
[2015.11.15-14.24.23:771][754]LogModuleManager: Shutting down and abandoning module OculusRift (16)
[2015.11.15-14.24.23:771][754]LogModuleManager: Shutting down and abandoning module ExampleDeviceProfileSelector (15)
[2015.11.15-14.24.23:771][754]LogModuleManager: Shutting down and abandoning module TextureCompressor (14)
[2015.11.15-14.24.23:771][754]LogModuleManager: Shutting down and abandoning module ShaderCore (13)
[2015.11.15-14.24.23:771][754]LogModuleManager: Shutting down and abandoning module Landscape (12)
[2015.11.15-14.24.23:771][754]LogModuleManager: Shutting down and abandoning module SlateRHIRenderer (11)
[2015.11.15-14.24.23:773][754]LogModuleManager: Shutting down and abandoning module OpenGLDrv (10)
[2015.11.15-14.24.23:773][754]LogModuleManager: Shutting down and abandoning module D3D11RHI (9)
[2015.11.15-14.24.23:773][754]LogModuleManager: Shutting down and abandoning module AnimGraphRuntime (8)
[2015.11.15-14.24.23:773][754]LogModuleManager: Shutting down and abandoning module Renderer (7)
[2015.11.15-14.24.23:773][754]LogModuleManager: Shutting down and abandoning module Engine (6)
[2015.11.15-14.24.23:773][754]LogModuleManager: Shutting down and abandoning module CoreUObject (5)
[2015.11.15-14.24.23:773][754]LogModuleManager: Shutting down and abandoning module NetworkFile (4)
[2015.11.15-14.24.23:773][754]LogModuleManager: Shutting down and abandoning module StreamingFile (3)
[2015.11.15-14.24.23:773][754]LogModuleManager: Shutting down and abandoning module SandboxFile (2)
[2015.11.15-14.24.23:773][754]LogModuleManager: Shutting down and abandoning module PakFile (1)
[2015.11.15-14.24.23:774][754]LogExit: Exiting.
[2015.11.15-14.24.23:775][754]Log file closed, 11/15/15 15:24:23
