[2015.11.15-14.24.21:836][  0]Log file open, 11/15/15 15:24:21
[2015.11.15-14.24.21:836][  0]LogInit:Display: Running engine for game: GrandmaAndPooppy
[2015.11.15-14.24.21:836][  0]LogPlatformFile: Not using cached read wrapper
[2015.11.15-14.24.21:836][  0]LogInit:Display: RandInit(-139712338) SRandInit(-139712337).
[2015.11.15-14.24.21:836][  0]LogTaskGraph: Started task graph with 4 named threads and 5 total threads.
[2015.11.15-14.24.21:836][  0]LogStats: Stats thread started at 0.052857
[2015.11.15-14.24.21:836][  0]LogInit: Version: 4.10.0-2758231+++depot+UE4-Releases+4.10
[2015.11.15-14.24.21:836][  0]LogInit: API Version: 2758231
[2015.11.15-14.24.21:836][  0]LogInit: Compiled (64-bit): Nov  7 2015 05:13:45
[2015.11.15-14.24.21:837][  0]LogInit: Compiled with Visual C++: 19.00.23026.00
[2015.11.15-14.24.21:837][  0]LogInit: Build Configuration: Development
[2015.11.15-14.24.21:837][  0]LogInit: Branch Name: ++depot+UE4-Releases+4.10
[2015.11.15-14.24.21:837][  0]LogInit: Command line:  
[2015.11.15-14.24.21:837][  0]LogInit: Base directory: C:/Logiciels/Epic Games/4.10/Engine/Binaries/Win64/
[2015.11.15-14.24.21:837][  0]LogInit: Rocket: 1
[2015.11.15-14.24.21:844][  0]LogInit: Using libcurl 7.41.0
[2015.11.15-14.24.21:844][  0]LogInit:  - built for x86_64-pc-win32
[2015.11.15-14.24.21:844][  0]LogInit:  - supports SSL with WinSSL
[2015.11.15-14.24.21:844][  0]LogInit:  - other features:
[2015.11.15-14.24.21:844][  0]LogInit:      CURL_VERSION_SSL
[2015.11.15-14.24.21:844][  0]LogInit:      CURL_VERSION_IPV6
[2015.11.15-14.24.21:844][  0]LogInit:      CURL_VERSION_ASYNCHDNS
[2015.11.15-14.24.21:844][  0]LogInit:      CURL_VERSION_LARGEFILE
[2015.11.15-14.24.21:844][  0]LogInit:      CURL_VERSION_IDN
[2015.11.15-14.24.21:844][  0]LogInit:  CurlRequestOptions (configurable via config and command line):
[2015.11.15-14.24.21:844][  0]LogInit:  - bVerifyPeer = true  - Libcurl will verify peer certificate
[2015.11.15-14.24.21:844][  0]LogInit:  - bUseHttpProxy = false  - Libcurl will NOT use HTTP proxy
[2015.11.15-14.24.21:844][  0]LogInit:  - bDontReuseConnections = false  - Libcurl will reuse connections
[2015.11.15-14.24.21:844][  0]LogInit:  - CertBundlePath = nullptr  - Libcurl will use whatever was configured at build time.
[2015.11.15-14.24.21:851][  0]LogInit: Presizing for 0 objects not considered by GC, pre-allocating 0 bytes.
[2015.11.15-14.24.21:858][  0]LogInit: Object subsystem initialized
[2015.11.15-14.24.21:859][  0]LogInit: Selected Device Profile: [Windows]
[2015.11.15-14.24.21:859][  0]LogInit: Applying CVar settings loaded from the selected device profile: [Windows]
[2015.11.15-14.24.21:870][  0]LogInit: Computer: LASALAMANDRE
[2015.11.15-14.24.21:870][  0]LogInit: User: Julio
[2015.11.15-14.24.21:870][  0]LogInit: CPU Page size=4096, Cores=2
[2015.11.15-14.24.21:870][  0]LogInit: High frequency timer resolution =2.533388 MHz
[2015.11.15-14.24.21:870][  0]LogMemory: Memory total: Physical=7.9GB (8GB approx)
[2015.11.15-14.24.21:870][  0]LogMemory: Platform Memory Stats for Windows
[2015.11.15-14.24.21:870][  0]LogMemory: Process Physical Memory: 56.76 MB used, 56.76 MB peak
[2015.11.15-14.24.21:870][  0]LogMemory: Process Virtual Memory: 57.13 MB used, 57.13 MB peak
[2015.11.15-14.24.21:870][  0]LogMemory: Physical Memory: 3986.02 MB used, 8088.75 MB total
[2015.11.15-14.24.21:870][  0]LogMemory: Virtual Memory: 351.07 MB used, 8388608.00 MB total
[2015.11.15-14.24.21:922][  0]LogTextLocalizationManager: No translations for ('fr-FR') exist, falling back to 'en' for localization and internationalization data.
[2015.11.15-14.24.22:520][  0]LogD3D11RHI: Found D3D11 adapter 0: NVIDIA GeForce GTX 670MX (Feature Level 11_0)
[2015.11.15-14.24.22:520][  0]LogD3D11RHI: Adapter has 3009MB of dedicated video memory, 0MB of dedicated system memory, and 3788MB of shared system memory, 1 output[s]
[2015.11.15-14.24.22:550][  0]LogD3D11RHI: Found D3D11 adapter 1: NVIDIA GeForce GTX 670MX (Feature Level 11_0)
[2015.11.15-14.24.22:550][  0]LogD3D11RHI: Adapter has 3009MB of dedicated video memory, 0MB of dedicated system memory, and 3788MB of shared system memory, 0 output[s]
[2015.11.15-14.24.22:550][  0]LogD3D11RHI: Chosen D3D11 Adapter Id = 0
[2015.11.15-14.24.22:558][  0]LogD3D11RHI: !Direct3DDevice
[2015.11.15-14.24.22:558][  0]LogRHI: Texture pool is 1361 MB (70% of 1945 MB)
[2015.11.15-14.24.22:579][  0]LogD3D11RHI: Async texture creation enabled
[2015.11.15-14.24.22:595][  0]LogShaderCompilers: Guid format shader working directory is -26 characters bigger than the processId version (../../../../../../Users/Julio/Documents/Unreal Projects/GrandmaAndPooppy/Intermediate/Shaders/WorkingDirectory/7112/).
[2015.11.15-14.24.22:595][  0]LogShaderCompilers: Cleaned the shader compiler working directory 'C:/Users/Julio/AppData/Local/Temp/UnrealShaderWorkingDir/24D0522E40B79DFCE5FEA2B2D0E33DE7/'.
[2015.11.15-14.24.22:595][  0]LogShaderCompilers:Display: Using Local Shader Compiler.
[2015.11.15-14.24.23:500][  0]LogTemp:Display: Loaded TP AllDesktopTargetPlatform
[2015.11.15-14.24.23:505][  0]LogTemp:Display: Loaded TP WindowsClientTargetPlatform
[2015.11.15-14.24.23:510][  0]LogTemp:Display: Loaded TP WindowsNoEditorTargetPlatform
[2015.11.15-14.24.23:515][  0]LogTemp:Display: Loaded TP WindowsServerTargetPlatform
[2015.11.15-14.24.23:520][  0]LogTemp:Display: Loaded TP WindowsTargetPlatform
[2015.11.15-14.24.23:523][  0]LogTemp:Display: Loaded TP AndroidTargetPlatform
[2015.11.15-14.24.23:526][  0]LogTemp:Display: Loaded TP Android_ASTCTargetPlatform
[2015.11.15-14.24.23:530][  0]LogTemp:Display: Loaded TP Android_ATCTargetPlatform
[2015.11.15-14.24.23:533][  0]LogTemp:Display: Loaded TP Android_DXTTargetPlatform
[2015.11.15-14.24.23:536][  0]LogTemp:Display: Loaded TP Android_ETC1TargetPlatform
[2015.11.15-14.24.23:539][  0]LogTemp:Display: Loaded TP Android_ETC2TargetPlatform
[2015.11.15-14.24.23:546][  0]LogTemp:Display: Loaded TP Android_MultiTargetPlatform
[2015.11.15-14.24.23:546][  0]LogTemp:Display: Loaded TP Android_PVRTCTargetPlatform
[2015.11.15-14.24.23:547][  0]LogTemp:Display: Loaded TP HTML5TargetPlatform
[2015.11.15-14.24.23:565][  0]LogTemp:Display: Loaded TP IOSTargetPlatform
[2015.11.15-14.24.23:568][  0]LogTemp:Display: Loaded TP LinuxNoEditorTargetPlatform
[2015.11.15-14.24.23:571][  0]LogTemp:Display: Loaded TP LinuxServerTargetPlatform
[2015.11.15-14.24.23:574][  0]LogTemp:Display: Loaded TP LinuxTargetPlatform
[2015.11.15-14.24.23:574][  0]LogTargetPlatformManager:Display: Building Assets For Windows
[2015.11.15-14.24.23:656][  0]LogDerivedDataCache:Display: Max Cache Size: 512 MB
[2015.11.15-14.24.23:702][  0]LogDerivedDataCache: Loaded boot cache 0.05s 41MB C:/Users/Julio/AppData/Local/UnrealEngine/4.10/DerivedDataCache/Boot.ddc.
[2015.11.15-14.24.23:702][  0]LogDerivedDataCache:Display: Loaded Boot cache: C:/Users/Julio/AppData/Local/UnrealEngine/4.10/DerivedDataCache/Boot.ddc
[2015.11.15-14.24.23:702][  0]LogDerivedDataCache: FDerivedDataBackendGraph:  Pak pak cache file ../../../../../../Users/Julio/Documents/Unreal Projects/GrandmaAndPooppy/DerivedDataCache/DDC.ddp not found, will not use a pak cache.
[2015.11.15-14.24.23:702][  0]LogDerivedDataCache: Unable to find inner node Pak for hierarchical cache Hierarchy.
[2015.11.15-14.24.23:702][  0]LogDerivedDataCache: FDerivedDataBackendGraph:  CompressedPak pak cache file ../../../../../../Users/Julio/Documents/Unreal Projects/GrandmaAndPooppy/DerivedDataCache/Compressed.ddp not found, will not use a pak cache.
[2015.11.15-14.24.23:702][  0]LogDerivedDataCache: Unable to find inner node CompressedPak for hierarchical cache Hierarchy.
[2015.11.15-14.24.23:766][  0]LogDerivedDataCache:Display: Pak cache opened for reading ../../../Engine/DerivedDataCache/Compressed.ddp.
[2015.11.15-14.24.23:778][  0]LogDerivedDataCache: Using Local data cache path C:/Users/Julio/AppData/Local/UnrealEngine/Common/DerivedDataCache: Writable
[2015.11.15-14.24.23:972][  0]LogInit: Selected Device Profile: [Windows]
[2015.11.15-14.24.23:972][  0]LogContentStreaming: Texture pool size is 0.000000MB
[2015.11.15-14.24.24:008][  0]LogMeshUtilities: No automatic mesh reduction module available
[2015.11.15-14.24.24:008][  0]LogMeshUtilities: No automatic mesh merging module available
[2015.11.15-14.24.24:348][  0]LogInit: WinSock: version 1.1 (2.2), MaxSocks=32767, MaxUdp=65467
[2015.11.15-14.24.25:145][  0]UdpMessaging: Initializing bridge on interface 0.0.0.0:0 to multicast group 230.0.0.1:6666.
[2015.11.15-14.24.25:244][  0]LogAssetRegistry: FAssetRegistry took 0.0104 seconds to start up
[2015.11.15-14.24.25:448][  0]SourceControl: Info Source control is disabled
[2015.11.15-14.24.25:449][  0]SourceControl: Info Source control is disabled
[2015.11.15-14.24.25:464][  0]SourceControl: Info Source control is disabled
[2015.11.15-14.24.25:475][  0]SourceControl: Info Source control is disabled
[2015.11.15-14.24.25:703][  0]LogObj: 28633 objects as part of root set at end of initial load.
[2015.11.15-14.24.25:703][  0]LogUObjectAllocator: 6099752 out of 0 bytes used by permanent object pool.
[2015.11.15-14.24.25:764][  0]LogEngine: Initializing Engine...
[2015.11.15-14.24.25:767][  0]LogHMD: Can't find Oculus library dev build: is proper Runtime installed? Version: 0.8.0.0
[2015.11.15-14.24.25:767][  0]LogHMD: SteamVR failed to initialize.  Err: 110
[2015.11.15-14.24.25:915][  0]LogAIModule: Creating AISystem for world NewWorld
[2015.11.15-14.24.25:920][  0]LogInit: XAudio2 using 'Haut-parleurs (Périphérique High Definition Audio)' : 2 channels at 44.1 kHz using 16 bits per sample (channel mask 0x3)
[2015.11.15-14.24.25:927][  0]LogInit: FAudioDevice initialized.
[2015.11.15-14.24.25:950][  0]LogDerivedDataCache: Saved boot cache 0.02s 41MB C:/Users/Julio/AppData/Local/UnrealEngine/4.10/DerivedDataCache/Boot.ddc.
[2015.11.15-14.24.25:954][  0]LogInit: Texture streaming: Enabled
[2015.11.15-14.24.25:959][  0]LogAnalytics: Creating configured Analytics provider AnalyticsET
[2015.11.15-14.24.25:959][  0]LogAnalytics: [UEEditor.Rocket.Release] APIServer = http://et2.epicgames.com/ET2/. AppVersion = 4.10.0-2758231+++depot+UE4-Releases+4.10
[2015.11.15-14.24.25:960][  0]LogAnalytics: [UEEditor.Rocket.Release] SetUserId 7363a7de489977d2d6e8a5a849b15fd2|6c143e4a78834ca18f4c828388e83007|ed842e65-bf83-4705-912f-96b2489fe3ee
[2015.11.15-14.24.25:960][  0]LogAnalytics: [UEEditor.Rocket.Release] AnalyticsET::StartSession
[2015.11.15-14.24.25:979][  0]LogInit: Transaction tracking system initialized
[2015.11.15-14.24.26:020][  0]BlueprintLog: New page: Editor Load
[2015.11.15-14.24.26:121][  0]LocalizationService: Info Localization service is disabled
[2015.11.15-14.24.26:214][  0]LogConsoleResponse:Display: 
[2015.11.15-14.24.26:392][  0]LogCook:Display: Done creating registry. It took  0.00s.
[2015.11.15-14.24.26:487][  0]LogFileCache: Scanning file cache for directory 'C:/Users/Julio/Documents/Unreal Projects/GrandmaAndPooppy/Content/' took 0.02s
[2015.11.15-14.24.26:487][  0]SourceControl: Info Source control is disabled
[2015.11.15-14.24.26:488][  0]Cmd: MAP LOAD FILE="../../../../../../Users/Julio/Documents/Unreal Projects/GrandmaAndPooppy/Content/Maps/MainLevel.umap" TEMPLATE=0 SHOWPROGRESS=1 FEATURELEVEL=3
[2015.11.15-14.24.26:488][  0]LightingResults: New page: Lighting Build
[2015.11.15-14.24.26:494][  0]MapCheck: New page: Map Check
[2015.11.15-14.24.26:494][  0]LightingResults: New page: Lighting Build
[2015.11.15-14.24.26:523][  0]LogParticles: Destroying 0 GPU particle simulations for FXSystem 0x0000000025AE2AC0
[2015.11.15-14.24.28:160][  0]LogAIModule: Creating AISystem for world MainLevel
[2015.11.15-14.24.28:173][  0]LogEditorServer: Finished looking for orphan Actors (0.000 secs)
[2015.11.15-14.24.28:174][  0]Cmd: MAP CHECKDEP NOCLEARLOG
[2015.11.15-14.24.28:258][  0]MapCheck: Info Map check complete: 0 Error(s), 0 Warning(s), took 84.094ms to complete.
[2015.11.15-14.24.28:258][  0]LogFileHelpers: Loading map 'MainLevel' took 1.771
[2015.11.15-14.24.28:382][  0]LogCollectionManager: Loaded 0 collections in 0.003601 seconds
[2015.11.15-14.24.28:420][  0]LogFileCache: Scanning file cache for directory 'C:/Users/Julio/Documents/Unreal Projects/GrandmaAndPooppy/Saved/Collections/' took 0.01s
[2015.11.15-14.24.28:420][  0]LogFileCache: Scanning file cache for directory 'C:/Users/Julio/Documents/Unreal Projects/GrandmaAndPooppy/Content/Developers/Julio/Collections/' took 0.01s
[2015.11.15-14.24.28:420][  0]LogFileCache: Scanning file cache for directory 'C:/Users/Julio/Documents/Unreal Projects/GrandmaAndPooppy/Content/Collections/' took 0.01s
[2015.11.15-14.24.28:420][  0]LogCollectionManager: Rebuilt the GUID cache for 0 collections in 0.000002 seconds
[2015.11.15-14.24.28:430][  0]LogContentBrowser: Native class hierarchy populated in 0.0100 seconds. Added 1893 classes and 338 folders.
[2015.11.15-14.24.28:437][  0]LogContentBrowser: Native class hierarchy updated for 'WidgetCarousel' in 0.0003 seconds. Added 0 classes and 0 folders.
[2015.11.15-14.24.28:487][  0]LogContentBrowser: Native class hierarchy updated for 'AddContentDialog' in 0.0005 seconds. Added 0 classes and 0 folders.
[2015.11.15-14.24.28:493][  0]LogContentBrowser: Native class hierarchy updated for 'SceneOutliner' in 0.0005 seconds. Added 1 classes and 2 folders.
[2015.11.15-14.24.28:518][  0]LogCrashTracker: Crashtracker disabled due to settings.
[2015.11.15-14.24.28:525][  0]LogUObjectGlobals:Warning: Failed to find object 'Class None.'
[2015.11.15-14.24.28:547][  0]LogLoad: Full Startup: 7.17 seconds (BP compile: 0.48 seconds)
[2015.11.15-14.24.28:568][  0]LogOcInput: Can't find Oculus library dev build: is proper Runtime installed? Version: 0.8.0.0
[2015.11.15-14.24.28:674][  0]LogContentStreaming: Texture pool size now 1000 MB
[2015.11.15-14.24.28:788][  1]LogFileCache: Retrieving MD5 hashes for directory 'C:/Users/Julio/Documents/Unreal Projects/GrandmaAndPooppy/Content/' took 0.21s
[2015.11.15-14.24.28:867][  2]LogRenderer: Reallocating scene render targets to support 592x552 (Frame:2).
[2015.11.15-14.24.29:277][ 10]LogAssetRegistry: Asset discovery search completed in 4.0433 seconds
[2015.11.15-14.24.29:277][ 10]LogCollectionManager: Rebuilt the object cache for 0 collections in 0.000002 seconds (found 0 objects)
[2015.11.15-14.24.29:277][ 10]LogCollectionManager: Fixed up redirectors for 0 collections in 0.000034 seconds (updated 0 objects)
[2015.11.15-14.24.35:363][361]LogAIModule: Creating AISystem for world level-loose
[2015.11.15-14.24.35:364][361]LogUObjectGlobals:Warning: Failed to find object 'Object /Game/Maps/level-loose.level2'
[2015.11.15-14.24.37:691][500]LogUObjectGlobals:Warning: Failed to find object 'Object /Game/Maps/level-loose.level2'
[2015.11.15-14.24.38:859][569]LogUObjectGlobals:Warning: Failed to find object 'Object /Game/Maps/level-loose.level2'
[2015.11.15-14.24.39:834][625]LogAIModule: Creating AISystem for world level2
[2015.11.15-14.24.39:896][625]Cmd: MAP LOAD FILE="../../../../../../Users/Julio/Documents/Unreal Projects/GrandmaAndPooppy/Content/Maps/level2.umap" TEMPLATE=0 SHOWPROGRESS=1 FEATURELEVEL=3
[2015.11.15-14.24.39:897][625]LightingResults: New page: Lighting Build
[2015.11.15-14.24.39:920][625]LoadErrors: New page: Loading map: level2.umap
[2015.11.15-14.24.39:921][625]MapCheck: New page: Map Check
[2015.11.15-14.24.39:921][625]LightingResults: New page: Lighting Build
[2015.11.15-14.24.39:946][625]LogParticles: Destroying 0 GPU particle simulations for FXSystem 0x000000002C734C20
[2015.11.15-14.24.39:999][625]LogEditorServer: Finished looking for orphan Actors (0.000 secs)
[2015.11.15-14.24.40:042][625]Cmd: MAP CHECKDEP NOCLEARLOG
[2015.11.15-14.24.40:113][625]MapCheck: Info Map check complete: 0 Error(s), 0 Warning(s), took 71.282ms to complete.
[2015.11.15-14.24.40:113][625]LogFileHelpers: Loading map 'level2' took 0.218
[2015.11.15-14.24.41:655][715]LogAIModule: Creating AISystem for world level-loose
[2015.11.15-14.24.41:656][715]LogUObjectGlobals:Warning: Failed to find object 'Object /Game/Maps/level-loose.level2'
[2015.11.15-14.24.42:305][753]LogUObjectGlobals:Warning: Failed to find object 'Object /Game/Maps/level-loose.level2'
[2015.11.15-14.24.42:988][791]LogUObjectGlobals:Warning: Failed to find object 'Object /Game/Maps/level-loose.level2'
[2015.11.15-14.24.43:657][828]LogUObjectGlobals:Warning: Failed to find object 'Object /Game/Maps/level-loose.level2'
[2015.11.15-14.24.44:174][853]LogUObjectGlobals:Warning: Failed to find object 'Object /Game/Maps/level-loose.level2'
[2015.11.15-14.24.44:938][891]LogUObjectGlobals:Warning: Failed to find object 'Object /Game/Maps/level-loose.level2'
[2015.11.15-14.24.45:564][922]LogUObjectGlobals:Warning: Failed to find object 'Object /Game/Maps/level-loose.level2'
[2015.11.15-14.24.54:326][105]Cmd: QUIT_EDITOR
[2015.11.15-14.24.54:466][105]LogExit: Preparing to exit.
[2015.11.15-14.24.55:229][105]LogExit: Editor shut down
[2015.11.15-14.24.55:229][105]LogExit: Transaction tracking system shut down
[2015.11.15-14.24.55:234][105]LogParticles: Destroying 0 GPU particle simulations for FXSystem 0x000000003B403880
[2015.11.15-14.24.55:234][105]LogParticles: Destroying 0 GPU particle simulations for FXSystem 0x000000003B37DE40
[2015.11.15-14.24.55:234][105]LogParticles: Destroying 0 GPU particle simulations for FXSystem 0x000000003B37CAE0
[2015.11.15-14.24.55:383][105]LogExit: Object subsystem successfully closed.
[2015.11.15-14.24.55:397][105]LogD3D11RHI: Shutdown
[2015.11.15-14.24.55:397][105]LogD3D11RHI: CleanupD3DDevice
[2015.11.15-14.24.55:455][105]LogD3D11RHI: ~FD3D11DynamicRHI
[2015.11.15-14.24.55:469][105]LogModuleManager: Shutting down and abandoning module CrashTracker (198)
[2015.11.15-14.24.55:469][105]LogModuleManager: Shutting down and abandoning module SceneOutliner (197)
[2015.11.15-14.24.55:469][105]LogModuleManager: Shutting down and abandoning module SuperSearch (196)
[2015.11.15-14.24.55:469][105]LogModuleManager: Shutting down and abandoning module WidgetCarousel (195)
[2015.11.15-14.24.55:469][105]LogModuleManager: Shutting down and abandoning module AddContentDialog (194)
[2015.11.15-14.24.55:470][105]LogModuleManager: Shutting down and abandoning module EditorWidgets (193)
[2015.11.15-14.24.55:470][105]LogModuleManager: Shutting down and abandoning module CollectionManager (192)
[2015.11.15-14.24.55:470][105]LogModuleManager: Shutting down and abandoning module StatsViewer (191)
[2015.11.15-14.24.55:470][105]LogModuleManager: Shutting down and abandoning module FoliageEdit (190)
[2015.11.15-14.24.55:470][105]LogModuleManager: Shutting down and abandoning module LandscapeEditor (189)
[2015.11.15-14.24.55:470][105]LogModuleManager: Shutting down and abandoning module ActorPickerMode (188)
[2015.11.15-14.24.55:470][105]LogModuleManager: Shutting down and abandoning module GeometryMode (187)
[2015.11.15-14.24.55:470][105]LogModuleManager: Shutting down and abandoning module TextureAlignMode (186)
[2015.11.15-14.24.55:470][105]LogModuleManager: Shutting down and abandoning module BspMode (185)
[2015.11.15-14.24.55:470][105]LogModuleManager: Shutting down and abandoning module PlacementMode (184)
[2015.11.15-14.24.55:470][105]LogModuleManager: Shutting down and abandoning module AutomationWorker (183)
[2015.11.15-14.24.55:470][105]LogModuleManager: Shutting down and abandoning module CharacterAI (182)
[2015.11.15-14.24.55:470][105]LogModuleManager: Shutting down and abandoning module SmartSnapping (181)
[2015.11.15-14.24.55:470][105]LogModuleManager: Shutting down and abandoning module ViewportSnapping (180)
[2015.11.15-14.24.55:470][105]LogModuleManager: Shutting down and abandoning module LogVisualizer (179)
[2015.11.15-14.24.55:470][105]LogModuleManager: Shutting down and abandoning module GameProjectGeneration (178)
[2015.11.15-14.24.55:471][105]LogModuleManager: Shutting down and abandoning module IntroTutorials (177)
[2015.11.15-14.24.55:471][105]LogModuleManager: Shutting down and abandoning module EditorLiveStreaming (176)
[2015.11.15-14.24.55:471][105]LogModuleManager: Shutting down and abandoning module IOSPlatformEditor (175)
[2015.11.15-14.24.55:471][105]LogModuleManager: Shutting down and abandoning module HTML5PlatformEditor (174)
[2015.11.15-14.24.55:471][105]LogModuleManager: Shutting down and abandoning module AndroidDeviceDetection (173)
[2015.11.15-14.24.56:176][105]LogModuleManager: Shutting down and abandoning module AndroidPlatformEditor (172)
[2015.11.15-14.24.56:176][105]LogModuleManager: Shutting down and abandoning module IOSRuntimeSettings (171)
[2015.11.15-14.24.56:176][105]LogModuleManager: Shutting down and abandoning module AndroidRuntimeSettings (170)
[2015.11.15-14.24.56:176][105]LogModuleManager: Shutting down and abandoning module MergeActors (169)
[2015.11.15-14.24.56:176][105]LogModuleManager: Shutting down and abandoning module SizeMap (168)
[2015.11.15-14.24.56:176][105]LogModuleManager: Shutting down and abandoning module TreeMap (167)
[2015.11.15-14.24.56:176][105]LogModuleManager: Shutting down and abandoning module ReferenceViewer (166)
[2015.11.15-14.24.56:176][105]LogModuleManager: Shutting down and abandoning module LocalizationService (165)
[2015.11.15-14.24.56:176][105]LogModuleManager: Shutting down and abandoning module LocalizationDashboard (164)
[2015.11.15-14.24.56:176][105]LogModuleManager: Shutting down and abandoning module HardwareTargeting (163)
[2015.11.15-14.24.56:176][105]LogModuleManager: Shutting down and abandoning module DeviceProfileEditor (162)
[2015.11.15-14.24.56:176][105]LogModuleManager: Shutting down and abandoning module UndoHistory (161)
[2015.11.15-14.24.56:176][105]LogModuleManager: Shutting down and abandoning module GameplayTagsEditor (160)
[2015.11.15-14.24.56:176][105]LogModuleManager: Shutting down and abandoning module UserFeedback (159)
[2015.11.15-14.24.56:176][105]LogModuleManager: Shutting down and abandoning module XmlParser (158)
[2015.11.15-14.24.56:176][105]LogModuleManager: Shutting down and abandoning module Blutility (157)
[2015.11.15-14.24.56:176][105]LogModuleManager: Shutting down and abandoning module ProjectTargetPlatformEditor (156)
[2015.11.15-14.24.56:176][105]LogModuleManager: Shutting down and abandoning module ProjectSettingsViewer (155)
[2015.11.15-14.24.56:177][105]LogModuleManager: Shutting down and abandoning module InputBindingEditor (154)
[2015.11.15-14.24.56:177][105]LogModuleManager: Shutting down and abandoning module EditorSettingsViewer (153)
[2015.11.15-14.24.56:177][105]LogModuleManager: Shutting down and abandoning module SettingsEditor (152)
[2015.11.15-14.24.56:177][105]LogModuleManager: Shutting down and abandoning module ProjectLauncher (151)
[2015.11.15-14.24.56:177][105]LogModuleManager: Shutting down and abandoning module SessionFrontend (150)
[2015.11.15-14.24.56:177][105]LogModuleManager: Shutting down and abandoning module ProfilerClient (149)
[2015.11.15-14.24.56:177][105]LogModuleManager: Shutting down and abandoning module TargetDeviceServices (148)
[2015.11.15-14.24.56:177][105]LogModuleManager: Shutting down and abandoning module DeviceManager (147)
[2015.11.15-14.24.56:177][105]LogModuleManager: Shutting down and abandoning module AutomationController (146)
[2015.11.15-14.24.56:177][105]LogModuleManager: Shutting down and abandoning module AutomationWindow (145)
[2015.11.15-14.24.56:177][105]LogModuleManager: Shutting down and abandoning module Layers (144)
[2015.11.15-14.24.56:177][105]LogModuleManager: Shutting down and abandoning module ComponentVisualizers (143)
[2015.11.15-14.24.56:177][105]LogModuleManager: Shutting down and abandoning module DetailCustomizations (142)
[2015.11.15-14.24.56:177][105]LogModuleManager: Shutting down and abandoning module PackagesDialog (141)
[2015.11.15-14.24.56:177][105]LogModuleManager: Shutting down and abandoning module Persona (140)
[2015.11.15-14.24.56:177][105]LogModuleManager: Shutting down and abandoning module Kismet (139)
[2015.11.15-14.24.56:177][105]LogModuleManager: Shutting down and abandoning module GraphEditor (138)
[2015.11.15-14.24.56:177][105]LogModuleManager: Shutting down and abandoning module ClassViewer (137)
[2015.11.15-14.24.56:177][105]LogModuleManager: Shutting down and abandoning module Toolbox (136)
[2015.11.15-14.24.56:177][105]LogModuleManager: Shutting down and abandoning module ModuleUI (135)
[2015.11.15-14.24.56:177][105]LogModuleManager: Shutting down and abandoning module MovieSceneTools (134)
[2015.11.15-14.24.56:177][105]LogModuleManager: Shutting down and abandoning module OutputLog (133)
[2015.11.15-14.24.56:177][105]LogModuleManager: Shutting down and abandoning module GammaUI (132)
[2015.11.15-14.24.56:177][105]LogModuleManager: Shutting down and abandoning module Documentation (131)
[2015.11.15-14.24.56:177][105]LogModuleManager: Shutting down and abandoning module GameLiveStreaming (130)
[2015.11.15-14.24.56:177][105]LogModuleManager: Shutting down and abandoning module StreamingPauseRendering (129)
[2015.11.15-14.24.56:177][105]LogModuleManager: Shutting down and abandoning module AnalyticsET (128)
[2015.11.15-14.24.56:177][105]LogModuleManager: Shutting down and abandoning module Analytics (127)
[2015.11.15-14.24.56:177][105]LogModuleManager: Shutting down and abandoning module AITestSuite (126)
[2015.11.15-14.24.56:177][105]LogModuleManager: Shutting down and abandoning module GameplayDebugger (125)
[2015.11.15-14.24.56:177][105]LogModuleManager: Shutting down and abandoning module AIModule (124)
[2015.11.15-14.24.56:177][105]LogModuleManager: Shutting down and abandoning module ProfilerService (123)
[2015.11.15-14.24.56:220][105]LogModuleManager: Shutting down and abandoning module TaskGraph (122)
[2015.11.15-14.24.56:220][105]LogModuleManager: Shutting down and abandoning module SlateRemote (121)
[2015.11.15-14.24.56:220][105]LogModuleManager: Shutting down and abandoning module SteamVRController (120)
[2015.11.15-14.24.56:220][105]LogModuleManager: Shutting down and abandoning module SteamVR (119)
[2015.11.15-14.24.56:220][105]LogModuleManager: Shutting down and abandoning module ProceduralMeshComponent (118)
[2015.11.15-14.24.56:220][105]LogModuleManager: Shutting down and abandoning module OculusLibrary (117)
[2015.11.15-14.24.56:220][105]LogModuleManager: Shutting down and abandoning module OculusInput (116)
[2015.11.15-14.24.56:220][105]LogModuleManager: Shutting down and abandoning module LeapMotionController (115)
[2015.11.15-14.24.56:229][105]LogModuleManager: Shutting down and abandoning module CustomMeshComponent (114)
[2015.11.15-14.24.56:229][105]LogModuleManager: Shutting down and abandoning module CableComponent (113)
[2015.11.15-14.24.56:229][105]LogModuleManager: Shutting down and abandoning module ArchVisCharacter (112)
[2015.11.15-14.24.56:229][105]LogModuleManager: Shutting down and abandoning module MessagingDebugger (111)
[2015.11.15-14.24.56:229][105]LogModuleManager: Shutting down and abandoning module MediaPlayerEditor (110)
[2015.11.15-14.24.56:229][105]LogModuleManager: Shutting down and abandoning module HTML5Networking (109)
[2015.11.15-14.24.56:229][105]LogModuleManager: Shutting down and abandoning module SpeedTreeImporter (108)
[2015.11.15-14.24.56:229][105]LogModuleManager: Shutting down and abandoning module PluginBrowser (107)
[2015.11.15-14.24.56:229][105]LogModuleManager: Shutting down and abandoning module EpicSurvey (106)
[2015.11.15-14.24.56:229][105]LogModuleManager: Shutting down and abandoning module DesktopPlatform (105)
[2015.11.15-14.24.56:229][105]LogModuleManager: Shutting down and abandoning module VisualStudioSourceCodeAccess (104)
[2015.11.15-14.24.56:229][105]LogModuleManager: Shutting down and abandoning module UObjectPlugin (103)
[2015.11.15-14.24.56:229][105]LogModuleManager: Shutting down and abandoning module SubversionSourceControl (102)
[2015.11.15-14.24.56:229][105]LogModuleManager: Shutting down and abandoning module PerforceSourceControl (101)
[2015.11.15-14.24.56:229][105]LogModuleManager: Shutting down and abandoning module SourceControl (100)
[2015.11.15-14.24.56:229][105]LogModuleManager: Shutting down and abandoning module GitSourceControl (99)
[2015.11.15-14.24.56:229][105]LogModuleManager: Shutting down and abandoning module LightPropagationVolumeEditor (98)
[2015.11.15-14.24.56:229][105]LogModuleManager: Shutting down and abandoning module PaperTiledImporter (97)
[2015.11.15-14.24.56:229][105]LogModuleManager: Shutting down and abandoning module PaperSpriteSheetImporter (96)
[2015.11.15-14.24.56:229][105]LogModuleManager: Shutting down and abandoning module MeshPaint (95)
[2015.11.15-14.24.56:229][105]LogModuleManager: Shutting down and abandoning module SlateReflector (94)
[2015.11.15-14.24.56:229][105]LogModuleManager: Shutting down and abandoning module HotReload (93)
[2015.11.15-14.24.56:229][105]LogModuleManager: Shutting down and abandoning module MainFrame (92)
[2015.11.15-14.24.56:230][105]LogModuleManager: Shutting down and abandoning module LevelEditor (91)
[2015.11.15-14.24.56:230][105]LogModuleManager: Shutting down and abandoning module DirectoryWatcher (90)
[2015.11.15-14.24.56:231][105]LogModuleManager: Shutting down and abandoning module AssetRegistry (89)
[2015.11.15-14.24.56:287][105]LogModuleManager: Shutting down and abandoning module ContentBrowser (88)
[2015.11.15-14.24.56:289][105]LogModuleManager: Shutting down and abandoning module Paper2DEditor (87)
[2015.11.15-14.24.56:289][105]LogModuleManager: Shutting down and abandoning module UdpMessaging (86)
[2015.11.15-14.24.56:389][105]LogModuleManager: Shutting down and abandoning module LightPropagationVolumeRuntime (85)
[2015.11.15-14.24.56:389][105]LogModuleManager: Shutting down and abandoning module Paper2D (84)
[2015.11.15-14.24.56:389][105]LogModuleManager: Shutting down and abandoning module WindowsMoviePlayer (83)
[2015.11.15-14.24.56:393][105]LogModuleManager: Shutting down and abandoning module Media (82)
[2015.11.15-14.24.56:393][105]LogModuleManager: Shutting down and abandoning module WmfMedia (81)
[2015.11.15-14.24.56:393][105]LogModuleManager: Shutting down and abandoning module OnlineBlueprintSupport (80)
[2015.11.15-14.24.56:393][105]LogModuleManager: Shutting down and abandoning module GameplayTasksEditor (79)
[2015.11.15-14.24.56:393][105]LogModuleManager: Shutting down and abandoning module PropertyEditor (78)
[2015.11.15-14.24.56:393][105]LogModuleManager: Shutting down and abandoning module BehaviorTreeEditor (77)
[2015.11.15-14.24.56:393][105]LogModuleManager: Shutting down and abandoning module FunctionalTesting (76)
[2015.11.15-14.24.56:393][105]LogModuleManager: Shutting down and abandoning module CollisionAnalyzer (75)
[2015.11.15-14.24.56:393][105]LogModuleManager: Shutting down and abandoning module WorkspaceMenuStructure (74)
[2015.11.15-14.24.56:393][105]LogModuleManager: Shutting down and abandoning module MessageLog (73)
[2015.11.15-14.24.56:393][105]LogModuleManager: Shutting down and abandoning module Sequencer (72)
[2015.11.15-14.24.56:393][105]LogModuleManager: Shutting down and abandoning module AssetTools (71)
[2015.11.15-14.24.56:393][105]LogModuleManager: Shutting down and abandoning module UMGEditor (70)
[2015.11.15-14.24.56:394][105]LogModuleManager: Shutting down and abandoning module UMG (69)
[2015.11.15-14.24.56:394][105]LogModuleManager: Shutting down and abandoning module Slate (68)
[2015.11.15-14.24.56:394][105]LogModuleManager: Shutting down and abandoning module EditorStyle (67)
[2015.11.15-14.24.56:396][105]LogModuleManager: Shutting down and abandoning module SessionServices (66)
[2015.11.15-14.24.56:396][105]LogModuleManager: Shutting down and abandoning module SourceCodeAccess (65)
[2015.11.15-14.24.56:396][105]LogModuleManager: Shutting down and abandoning module HeadMountedDisplay (64)
[2015.11.15-14.24.56:396][105]LogModuleManager: Shutting down and abandoning module XAudio2 (63)
[2015.11.15-14.24.56:396][105]LogModuleManager: Shutting down and abandoning module Networking (61)
[2015.11.15-14.24.56:396][105]LogModuleManager: Shutting down and abandoning module Core (60)
[2015.11.15-14.24.56:396][105]LogModuleManager: Shutting down and abandoning module KismetCompiler (59)
[2015.11.15-14.24.56:396][105]LogModuleManager: Shutting down and abandoning module PhysXFormats (58)
[2015.11.15-14.24.56:396][105]LogModuleManager: Shutting down and abandoning module MeshUtilities (57)
[2015.11.15-14.24.56:396][105]LogModuleManager: Shutting down and abandoning module DerivedDataCache (56)
[2015.11.15-14.24.56:814][105]LogDerivedDataCache: Shutdown
[2015.11.15-14.24.56:814][105]LogModuleManager: Shutting down and abandoning module ShaderFormatOpenGL (55)
[2015.11.15-14.24.56:814][105]LogModuleManager: Shutting down and abandoning module ShaderFormatD3D (54)
[2015.11.15-14.24.56:814][105]LogModuleManager: Shutting down and abandoning module MetalShaderFormat (53)
[2015.11.15-14.24.56:814][105]LogModuleManager: Shutting down and abandoning module TextureFormatUncompressed (52)
[2015.11.15-14.24.56:814][105]LogModuleManager: Shutting down and abandoning module TextureFormatPVR (51)
[2015.11.15-14.24.56:814][105]LogModuleManager: Shutting down and abandoning module TextureFormatIntelISPCTexComp (50)
[2015.11.15-14.24.56:814][105]LogModuleManager: Shutting down and abandoning module TextureFormatDXT (49)
[2015.11.15-14.24.56:814][105]LogModuleManager: Shutting down and abandoning module ImageWrapper (48)
[2015.11.15-14.24.56:814][105]LogModuleManager: Shutting down and abandoning module TextureFormatASTC (47)
[2015.11.15-14.24.56:814][105]LogModuleManager: Shutting down and abandoning module TextureFormatAndroid (46)
[2015.11.15-14.24.56:814][105]LogModuleManager: Shutting down and abandoning module AudioFormatOpus (45)
[2015.11.15-14.24.56:814][105]LogModuleManager: Shutting down and abandoning module AudioFormatOgg (44)
[2015.11.15-14.24.56:814][105]LogModuleManager: Shutting down and abandoning module AudioFormatADPCM (43)
[2015.11.15-14.24.56:814][105]LogModuleManager: Shutting down and abandoning module LinuxTargetPlatform (42)
[2015.11.15-14.24.56:814][105]LogModuleManager: Shutting down and abandoning module LinuxServerTargetPlatform (41)
[2015.11.15-14.24.56:814][105]LogModuleManager: Shutting down and abandoning module LinuxNoEditorTargetPlatform (40)
[2015.11.15-14.24.56:814][105]LogModuleManager: Shutting down and abandoning module Messaging (39)
[2015.11.15-14.24.56:814][105]LogModuleManager: Shutting down and abandoning module IOSTargetPlatform (38)
[2015.11.15-14.24.56:814][105]LogModuleManager: Shutting down and abandoning module HTML5TargetPlatform (37)
[2015.11.15-14.24.56:815][105]LogModuleManager: Shutting down and abandoning module Android_PVRTCTargetPlatform (36)
[2015.11.15-14.24.56:815][105]LogModuleManager: Shutting down and abandoning module Android_MultiTargetPlatform (35)
[2015.11.15-14.24.56:815][105]LogModuleManager: Shutting down and abandoning module Android_ETC2TargetPlatform (34)
[2015.11.15-14.24.56:815][105]LogModuleManager: Shutting down and abandoning module Android_ETC1TargetPlatform (33)
[2015.11.15-14.24.56:815][105]LogModuleManager: Shutting down and abandoning module Android_DXTTargetPlatform (32)
[2015.11.15-14.24.56:815][105]LogModuleManager: Shutting down and abandoning module Android_ATCTargetPlatform (31)
[2015.11.15-14.24.56:815][105]LogModuleManager: Shutting down and abandoning module Android_ASTCTargetPlatform (30)
[2015.11.15-14.24.56:815][105]LogModuleManager: Shutting down and abandoning module AndroidTargetPlatform (29)
[2015.11.15-14.24.56:815][105]LogModuleManager: Shutting down and abandoning module WindowsTargetPlatform (28)
[2015.11.15-14.24.56:815][105]LogModuleManager: Shutting down and abandoning module WindowsServerTargetPlatform (27)
[2015.11.15-14.24.56:815][105]LogModuleManager: Shutting down and abandoning module WindowsNoEditorTargetPlatform (26)
[2015.11.15-14.24.56:815][105]LogModuleManager: Shutting down and abandoning module WindowsClientTargetPlatform (25)
[2015.11.15-14.24.56:815][105]LogModuleManager: Shutting down and abandoning module AllDesktopTargetPlatform (24)
[2015.11.15-14.24.56:815][105]LogModuleManager: Shutting down and abandoning module TargetPlatform (23)
[2015.11.15-14.24.56:815][105]LogModuleManager: Shutting down and abandoning module InputCore (22)
[2015.11.15-14.24.56:815][105]LogModuleManager: Shutting down and abandoning module Settings (21)
[2015.11.15-14.24.56:815][105]LogModuleManager: Shutting down and abandoning module OnlineSubsystem (19)
[2015.11.15-14.24.56:815][105]LogModuleManager: Shutting down and abandoning module HTTP (18)
[2015.11.15-14.24.58:815][105]LogModuleManager: Shutting down and abandoning module XMPP (17)
[2015.11.15-14.24.58:815][105]LogModuleManager: Shutting down and abandoning module OculusRift (16)
[2015.11.15-14.24.58:815][105]LogModuleManager: Shutting down and abandoning module ExampleDeviceProfileSelector (15)
[2015.11.15-14.24.58:815][105]LogModuleManager: Shutting down and abandoning module TextureCompressor (14)
[2015.11.15-14.24.58:815][105]LogModuleManager: Shutting down and abandoning module ShaderCore (13)
[2015.11.15-14.24.58:815][105]LogModuleManager: Shutting down and abandoning module Landscape (12)
[2015.11.15-14.24.58:815][105]LogModuleManager: Shutting down and abandoning module SlateRHIRenderer (11)
[2015.11.15-14.24.58:816][105]LogModuleManager: Shutting down and abandoning module OpenGLDrv (10)
[2015.11.15-14.24.58:816][105]LogModuleManager: Shutting down and abandoning module D3D11RHI (9)
[2015.11.15-14.24.58:816][105]LogModuleManager: Shutting down and abandoning module AnimGraphRuntime (8)
[2015.11.15-14.24.58:816][105]LogModuleManager: Shutting down and abandoning module Renderer (7)
[2015.11.15-14.24.58:816][105]LogModuleManager: Shutting down and abandoning module Engine (6)
[2015.11.15-14.24.58:816][105]LogModuleManager: Shutting down and abandoning module CoreUObject (5)
[2015.11.15-14.24.58:816][105]LogModuleManager: Shutting down and abandoning module NetworkFile (4)
[2015.11.15-14.24.58:816][105]LogModuleManager: Shutting down and abandoning module StreamingFile (3)
[2015.11.15-14.24.58:816][105]LogModuleManager: Shutting down and abandoning module SandboxFile (2)
[2015.11.15-14.24.58:816][105]LogModuleManager: Shutting down and abandoning module PakFile (1)
[2015.11.15-14.24.58:817][105]LogExit: Exiting.
[2015.11.15-14.24.58:818][105]Log file closed, 11/15/15 15:24:58
